CRITICAL - 2023-06-09 05:46:55 --> Illegal offset type in isset or empty
in APPPATH\Controllers\Timesheet.php on line 292.
 1 SYSTEMPATH\CodeIgniter.php(934): App\Controllers\Timesheet->ajaxValidation_task()
 2 SYSTEMPATH\CodeIgniter.php(499): CodeIgniter\CodeIgniter->runController(Object(App\Controllers\Timesheet))
 3 SYSTEMPATH\CodeIgniter.php(368): CodeIgniter\CodeIgniter->handleRequest(null, Object(Config\Cache), false)
 4 FCPATH\index.php(75): CodeIgniter\CodeIgniter->run()
CRITICAL - 2023-06-09 05:46:59 --> Illegal offset type in isset or empty
in APPPATH\Controllers\Timesheet.php on line 292.
 1 SYSTEMPATH\CodeIgniter.php(934): App\Controllers\Timesheet->ajaxValidation_task()
 2 SYSTEMPATH\CodeIgniter.php(499): CodeIgniter\CodeIgniter->runController(Object(App\Controllers\Timesheet))
 3 SYSTEMPATH\CodeIgniter.php(368): CodeIgniter\CodeIgniter->handleRequest(null, Object(Config\Cache), false)
 4 FCPATH\index.php(75): CodeIgniter\CodeIgniter->run()
CRITICAL - 2023-06-09 05:50:03 --> Illegal offset type in isset or empty
in APPPATH\Controllers\Timesheet.php on line 292.
 1 SYSTEMPATH\CodeIgniter.php(934): App\Controllers\Timesheet->ajaxValidation_task()
 2 SYSTEMPATH\CodeIgniter.php(499): CodeIgniter\CodeIgniter->runController(Object(App\Controllers\Timesheet))
 3 SYSTEMPATH\CodeIgniter.php(368): CodeIgniter\CodeIgniter->handleRequest(null, Object(Config\Cache), false)
 4 FCPATH\index.php(75): CodeIgniter\CodeIgniter->run()
CRITICAL - 2023-06-09 12:22:40 --> syntax error, unexpected token "if"
in APPPATH\Controllers\Timesheet.php on line 88.
 1 SYSTEMPATH\Autoloader\Autoloader.php(289): CodeIgniter\Autoloader\Autoloader->includeFile('APPPATH\\Controllers\\Timesheet.php')
 2 SYSTEMPATH\Autoloader\Autoloader.php(267): CodeIgniter\Autoloader\Autoloader->loadInNamespace('App\\Controllers\\Timesheet')
 3 [internal function]: CodeIgniter\Autoloader\Autoloader->loadClass('App\\Controllers\\Timesheet')
 4 SYSTEMPATH\CodeIgniter.php(892): class_exists('\\App\\Controllers\\Timesheet', true)
 5 SYSTEMPATH\CodeIgniter.php(486): CodeIgniter\CodeIgniter->startController()
 6 SYSTEMPATH\CodeIgniter.php(368): CodeIgniter\CodeIgniter->handleRequest(null, Object(Config\Cache), false)
 7 FCPATH\index.php(75): CodeIgniter\CodeIgniter->run()
