CRITICAL - 2023-05-30 08:45:23 --> Invalid file: "/admin_dashboard.php"
in SYSTEMPATH\Exceptions\FrameworkException.php on line 33.
 1 SYSTEMPATH\View\View.php(201): CodeIgniter\Exceptions\FrameworkException::forInvalidFile('/admin_dashboard.php')
 2 SYSTEMPATH\Common.php(1184): CodeIgniter\View\View->render('/admin_dashboard', [], true)
 3 APPPATH\Controllers\AdminController.php(68): view('/admin_dashboard', [...])
 4 SYSTEMPATH\CodeIgniter.php(934): App\Controllers\AdminController->index()
 5 SYSTEMPATH\CodeIgniter.php(499): CodeIgniter\CodeIgniter->runController(Object(App\Controllers\AdminController))
 6 SYSTEMPATH\CodeIgniter.php(368): CodeIgniter\CodeIgniter->handleRequest(null, Object(Config\Cache), false)
 7 FCPATH\index.php(75): CodeIgniter\CodeIgniter->run()
CRITICAL - 2023-05-30 08:53:53 --> Undefined variable $project
in APPPATH\Views\admin_dashboard.php on line 94.
 1 APPPATH\Views\admin_dashboard.php(94): CodeIgniter\Debug\Exceptions->errorHandler(2, 'Undefined variable $project', 'APPPATH\\Views\\admin_dashboard.php', 94)
 2 SYSTEMPATH\View\View.php(213): include('APPPATH\\Views\\admin_dashboard.php')
 3 SYSTEMPATH\View\View.php(216): CodeIgniter\View\View->CodeIgniter\View\{closure}()
 4 SYSTEMPATH\Common.php(1184): CodeIgniter\View\View->render('/admin_dashboard', [], true)
 5 APPPATH\Controllers\AdminController.php(68): view('/admin_dashboard', [...])
 6 SYSTEMPATH\CodeIgniter.php(934): App\Controllers\AdminController->index()
 7 SYSTEMPATH\CodeIgniter.php(499): CodeIgniter\CodeIgniter->runController(Object(App\Controllers\AdminController))
 8 SYSTEMPATH\CodeIgniter.php(368): CodeIgniter\CodeIgniter->handleRequest(null, Object(Config\Cache), false)
 9 FCPATH\index.php(75): CodeIgniter\CodeIgniter->run()
