ERROR - 2023-05-08 11:46:57 --> Email: sendWithSmtp throwed ErrorException: fsockopen(): php_network_getaddresses: getaddrinfo for smtp.googlemail.com failed: No such host is known.  in C:\xampp\htdocs\timesheet\vendor\codeigniter4\framework\system\Email\Email.php:1863
Stack trace:
#0 [internal function]: CodeIgniter\Debug\Exceptions->errorHandler(2, 'fsockopen(): ph...', 'C:\\xampp\\htdocs...', 1863)
#1 C:\xampp\htdocs\timesheet\vendor\codeigniter4\framework\system\Email\Email.php(1863): fsockopen('tls://smtp.goog...', 465, NULL, NULL, 60)
#2 C:\xampp\htdocs\timesheet\vendor\codeigniter4\framework\system\Email\Email.php(1782): CodeIgniter\Email\Email->SMTPConnect()
#3 C:\xampp\htdocs\timesheet\vendor\codeigniter4\framework\system\Email\Email.php(1667): CodeIgniter\Email\Email->sendWithSmtp()
#4 C:\xampp\htdocs\timesheet\vendor\codeigniter4\framework\system\Email\Email.php(1565): CodeIgniter\Email\Email->spoolEmail()
#5 C:\xampp\htdocs\timesheet\app\Controllers\FormController.php(195): CodeIgniter\Email\Email->send()
#6 C:\xampp\htdocs\timesheet\vendor\codeigniter4\framework\system\CodeIgniter.php(934): App\Controllers\FormController->recoverpassword()
#7 C:\xampp\htdocs\timesheet\vendor\codeigniter4\framework\system\CodeIgniter.php(499): CodeIgniter\CodeIgniter->runController(Object(App\Controllers\FormController))
#8 C:\xampp\htdocs\timesheet\vendor\codeigniter4\framework\system\CodeIgniter.php(368): CodeIgniter\CodeIgniter->handleRequest(NULL, Object(Config\Cache), false)
#9 C:\xampp\htdocs\timesheet\index.php(76): CodeIgniter\CodeIgniter->run()
#10 {main}
ERROR - 2023-05-08 11:46:57 --> Email: Unable to send email using SMTP. Your server might not be configured to send mail using this method.
ERROR - 2023-05-08 11:46:57 --> 
CRITICAL - 2023-05-08 09:13:01 --> Invalid file: "timeshee.php"
in SYSTEMPATH\Exceptions\FrameworkException.php on line 33.
 1 SYSTEMPATH\View\View.php(201): CodeIgniter\Exceptions\FrameworkException::forInvalidFile('timeshee.php')
 2 SYSTEMPATH\Common.php(1184): CodeIgniter\View\View->render('timeshee', [], true)
 3 APPPATH\Controllers\Timesheet.php(22): view('timeshee')
 4 SYSTEMPATH\CodeIgniter.php(934): App\Controllers\Timesheet->index()
 5 SYSTEMPATH\CodeIgniter.php(499): CodeIgniter\CodeIgniter->runController(Object(App\Controllers\Timesheet))
 6 SYSTEMPATH\CodeIgniter.php(368): CodeIgniter\CodeIgniter->handleRequest(null, Object(Config\Cache), false)
 7 FCPATH\index.php(76): CodeIgniter\CodeIgniter->run()
CRITICAL - 2023-05-08 09:26:13 --> Undefined array key "logged"
in APPPATH\Views\user_dashboard.php on line 219.
 1 APPPATH\Views\user_dashboard.php(219): CodeIgniter\Debug\Exceptions->errorHandler(2, 'Undefined array key "logged"', 'APPPATH\\Views\\user_dashboard.php', 219)
 2 SYSTEMPATH\View\View.php(213): include('APPPATH\\Views\\user_dashboard.php')
 3 SYSTEMPATH\View\View.php(216): CodeIgniter\View\View->CodeIgniter\View\{closure}()
 4 SYSTEMPATH\Common.php(1184): CodeIgniter\View\View->render('/user_dashboard', [], true)
 5 APPPATH\Controllers\EmpController.php(18): view('/user_dashboard')
 6 SYSTEMPATH\CodeIgniter.php(934): App\Controllers\EmpController->index()
 7 SYSTEMPATH\CodeIgniter.php(499): CodeIgniter\CodeIgniter->runController(Object(App\Controllers\EmpController))
 8 SYSTEMPATH\CodeIgniter.php(368): CodeIgniter\CodeIgniter->handleRequest(null, Object(Config\Cache), false)
 9 FCPATH\index.php(76): CodeIgniter\CodeIgniter->run()
CRITICAL - 2023-05-08 09:48:47 --> Undefined variable $project
in APPPATH\Views\timesheet.php on line 106.
 1 APPPATH\Views\timesheet.php(106): CodeIgniter\Debug\Exceptions->errorHandler(2, 'Undefined variable $project', 'APPPATH\\Views\\timesheet.php', 106)
 2 SYSTEMPATH\View\View.php(213): include('APPPATH\\Views\\timesheet.php')
 3 SYSTEMPATH\View\View.php(216): CodeIgniter\View\View->CodeIgniter\View\{closure}()
 4 SYSTEMPATH\Common.php(1184): CodeIgniter\View\View->render('timesheet', [], true)
 5 APPPATH\Controllers\Timesheet.php(22): view('timesheet')
 6 SYSTEMPATH\CodeIgniter.php(934): App\Controllers\Timesheet->index()
 7 SYSTEMPATH\CodeIgniter.php(499): CodeIgniter\CodeIgniter->runController(Object(App\Controllers\Timesheet))
 8 SYSTEMPATH\CodeIgniter.php(368): CodeIgniter\CodeIgniter->handleRequest(null, Object(Config\Cache), false)
 9 FCPATH\index.php(76): CodeIgniter\CodeIgniter->run()
CRITICAL - 2023-05-08 09:49:22 --> Undefined variable $data
in APPPATH\Views\timesheet.php on line 106.
 1 APPPATH\Views\timesheet.php(106): CodeIgniter\Debug\Exceptions->errorHandler(2, 'Undefined variable $data', 'APPPATH\\Views\\timesheet.php', 106)
 2 SYSTEMPATH\View\View.php(213): include('APPPATH\\Views\\timesheet.php')
 3 SYSTEMPATH\View\View.php(216): CodeIgniter\View\View->CodeIgniter\View\{closure}()
 4 SYSTEMPATH\Common.php(1184): CodeIgniter\View\View->render('timesheet', [], true)
 5 APPPATH\Controllers\Timesheet.php(22): view('timesheet')
 6 SYSTEMPATH\CodeIgniter.php(934): App\Controllers\Timesheet->index()
 7 SYSTEMPATH\CodeIgniter.php(499): CodeIgniter\CodeIgniter->runController(Object(App\Controllers\Timesheet))
 8 SYSTEMPATH\CodeIgniter.php(368): CodeIgniter\CodeIgniter->handleRequest(null, Object(Config\Cache), false)
 9 FCPATH\index.php(76): CodeIgniter\CodeIgniter->run()
CRITICAL - 2023-05-08 09:50:22 --> Undefined variable $projects
in APPPATH\Views\timesheet.php on line 110.
 1 APPPATH\Views\timesheet.php(110): CodeIgniter\Debug\Exceptions->errorHandler(2, 'Undefined variable $projects', 'APPPATH\\Views\\timesheet.php', 110)
 2 SYSTEMPATH\View\View.php(213): include('APPPATH\\Views\\timesheet.php')
 3 SYSTEMPATH\View\View.php(216): CodeIgniter\View\View->CodeIgniter\View\{closure}()
 4 SYSTEMPATH\Common.php(1184): CodeIgniter\View\View->render('timesheet', [], true)
 5 APPPATH\Controllers\Timesheet.php(22): view('timesheet')
 6 SYSTEMPATH\CodeIgniter.php(934): App\Controllers\Timesheet->index()
 7 SYSTEMPATH\CodeIgniter.php(499): CodeIgniter\CodeIgniter->runController(Object(App\Controllers\Timesheet))
 8 SYSTEMPATH\CodeIgniter.php(368): CodeIgniter\CodeIgniter->handleRequest(null, Object(Config\Cache), false)
 9 FCPATH\index.php(76): CodeIgniter\CodeIgniter->run()
