CRITICAL - 2023-05-10 10:32:49 --> Undefined array key "id"
in APPPATH\Controllers\FormController.php on line 177.
 1 APPPATH\Controllers\FormController.php(177): CodeIgniter\Debug\Exceptions->errorHandler(2, 'Undefined array key "id"', 'APPPATH\\Controllers\\FormController.php', 177)
 2 SYSTEMPATH\CodeIgniter.php(934): App\Controllers\FormController->recoverpassword()
 3 SYSTEMPATH\CodeIgniter.php(499): CodeIgniter\CodeIgniter->runController(Object(App\Controllers\FormController))
 4 SYSTEMPATH\CodeIgniter.php(368): CodeIgniter\CodeIgniter->handleRequest(null, Object(Config\Cache), false)
 5 FCPATH\index.php(76): CodeIgniter\CodeIgniter->run()
CRITICAL - 2023-05-10 10:36:51 --> Undefined array key "id"
in APPPATH\Controllers\FormController.php on line 177.
 1 APPPATH\Controllers\FormController.php(177): CodeIgniter\Debug\Exceptions->errorHandler(2, 'Undefined array key "id"', 'APPPATH\\Controllers\\FormController.php', 177)
 2 SYSTEMPATH\CodeIgniter.php(934): App\Controllers\FormController->recoverpassword()
 3 SYSTEMPATH\CodeIgniter.php(499): CodeIgniter\CodeIgniter->runController(Object(App\Controllers\FormController))
 4 SYSTEMPATH\CodeIgniter.php(368): CodeIgniter\CodeIgniter->handleRequest(null, Object(Config\Cache), false)
 5 FCPATH\index.php(76): CodeIgniter\CodeIgniter->run()
ERROR - 2023-05-10 10:42:56 --> mysqli_sql_exception: Unknown column 'id' in 'where clause' in C:\xampp\htdocs\timesheet\vendor\codeigniter4\framework\system\Database\MySQLi\Connection.php:295
Stack trace:
#0 C:\xampp\htdocs\timesheet\vendor\codeigniter4\framework\system\Database\MySQLi\Connection.php(295): mysqli->query('UPDATE `employe...', 0)
#1 C:\xampp\htdocs\timesheet\vendor\codeigniter4\framework\system\Database\BaseConnection.php(691): CodeIgniter\Database\MySQLi\Connection->execute('UPDATE `employe...')
#2 C:\xampp\htdocs\timesheet\vendor\codeigniter4\framework\system\Database\BaseConnection.php(605): CodeIgniter\Database\BaseConnection->simpleQuery('UPDATE `employe...')
#3 C:\xampp\htdocs\timesheet\vendor\codeigniter4\framework\system\Database\BaseBuilder.php(2476): CodeIgniter\Database\BaseConnection->query('UPDATE `employe...', Array, false)
#4 C:\xampp\htdocs\timesheet\app\Models\CompanyModel.php(23): CodeIgniter\Database\BaseBuilder->update()
#5 C:\xampp\htdocs\timesheet\app\Controllers\FormController.php(178): App\Models\CompanyModel->updateotp('1', Array, Array)
#6 C:\xampp\htdocs\timesheet\vendor\codeigniter4\framework\system\CodeIgniter.php(934): App\Controllers\FormController->recoverpassword()
#7 C:\xampp\htdocs\timesheet\vendor\codeigniter4\framework\system\CodeIgniter.php(499): CodeIgniter\CodeIgniter->runController(Object(App\Controllers\FormController))
#8 C:\xampp\htdocs\timesheet\vendor\codeigniter4\framework\system\CodeIgniter.php(368): CodeIgniter\CodeIgniter->handleRequest(NULL, Object(Config\Cache), false)
#9 C:\xampp\htdocs\timesheet\index.php(76): CodeIgniter\CodeIgniter->run()
#10 {main}
CRITICAL - 2023-05-10 10:42:56 --> Unknown column 'id' in 'where clause'
in SYSTEMPATH\Database\BaseConnection.php on line 645.
 1 SYSTEMPATH\Database\BaseBuilder.php(2476): CodeIgniter\Database\BaseConnection->query('UPDATE `employee` SET `otp` = :otp:
WHERE `id` = :id:', [...], false)
 2 APPPATH\Models\CompanyModel.php(23): CodeIgniter\Database\BaseBuilder->update()
 3 APPPATH\Controllers\FormController.php(178): App\Models\CompanyModel->updateotp('1', [...], [...])
 4 SYSTEMPATH\CodeIgniter.php(934): App\Controllers\FormController->recoverpassword()
 5 SYSTEMPATH\CodeIgniter.php(499): CodeIgniter\CodeIgniter->runController(Object(App\Controllers\FormController))
 6 SYSTEMPATH\CodeIgniter.php(368): CodeIgniter\CodeIgniter->handleRequest(null, Object(Config\Cache), false)
 7 FCPATH\index.php(76): CodeIgniter\CodeIgniter->run()
ERROR - 2023-05-10 10:43:26 --> mysqli_sql_exception: Unknown column 'id' in 'where clause' in C:\xampp\htdocs\timesheet\vendor\codeigniter4\framework\system\Database\MySQLi\Connection.php:295
Stack trace:
#0 C:\xampp\htdocs\timesheet\vendor\codeigniter4\framework\system\Database\MySQLi\Connection.php(295): mysqli->query('UPDATE `employe...', 0)
#1 C:\xampp\htdocs\timesheet\vendor\codeigniter4\framework\system\Database\BaseConnection.php(691): CodeIgniter\Database\MySQLi\Connection->execute('UPDATE `employe...')
#2 C:\xampp\htdocs\timesheet\vendor\codeigniter4\framework\system\Database\BaseConnection.php(605): CodeIgniter\Database\BaseConnection->simpleQuery('UPDATE `employe...')
#3 C:\xampp\htdocs\timesheet\vendor\codeigniter4\framework\system\Database\BaseBuilder.php(2476): CodeIgniter\Database\BaseConnection->query('UPDATE `employe...', Array, false)
#4 C:\xampp\htdocs\timesheet\app\Models\CompanyModel.php(23): CodeIgniter\Database\BaseBuilder->update()
#5 C:\xampp\htdocs\timesheet\app\Controllers\FormController.php(178): App\Models\CompanyModel->updateotp('1', Array, Array)
#6 C:\xampp\htdocs\timesheet\vendor\codeigniter4\framework\system\CodeIgniter.php(934): App\Controllers\FormController->recoverpassword()
#7 C:\xampp\htdocs\timesheet\vendor\codeigniter4\framework\system\CodeIgniter.php(499): CodeIgniter\CodeIgniter->runController(Object(App\Controllers\FormController))
#8 C:\xampp\htdocs\timesheet\vendor\codeigniter4\framework\system\CodeIgniter.php(368): CodeIgniter\CodeIgniter->handleRequest(NULL, Object(Config\Cache), false)
#9 C:\xampp\htdocs\timesheet\index.php(76): CodeIgniter\CodeIgniter->run()
#10 {main}
CRITICAL - 2023-05-10 10:43:26 --> Unknown column 'id' in 'where clause'
in SYSTEMPATH\Database\BaseConnection.php on line 645.
 1 SYSTEMPATH\Database\BaseBuilder.php(2476): CodeIgniter\Database\BaseConnection->query('UPDATE `employee` SET `otp` = :otp:
WHERE `id` = :id:', [...], false)
 2 APPPATH\Models\CompanyModel.php(23): CodeIgniter\Database\BaseBuilder->update()
 3 APPPATH\Controllers\FormController.php(178): App\Models\CompanyModel->updateotp('1', [...], [...])
 4 SYSTEMPATH\CodeIgniter.php(934): App\Controllers\FormController->recoverpassword()
 5 SYSTEMPATH\CodeIgniter.php(499): CodeIgniter\CodeIgniter->runController(Object(App\Controllers\FormController))
 6 SYSTEMPATH\CodeIgniter.php(368): CodeIgniter\CodeIgniter->handleRequest(null, Object(Config\Cache), false)
 7 FCPATH\index.php(76): CodeIgniter\CodeIgniter->run()
CRITICAL - 2023-05-10 05:16:55 --> Undefined array key "id"
in APPPATH\Controllers\FormController.php on line 47.
 1 APPPATH\Controllers\FormController.php(47): CodeIgniter\Debug\Exceptions->errorHandler(2, 'Undefined array key "id"', 'APPPATH\\Controllers\\FormController.php', 47)
 2 SYSTEMPATH\CodeIgniter.php(934): App\Controllers\FormController->loginAuth()
 3 SYSTEMPATH\CodeIgniter.php(499): CodeIgniter\CodeIgniter->runController(Object(App\Controllers\FormController))
 4 SYSTEMPATH\CodeIgniter.php(368): CodeIgniter\CodeIgniter->handleRequest(null, Object(Config\Cache), false)
 5 FCPATH\index.php(76): CodeIgniter\CodeIgniter->run()
ERROR - 2023-05-10 05:18:19 --> mysqli_sql_exception: Unknown column 'id' in 'where clause' in C:\xampp\htdocs\timesheet\vendor\codeigniter4\framework\system\Database\MySQLi\Connection.php:295
Stack trace:
#0 C:\xampp\htdocs\timesheet\vendor\codeigniter4\framework\system\Database\MySQLi\Connection.php(295): mysqli->query('SELECT *\nFROM `...', 0)
#1 C:\xampp\htdocs\timesheet\vendor\codeigniter4\framework\system\Database\BaseConnection.php(691): CodeIgniter\Database\MySQLi\Connection->execute('SELECT *\nFROM `...')
#2 C:\xampp\htdocs\timesheet\vendor\codeigniter4\framework\system\Database\BaseConnection.php(605): CodeIgniter\Database\BaseConnection->simpleQuery('SELECT *\nFROM `...')
#3 C:\xampp\htdocs\timesheet\vendor\codeigniter4\framework\system\Database\BaseBuilder.php(1616): CodeIgniter\Database\BaseConnection->query('SELECT *\nFROM `...', Array, false)
#4 C:\xampp\htdocs\timesheet\vendor\codeigniter4\framework\system\Model.php(268): CodeIgniter\Database\BaseBuilder->get()
#5 C:\xampp\htdocs\timesheet\vendor\codeigniter4\framework\system\BaseModel.php(656): CodeIgniter\Model->doFirst()
#6 C:\xampp\htdocs\timesheet\app\Controllers\FormController.php(93): CodeIgniter\BaseModel->first()
#7 C:\xampp\htdocs\timesheet\vendor\codeigniter4\framework\system\CodeIgniter.php(934): App\Controllers\FormController->change()
#8 C:\xampp\htdocs\timesheet\vendor\codeigniter4\framework\system\CodeIgniter.php(499): CodeIgniter\CodeIgniter->runController(Object(App\Controllers\FormController))
#9 C:\xampp\htdocs\timesheet\vendor\codeigniter4\framework\system\CodeIgniter.php(368): CodeIgniter\CodeIgniter->handleRequest(NULL, Object(Config\Cache), false)
#10 C:\xampp\htdocs\timesheet\index.php(76): CodeIgniter\CodeIgniter->run()
#11 {main}
CRITICAL - 2023-05-10 05:18:19 --> Unknown column 'id' in 'where clause'
in SYSTEMPATH\Database\BaseConnection.php on line 645.
 1 SYSTEMPATH\Database\BaseBuilder.php(1616): CodeIgniter\Database\BaseConnection->query('SELECT *
FROM `employee`
WHERE `id` IS NULL
 LIMIT 1', [], false)
 2 SYSTEMPATH\Model.php(268): CodeIgniter\Database\BaseBuilder->get()
 3 SYSTEMPATH\BaseModel.php(656): CodeIgniter\Model->doFirst()
 4 APPPATH\Controllers\FormController.php(93): CodeIgniter\BaseModel->first()
 5 SYSTEMPATH\CodeIgniter.php(934): App\Controllers\FormController->change()
 6 SYSTEMPATH\CodeIgniter.php(499): CodeIgniter\CodeIgniter->runController(Object(App\Controllers\FormController))
 7 SYSTEMPATH\CodeIgniter.php(368): CodeIgniter\CodeIgniter->handleRequest(null, Object(Config\Cache), false)
 8 FCPATH\index.php(76): CodeIgniter\CodeIgniter->run()
ERROR - 2023-05-10 05:49:06 --> mysqli_sql_exception: Unknown column 'employee.id' in 'where clause' in C:\xampp\htdocs\timesheet\vendor\codeigniter4\framework\system\Database\MySQLi\Connection.php:295
Stack trace:
#0 C:\xampp\htdocs\timesheet\vendor\codeigniter4\framework\system\Database\MySQLi\Connection.php(295): mysqli->query('UPDATE `employe...', 0)
#1 C:\xampp\htdocs\timesheet\vendor\codeigniter4\framework\system\Database\BaseConnection.php(691): CodeIgniter\Database\MySQLi\Connection->execute('UPDATE `employe...')
#2 C:\xampp\htdocs\timesheet\vendor\codeigniter4\framework\system\Database\BaseConnection.php(605): CodeIgniter\Database\BaseConnection->simpleQuery('UPDATE `employe...')
#3 C:\xampp\htdocs\timesheet\vendor\codeigniter4\framework\system\Database\BaseBuilder.php(2476): CodeIgniter\Database\BaseConnection->query('UPDATE `employe...', Array, false)
#4 C:\xampp\htdocs\timesheet\vendor\codeigniter4\framework\system\Model.php(396): CodeIgniter\Database\BaseBuilder->update()
#5 C:\xampp\htdocs\timesheet\vendor\codeigniter4\framework\system\BaseModel.php(943): CodeIgniter\Model->doUpdate(Array, Array)
#6 C:\xampp\htdocs\timesheet\vendor\codeigniter4\framework\system\Model.php(756): CodeIgniter\BaseModel->update(Array, Array)
#7 C:\xampp\htdocs\timesheet\app\Controllers\FormController.php(116): CodeIgniter\Model->update('1', Array)
#8 C:\xampp\htdocs\timesheet\vendor\codeigniter4\framework\system\CodeIgniter.php(934): App\Controllers\FormController->change()
#9 C:\xampp\htdocs\timesheet\vendor\codeigniter4\framework\system\CodeIgniter.php(499): CodeIgniter\CodeIgniter->runController(Object(App\Controllers\FormController))
#10 C:\xampp\htdocs\timesheet\vendor\codeigniter4\framework\system\CodeIgniter.php(368): CodeIgniter\CodeIgniter->handleRequest(NULL, Object(Config\Cache), false)
#11 C:\xampp\htdocs\timesheet\index.php(76): CodeIgniter\CodeIgniter->run()
#12 {main}
CRITICAL - 2023-05-10 05:49:06 --> Unknown column 'employee.id' in 'where clause'
in SYSTEMPATH\Database\BaseConnection.php on line 645.
 1 SYSTEMPATH\Database\BaseBuilder.php(2476): CodeIgniter\Database\BaseConnection->query('UPDATE `employee` SET `password` = :password:, `first_login` = :first_login:
WHERE `employee`.`id` IN :employee.id:', [...], false)
 2 SYSTEMPATH\Model.php(396): CodeIgniter\Database\BaseBuilder->update()
 3 SYSTEMPATH\BaseModel.php(943): CodeIgniter\Model->doUpdate([...], [...])
 4 SYSTEMPATH\Model.php(756): CodeIgniter\BaseModel->update([...], [...])
 5 APPPATH\Controllers\FormController.php(116): CodeIgniter\Model->update('1', [...])
 6 SYSTEMPATH\CodeIgniter.php(934): App\Controllers\FormController->change()
 7 SYSTEMPATH\CodeIgniter.php(499): CodeIgniter\CodeIgniter->runController(Object(App\Controllers\FormController))
 8 SYSTEMPATH\CodeIgniter.php(368): CodeIgniter\CodeIgniter->handleRequest(null, Object(Config\Cache), false)
 9 FCPATH\index.php(76): CodeIgniter\CodeIgniter->run()
ERROR - 2023-05-10 05:49:54 --> mysqli_sql_exception: Unknown column 'employee.id' in 'where clause' in C:\xampp\htdocs\timesheet\vendor\codeigniter4\framework\system\Database\MySQLi\Connection.php:295
Stack trace:
#0 C:\xampp\htdocs\timesheet\vendor\codeigniter4\framework\system\Database\MySQLi\Connection.php(295): mysqli->query('UPDATE `employe...', 0)
#1 C:\xampp\htdocs\timesheet\vendor\codeigniter4\framework\system\Database\BaseConnection.php(691): CodeIgniter\Database\MySQLi\Connection->execute('UPDATE `employe...')
#2 C:\xampp\htdocs\timesheet\vendor\codeigniter4\framework\system\Database\BaseConnection.php(605): CodeIgniter\Database\BaseConnection->simpleQuery('UPDATE `employe...')
#3 C:\xampp\htdocs\timesheet\vendor\codeigniter4\framework\system\Database\BaseBuilder.php(2476): CodeIgniter\Database\BaseConnection->query('UPDATE `employe...', Array, false)
#4 C:\xampp\htdocs\timesheet\vendor\codeigniter4\framework\system\Model.php(396): CodeIgniter\Database\BaseBuilder->update()
#5 C:\xampp\htdocs\timesheet\vendor\codeigniter4\framework\system\BaseModel.php(943): CodeIgniter\Model->doUpdate(Array, Array)
#6 C:\xampp\htdocs\timesheet\vendor\codeigniter4\framework\system\Model.php(756): CodeIgniter\BaseModel->update(Array, Array)
#7 C:\xampp\htdocs\timesheet\app\Controllers\FormController.php(116): CodeIgniter\Model->update('1', Array)
#8 C:\xampp\htdocs\timesheet\vendor\codeigniter4\framework\system\CodeIgniter.php(934): App\Controllers\FormController->change()
#9 C:\xampp\htdocs\timesheet\vendor\codeigniter4\framework\system\CodeIgniter.php(499): CodeIgniter\CodeIgniter->runController(Object(App\Controllers\FormController))
#10 C:\xampp\htdocs\timesheet\vendor\codeigniter4\framework\system\CodeIgniter.php(368): CodeIgniter\CodeIgniter->handleRequest(NULL, Object(Config\Cache), false)
#11 C:\xampp\htdocs\timesheet\index.php(76): CodeIgniter\CodeIgniter->run()
#12 {main}
CRITICAL - 2023-05-10 05:49:54 --> Unknown column 'employee.id' in 'where clause'
in SYSTEMPATH\Database\BaseConnection.php on line 645.
 1 SYSTEMPATH\Database\BaseBuilder.php(2476): CodeIgniter\Database\BaseConnection->query('UPDATE `employee` SET `password` = :password:, `first_login` = :first_login:
WHERE `employee`.`id` IN :employee.id:', [...], false)
 2 SYSTEMPATH\Model.php(396): CodeIgniter\Database\BaseBuilder->update()
 3 SYSTEMPATH\BaseModel.php(943): CodeIgniter\Model->doUpdate([...], [...])
 4 SYSTEMPATH\Model.php(756): CodeIgniter\BaseModel->update([...], [...])
 5 APPPATH\Controllers\FormController.php(116): CodeIgniter\Model->update('1', [...])
 6 SYSTEMPATH\CodeIgniter.php(934): App\Controllers\FormController->change()
 7 SYSTEMPATH\CodeIgniter.php(499): CodeIgniter\CodeIgniter->runController(Object(App\Controllers\FormController))
 8 SYSTEMPATH\CodeIgniter.php(368): CodeIgniter\CodeIgniter->handleRequest(null, Object(Config\Cache), false)
 9 FCPATH\index.php(76): CodeIgniter\CodeIgniter->run()
ERROR - 2023-05-10 05:52:02 --> mysqli_sql_exception: Unknown column 'employee.id' in 'where clause' in C:\xampp\htdocs\timesheet\vendor\codeigniter4\framework\system\Database\MySQLi\Connection.php:295
Stack trace:
#0 C:\xampp\htdocs\timesheet\vendor\codeigniter4\framework\system\Database\MySQLi\Connection.php(295): mysqli->query('UPDATE `employe...', 0)
#1 C:\xampp\htdocs\timesheet\vendor\codeigniter4\framework\system\Database\BaseConnection.php(691): CodeIgniter\Database\MySQLi\Connection->execute('UPDATE `employe...')
#2 C:\xampp\htdocs\timesheet\vendor\codeigniter4\framework\system\Database\BaseConnection.php(605): CodeIgniter\Database\BaseConnection->simpleQuery('UPDATE `employe...')
#3 C:\xampp\htdocs\timesheet\vendor\codeigniter4\framework\system\Database\BaseBuilder.php(2476): CodeIgniter\Database\BaseConnection->query('UPDATE `employe...', Array, false)
#4 C:\xampp\htdocs\timesheet\vendor\codeigniter4\framework\system\Model.php(396): CodeIgniter\Database\BaseBuilder->update()
#5 C:\xampp\htdocs\timesheet\vendor\codeigniter4\framework\system\BaseModel.php(943): CodeIgniter\Model->doUpdate(Array, Array)
#6 C:\xampp\htdocs\timesheet\vendor\codeigniter4\framework\system\Model.php(756): CodeIgniter\BaseModel->update(Array, Array)
#7 C:\xampp\htdocs\timesheet\app\Controllers\FormController.php(117): CodeIgniter\Model->update('1', Array)
#8 C:\xampp\htdocs\timesheet\vendor\codeigniter4\framework\system\CodeIgniter.php(934): App\Controllers\FormController->change()
#9 C:\xampp\htdocs\timesheet\vendor\codeigniter4\framework\system\CodeIgniter.php(499): CodeIgniter\CodeIgniter->runController(Object(App\Controllers\FormController))
#10 C:\xampp\htdocs\timesheet\vendor\codeigniter4\framework\system\CodeIgniter.php(368): CodeIgniter\CodeIgniter->handleRequest(NULL, Object(Config\Cache), false)
#11 C:\xampp\htdocs\timesheet\index.php(76): CodeIgniter\CodeIgniter->run()
#12 {main}
CRITICAL - 2023-05-10 05:52:02 --> Unknown column 'employee.id' in 'where clause'
in SYSTEMPATH\Database\BaseConnection.php on line 645.
 1 SYSTEMPATH\Database\BaseBuilder.php(2476): CodeIgniter\Database\BaseConnection->query('UPDATE `employee` SET `password` = :password:, `first_login` = :first_login:
WHERE `employee`.`id` IN :employee.id:', [...], false)
 2 SYSTEMPATH\Model.php(396): CodeIgniter\Database\BaseBuilder->update()
 3 SYSTEMPATH\BaseModel.php(943): CodeIgniter\Model->doUpdate([...], [...])
 4 SYSTEMPATH\Model.php(756): CodeIgniter\BaseModel->update([...], [...])
 5 APPPATH\Controllers\FormController.php(117): CodeIgniter\Model->update('1', [...])
 6 SYSTEMPATH\CodeIgniter.php(934): App\Controllers\FormController->change()
 7 SYSTEMPATH\CodeIgniter.php(499): CodeIgniter\CodeIgniter->runController(Object(App\Controllers\FormController))
 8 SYSTEMPATH\CodeIgniter.php(368): CodeIgniter\CodeIgniter->handleRequest(null, Object(Config\Cache), false)
 9 FCPATH\index.php(76): CodeIgniter\CodeIgniter->run()
ERROR - 2023-05-10 05:56:39 --> mysqli_sql_exception: Unknown column 'employee.id' in 'where clause' in C:\xampp\htdocs\timesheet\vendor\codeigniter4\framework\system\Database\MySQLi\Connection.php:295
Stack trace:
#0 C:\xampp\htdocs\timesheet\vendor\codeigniter4\framework\system\Database\MySQLi\Connection.php(295): mysqli->query('UPDATE `employe...', 0)
#1 C:\xampp\htdocs\timesheet\vendor\codeigniter4\framework\system\Database\BaseConnection.php(691): CodeIgniter\Database\MySQLi\Connection->execute('UPDATE `employe...')
#2 C:\xampp\htdocs\timesheet\vendor\codeigniter4\framework\system\Database\BaseConnection.php(605): CodeIgniter\Database\BaseConnection->simpleQuery('UPDATE `employe...')
#3 C:\xampp\htdocs\timesheet\vendor\codeigniter4\framework\system\Database\BaseBuilder.php(2476): CodeIgniter\Database\BaseConnection->query('UPDATE `employe...', Array, false)
#4 C:\xampp\htdocs\timesheet\vendor\codeigniter4\framework\system\Model.php(396): CodeIgniter\Database\BaseBuilder->update()
#5 C:\xampp\htdocs\timesheet\vendor\codeigniter4\framework\system\BaseModel.php(943): CodeIgniter\Model->doUpdate(Array, Array)
#6 C:\xampp\htdocs\timesheet\vendor\codeigniter4\framework\system\Model.php(756): CodeIgniter\BaseModel->update(Array, Array)
#7 C:\xampp\htdocs\timesheet\app\Controllers\FormController.php(117): CodeIgniter\Model->update('1', Array)
#8 C:\xampp\htdocs\timesheet\vendor\codeigniter4\framework\system\CodeIgniter.php(934): App\Controllers\FormController->change()
#9 C:\xampp\htdocs\timesheet\vendor\codeigniter4\framework\system\CodeIgniter.php(499): CodeIgniter\CodeIgniter->runController(Object(App\Controllers\FormController))
#10 C:\xampp\htdocs\timesheet\vendor\codeigniter4\framework\system\CodeIgniter.php(368): CodeIgniter\CodeIgniter->handleRequest(NULL, Object(Config\Cache), false)
#11 C:\xampp\htdocs\timesheet\index.php(76): CodeIgniter\CodeIgniter->run()
#12 {main}
CRITICAL - 2023-05-10 05:56:39 --> Unknown column 'employee.id' in 'where clause'
in SYSTEMPATH\Database\BaseConnection.php on line 645.
 1 SYSTEMPATH\Database\BaseBuilder.php(2476): CodeIgniter\Database\BaseConnection->query('UPDATE `employee` SET `password` = :password:, `first_login` = :first_login:
WHERE `employee`.`id` IN :employee.id:', [...], false)
 2 SYSTEMPATH\Model.php(396): CodeIgniter\Database\BaseBuilder->update()
 3 SYSTEMPATH\BaseModel.php(943): CodeIgniter\Model->doUpdate([...], [...])
 4 SYSTEMPATH\Model.php(756): CodeIgniter\BaseModel->update([...], [...])
 5 APPPATH\Controllers\FormController.php(117): CodeIgniter\Model->update('1', [...])
 6 SYSTEMPATH\CodeIgniter.php(934): App\Controllers\FormController->change()
 7 SYSTEMPATH\CodeIgniter.php(499): CodeIgniter\CodeIgniter->runController(Object(App\Controllers\FormController))
 8 SYSTEMPATH\CodeIgniter.php(368): CodeIgniter\CodeIgniter->handleRequest(null, Object(Config\Cache), false)
 9 FCPATH\index.php(76): CodeIgniter\CodeIgniter->run()
ERROR - 2023-05-10 05:58:43 --> mysqli_sql_exception: Unknown column 'employee.id' in 'where clause' in C:\xampp\htdocs\timesheet\vendor\codeigniter4\framework\system\Database\MySQLi\Connection.php:295
Stack trace:
#0 C:\xampp\htdocs\timesheet\vendor\codeigniter4\framework\system\Database\MySQLi\Connection.php(295): mysqli->query('UPDATE `employe...', 0)
#1 C:\xampp\htdocs\timesheet\vendor\codeigniter4\framework\system\Database\BaseConnection.php(691): CodeIgniter\Database\MySQLi\Connection->execute('UPDATE `employe...')
#2 C:\xampp\htdocs\timesheet\vendor\codeigniter4\framework\system\Database\BaseConnection.php(605): CodeIgniter\Database\BaseConnection->simpleQuery('UPDATE `employe...')
#3 C:\xampp\htdocs\timesheet\vendor\codeigniter4\framework\system\Database\BaseBuilder.php(2476): CodeIgniter\Database\BaseConnection->query('UPDATE `employe...', Array, false)
#4 C:\xampp\htdocs\timesheet\vendor\codeigniter4\framework\system\Model.php(396): CodeIgniter\Database\BaseBuilder->update()
#5 C:\xampp\htdocs\timesheet\vendor\codeigniter4\framework\system\BaseModel.php(943): CodeIgniter\Model->doUpdate(Array, Array)
#6 C:\xampp\htdocs\timesheet\vendor\codeigniter4\framework\system\Model.php(756): CodeIgniter\BaseModel->update(Array, Array)
#7 C:\xampp\htdocs\timesheet\app\Controllers\FormController.php(118): CodeIgniter\Model->update('1', Array)
#8 C:\xampp\htdocs\timesheet\vendor\codeigniter4\framework\system\CodeIgniter.php(934): App\Controllers\FormController->change()
#9 C:\xampp\htdocs\timesheet\vendor\codeigniter4\framework\system\CodeIgniter.php(499): CodeIgniter\CodeIgniter->runController(Object(App\Controllers\FormController))
#10 C:\xampp\htdocs\timesheet\vendor\codeigniter4\framework\system\CodeIgniter.php(368): CodeIgniter\CodeIgniter->handleRequest(NULL, Object(Config\Cache), false)
#11 C:\xampp\htdocs\timesheet\index.php(76): CodeIgniter\CodeIgniter->run()
#12 {main}
CRITICAL - 2023-05-10 05:58:43 --> Unknown column 'employee.id' in 'where clause'
in SYSTEMPATH\Database\BaseConnection.php on line 645.
 1 SYSTEMPATH\Database\BaseBuilder.php(2476): CodeIgniter\Database\BaseConnection->query('UPDATE `employee` SET `password` = :password:, `first_login` = :first_login:
WHERE `employee`.`id` IN :employee.id:', [...], false)
 2 SYSTEMPATH\Model.php(396): CodeIgniter\Database\BaseBuilder->update()
 3 SYSTEMPATH\BaseModel.php(943): CodeIgniter\Model->doUpdate([...], [...])
 4 SYSTEMPATH\Model.php(756): CodeIgniter\BaseModel->update([...], [...])
 5 APPPATH\Controllers\FormController.php(118): CodeIgniter\Model->update('1', [...])
 6 SYSTEMPATH\CodeIgniter.php(934): App\Controllers\FormController->change()
 7 SYSTEMPATH\CodeIgniter.php(499): CodeIgniter\CodeIgniter->runController(Object(App\Controllers\FormController))
 8 SYSTEMPATH\CodeIgniter.php(368): CodeIgniter\CodeIgniter->handleRequest(null, Object(Config\Cache), false)
 9 FCPATH\index.php(76): CodeIgniter\CodeIgniter->run()
ERROR - 2023-05-10 05:58:59 --> mysqli_sql_exception: Unknown column 'employee.id' in 'where clause' in C:\xampp\htdocs\timesheet\vendor\codeigniter4\framework\system\Database\MySQLi\Connection.php:295
Stack trace:
#0 C:\xampp\htdocs\timesheet\vendor\codeigniter4\framework\system\Database\MySQLi\Connection.php(295): mysqli->query('UPDATE `employe...', 0)
#1 C:\xampp\htdocs\timesheet\vendor\codeigniter4\framework\system\Database\BaseConnection.php(691): CodeIgniter\Database\MySQLi\Connection->execute('UPDATE `employe...')
#2 C:\xampp\htdocs\timesheet\vendor\codeigniter4\framework\system\Database\BaseConnection.php(605): CodeIgniter\Database\BaseConnection->simpleQuery('UPDATE `employe...')
#3 C:\xampp\htdocs\timesheet\vendor\codeigniter4\framework\system\Database\BaseBuilder.php(2476): CodeIgniter\Database\BaseConnection->query('UPDATE `employe...', Array, false)
#4 C:\xampp\htdocs\timesheet\vendor\codeigniter4\framework\system\Model.php(396): CodeIgniter\Database\BaseBuilder->update()
#5 C:\xampp\htdocs\timesheet\vendor\codeigniter4\framework\system\BaseModel.php(943): CodeIgniter\Model->doUpdate(Array, Array)
#6 C:\xampp\htdocs\timesheet\vendor\codeigniter4\framework\system\Model.php(756): CodeIgniter\BaseModel->update(Array, Array)
#7 C:\xampp\htdocs\timesheet\app\Controllers\FormController.php(119): CodeIgniter\Model->update('1', Array)
#8 C:\xampp\htdocs\timesheet\vendor\codeigniter4\framework\system\CodeIgniter.php(934): App\Controllers\FormController->change()
#9 C:\xampp\htdocs\timesheet\vendor\codeigniter4\framework\system\CodeIgniter.php(499): CodeIgniter\CodeIgniter->runController(Object(App\Controllers\FormController))
#10 C:\xampp\htdocs\timesheet\vendor\codeigniter4\framework\system\CodeIgniter.php(368): CodeIgniter\CodeIgniter->handleRequest(NULL, Object(Config\Cache), false)
#11 C:\xampp\htdocs\timesheet\index.php(76): CodeIgniter\CodeIgniter->run()
#12 {main}
CRITICAL - 2023-05-10 05:58:59 --> Unknown column 'employee.id' in 'where clause'
in SYSTEMPATH\Database\BaseConnection.php on line 645.
 1 SYSTEMPATH\Database\BaseBuilder.php(2476): CodeIgniter\Database\BaseConnection->query('UPDATE `employee` SET `password` = :password:, `first_login` = :first_login:
WHERE `employee`.`id` IN :employee.id:', [...], false)
 2 SYSTEMPATH\Model.php(396): CodeIgniter\Database\BaseBuilder->update()
 3 SYSTEMPATH\BaseModel.php(943): CodeIgniter\Model->doUpdate([...], [...])
 4 SYSTEMPATH\Model.php(756): CodeIgniter\BaseModel->update([...], [...])
 5 APPPATH\Controllers\FormController.php(119): CodeIgniter\Model->update('1', [...])
 6 SYSTEMPATH\CodeIgniter.php(934): App\Controllers\FormController->change()
 7 SYSTEMPATH\CodeIgniter.php(499): CodeIgniter\CodeIgniter->runController(Object(App\Controllers\FormController))
 8 SYSTEMPATH\CodeIgniter.php(368): CodeIgniter\CodeIgniter->handleRequest(null, Object(Config\Cache), false)
 9 FCPATH\index.php(76): CodeIgniter\CodeIgniter->run()
CRITICAL - 2023-05-10 06:13:57 --> syntax error, unexpected token "public", expecting end of file
in APPPATH\Controllers\FormController.php on line 222.
 1 SYSTEMPATH\Autoloader\Autoloader.php(289): CodeIgniter\Autoloader\Autoloader->includeFile('APPPATH\\Controllers\\FormController.php')
 2 SYSTEMPATH\Autoloader\Autoloader.php(267): CodeIgniter\Autoloader\Autoloader->loadInNamespace('App\\Controllers\\FormController')
 3 [internal function]: CodeIgniter\Autoloader\Autoloader->loadClass('App\\Controllers\\FormController')
 4 SYSTEMPATH\CodeIgniter.php(892): class_exists('\\App\\Controllers\\FormController', true)
 5 SYSTEMPATH\CodeIgniter.php(486): CodeIgniter\CodeIgniter->startController()
 6 SYSTEMPATH\CodeIgniter.php(368): CodeIgniter\CodeIgniter->handleRequest(null, Object(Config\Cache), false)
 7 FCPATH\index.php(76): CodeIgniter\CodeIgniter->run()
CRITICAL - 2023-05-10 06:14:09 --> Invalid file: "change_password_view.php"
in SYSTEMPATH\Exceptions\FrameworkException.php on line 33.
 1 SYSTEMPATH\View\View.php(201): CodeIgniter\Exceptions\FrameworkException::forInvalidFile('change_password_view.php')
 2 SYSTEMPATH\Common.php(1184): CodeIgniter\View\View->render('change_password_view', [], true)
 3 APPPATH\Controllers\FormController.php(192): view('change_password_view')
 4 SYSTEMPATH\CodeIgniter.php(934): App\Controllers\FormController->change()
 5 SYSTEMPATH\CodeIgniter.php(499): CodeIgniter\CodeIgniter->runController(Object(App\Controllers\FormController))
 6 SYSTEMPATH\CodeIgniter.php(368): CodeIgniter\CodeIgniter->handleRequest(null, Object(Config\Cache), false)
 7 FCPATH\index.php(76): CodeIgniter\CodeIgniter->run()
CRITICAL - 2023-05-10 06:15:37 --> syntax error, unexpected variable "$Employee", expecting "function" or "const"
in APPPATH\Controllers\FormController.php on line 87.
 1 SYSTEMPATH\Autoloader\Autoloader.php(289): CodeIgniter\Autoloader\Autoloader->includeFile('APPPATH\\Controllers\\FormController.php')
 2 SYSTEMPATH\Autoloader\Autoloader.php(267): CodeIgniter\Autoloader\Autoloader->loadInNamespace('App\\Controllers\\FormController')
 3 [internal function]: CodeIgniter\Autoloader\Autoloader->loadClass('App\\Controllers\\FormController')
 4 SYSTEMPATH\CodeIgniter.php(892): class_exists('\\App\\Controllers\\FormController', true)
 5 SYSTEMPATH\CodeIgniter.php(486): CodeIgniter\CodeIgniter->startController()
 6 SYSTEMPATH\CodeIgniter.php(368): CodeIgniter\CodeIgniter->handleRequest(null, Object(Config\Cache), false)
 7 FCPATH\index.php(76): CodeIgniter\CodeIgniter->run()
CRITICAL - 2023-05-10 06:16:49 --> Invalid file: "change_password_view.php"
in SYSTEMPATH\Exceptions\FrameworkException.php on line 33.
 1 SYSTEMPATH\View\View.php(201): CodeIgniter\Exceptions\FrameworkException::forInvalidFile('change_password_view.php')
 2 SYSTEMPATH\Common.php(1184): CodeIgniter\View\View->render('change_password_view', [], true)
 3 APPPATH\Controllers\FormController.php(139): view('change_password_view')
 4 SYSTEMPATH\CodeIgniter.php(934): App\Controllers\FormController->change()
 5 SYSTEMPATH\CodeIgniter.php(499): CodeIgniter\CodeIgniter->runController(Object(App\Controllers\FormController))
 6 SYSTEMPATH\CodeIgniter.php(368): CodeIgniter\CodeIgniter->handleRequest(null, Object(Config\Cache), false)
 7 FCPATH\index.php(76): CodeIgniter\CodeIgniter->run()
CRITICAL - 2023-05-10 06:25:29 --> Undefined array key "role_id"
in APPPATH\Controllers\FormController.php on line 120.
 1 APPPATH\Controllers\FormController.php(120): CodeIgniter\Debug\Exceptions->errorHandler(2, 'Undefined array key "role_id"', 'APPPATH\\Controllers\\FormController.php', 120)
 2 SYSTEMPATH\CodeIgniter.php(934): App\Controllers\FormController->change()
 3 SYSTEMPATH\CodeIgniter.php(499): CodeIgniter\CodeIgniter->runController(Object(App\Controllers\FormController))
 4 SYSTEMPATH\CodeIgniter.php(368): CodeIgniter\CodeIgniter->handleRequest(null, Object(Config\Cache), false)
 5 FCPATH\index.php(76): CodeIgniter\CodeIgniter->run()
CRITICAL - 2023-05-10 06:25:54 --> Undefined array key "role_id"
in APPPATH\Controllers\FormController.php on line 120.
 1 APPPATH\Controllers\FormController.php(120): CodeIgniter\Debug\Exceptions->errorHandler(2, 'Undefined array key "role_id"', 'APPPATH\\Controllers\\FormController.php', 120)
 2 SYSTEMPATH\CodeIgniter.php(934): App\Controllers\FormController->change()
 3 SYSTEMPATH\CodeIgniter.php(499): CodeIgniter\CodeIgniter->runController(Object(App\Controllers\FormController))
 4 SYSTEMPATH\CodeIgniter.php(368): CodeIgniter\CodeIgniter->handleRequest(null, Object(Config\Cache), false)
 5 FCPATH\index.php(76): CodeIgniter\CodeIgniter->run()
CRITICAL - 2023-05-10 06:26:32 --> CodeIgniter\HTTP\RedirectResponse::to(): Argument #2 ($code) must be of type ?int, array given, called in C:\xampp\htdocs\timesheet\app\Controllers\FormController.php on line 123
in SYSTEMPATH\HTTP\RedirectResponse.php on line 32.
 1 APPPATH\Controllers\FormController.php(123): CodeIgniter\HTTP\RedirectResponse->to('/user', [])
 2 SYSTEMPATH\CodeIgniter.php(934): App\Controllers\FormController->change()
 3 SYSTEMPATH\CodeIgniter.php(499): CodeIgniter\CodeIgniter->runController(Object(App\Controllers\FormController))
 4 SYSTEMPATH\CodeIgniter.php(368): CodeIgniter\CodeIgniter->handleRequest(null, Object(Config\Cache), false)
 5 FCPATH\index.php(76): CodeIgniter\CodeIgniter->run()
CRITICAL - 2023-05-10 06:27:12 --> CodeIgniter\HTTP\RedirectResponse::to(): Argument #2 ($code) must be of type ?int, array given, called in C:\xampp\htdocs\timesheet\app\Controllers\FormController.php on line 123
in SYSTEMPATH\HTTP\RedirectResponse.php on line 32.
 1 APPPATH\Controllers\FormController.php(123): CodeIgniter\HTTP\RedirectResponse->to('/user', [])
 2 SYSTEMPATH\CodeIgniter.php(934): App\Controllers\FormController->change()
 3 SYSTEMPATH\CodeIgniter.php(499): CodeIgniter\CodeIgniter->runController(Object(App\Controllers\FormController))
 4 SYSTEMPATH\CodeIgniter.php(368): CodeIgniter\CodeIgniter->handleRequest(null, Object(Config\Cache), false)
 5 FCPATH\index.php(76): CodeIgniter\CodeIgniter->run()
CRITICAL - 2023-05-10 06:27:38 --> CodeIgniter\HTTP\RedirectResponse::to(): Argument #2 ($code) must be of type ?int, array given, called in C:\xampp\htdocs\timesheet\app\Controllers\FormController.php on line 123
in SYSTEMPATH\HTTP\RedirectResponse.php on line 32.
 1 APPPATH\Controllers\FormController.php(123): CodeIgniter\HTTP\RedirectResponse->to('/user', [])
 2 SYSTEMPATH\CodeIgniter.php(934): App\Controllers\FormController->change()
 3 SYSTEMPATH\CodeIgniter.php(499): CodeIgniter\CodeIgniter->runController(Object(App\Controllers\FormController))
 4 SYSTEMPATH\CodeIgniter.php(368): CodeIgniter\CodeIgniter->handleRequest(null, Object(Config\Cache), false)
 5 FCPATH\index.php(76): CodeIgniter\CodeIgniter->run()
CRITICAL - 2023-05-10 06:59:42 --> Class "App\Controllers\Time" not found
in APPPATH\Controllers\FormController.php on line 179.
 1 SYSTEMPATH\CodeIgniter.php(934): App\Controllers\FormController->recoverpassword()
 2 SYSTEMPATH\CodeIgniter.php(499): CodeIgniter\CodeIgniter->runController(Object(App\Controllers\FormController))
 3 SYSTEMPATH\CodeIgniter.php(368): CodeIgniter\CodeIgniter->handleRequest(null, Object(Config\Cache), false)
 4 FCPATH\index.php(76): CodeIgniter\CodeIgniter->run()
CRITICAL - 2023-05-10 12:37:42 --> Class name must be a valid object or a string
in APPPATH\Controllers\FormController.php on line 183.
 1 SYSTEMPATH\CodeIgniter.php(934): App\Controllers\FormController->recoverpassword()
 2 SYSTEMPATH\CodeIgniter.php(499): CodeIgniter\CodeIgniter->runController(Object(App\Controllers\FormController))
 3 SYSTEMPATH\CodeIgniter.php(368): CodeIgniter\CodeIgniter->handleRequest(null, Object(Config\Cache), false)
 4 FCPATH\index.php(76): CodeIgniter\CodeIgniter->run()
CRITICAL - 2023-05-10 14:14:58 --> Class name must be a valid object or a string
in APPPATH\Controllers\FormController.php on line 179.
 1 SYSTEMPATH\CodeIgniter.php(934): App\Controllers\FormController->recoverpassword()
 2 SYSTEMPATH\CodeIgniter.php(499): CodeIgniter\CodeIgniter->runController(Object(App\Controllers\FormController))
 3 SYSTEMPATH\CodeIgniter.php(368): CodeIgniter\CodeIgniter->handleRequest(null, Object(Config\Cache), false)
 4 FCPATH\index.php(76): CodeIgniter\CodeIgniter->run()
CRITICAL - 2023-05-10 10:15:22 --> Undefined variable $form
in APPPATH\Views\timesheet.php on line 70.
 1 APPPATH\Views\timesheet.php(70): CodeIgniter\Debug\Exceptions->errorHandler(2, 'Undefined variable $form', 'APPPATH\\Views\\timesheet.php', 70)
 2 SYSTEMPATH\View\View.php(213): include('APPPATH\\Views\\timesheet.php')
 3 SYSTEMPATH\View\View.php(216): CodeIgniter\View\View->CodeIgniter\View\{closure}()
 4 SYSTEMPATH\Common.php(1184): CodeIgniter\View\View->render('timesheet', [], true)
 5 APPPATH\Controllers\Timesheet.php(22): view('timesheet')
 6 SYSTEMPATH\CodeIgniter.php(934): App\Controllers\Timesheet->index()
 7 SYSTEMPATH\CodeIgniter.php(499): CodeIgniter\CodeIgniter->runController(Object(App\Controllers\Timesheet))
 8 SYSTEMPATH\CodeIgniter.php(368): CodeIgniter\CodeIgniter->handleRequest(null, Object(Config\Cache), false)
 9 FCPATH\index.php(76): CodeIgniter\CodeIgniter->run()
CRITICAL - 2023-05-10 10:15:44 --> Undefined variable $form
in APPPATH\Views\timesheet.php on line 70.
 1 APPPATH\Views\timesheet.php(70): CodeIgniter\Debug\Exceptions->errorHandler(2, 'Undefined variable $form', 'APPPATH\\Views\\timesheet.php', 70)
 2 SYSTEMPATH\View\View.php(213): include('APPPATH\\Views\\timesheet.php')
 3 SYSTEMPATH\View\View.php(216): CodeIgniter\View\View->CodeIgniter\View\{closure}()
 4 SYSTEMPATH\Common.php(1184): CodeIgniter\View\View->render('timesheet', [], true)
 5 APPPATH\Controllers\Timesheet.php(22): view('timesheet')
 6 SYSTEMPATH\CodeIgniter.php(934): App\Controllers\Timesheet->index()
 7 SYSTEMPATH\CodeIgniter.php(499): CodeIgniter\CodeIgniter->runController(Object(App\Controllers\Timesheet))
 8 SYSTEMPATH\CodeIgniter.php(368): CodeIgniter\CodeIgniter->handleRequest(null, Object(Config\Cache), false)
 9 FCPATH\index.php(76): CodeIgniter\CodeIgniter->run()
CRITICAL - 2023-05-10 10:20:25 --> Undefined variable $form
in APPPATH\Views\timesheet.php on line 70.
 1 APPPATH\Views\timesheet.php(70): CodeIgniter\Debug\Exceptions->errorHandler(2, 'Undefined variable $form', 'APPPATH\\Views\\timesheet.php', 70)
 2 SYSTEMPATH\View\View.php(213): include('APPPATH\\Views\\timesheet.php')
 3 SYSTEMPATH\View\View.php(216): CodeIgniter\View\View->CodeIgniter\View\{closure}()
 4 SYSTEMPATH\Common.php(1184): CodeIgniter\View\View->render('timesheet', [], true)
 5 APPPATH\Controllers\Timesheet.php(22): view('timesheet')
 6 SYSTEMPATH\CodeIgniter.php(934): App\Controllers\Timesheet->index()
 7 SYSTEMPATH\CodeIgniter.php(499): CodeIgniter\CodeIgniter->runController(Object(App\Controllers\Timesheet))
 8 SYSTEMPATH\CodeIgniter.php(368): CodeIgniter\CodeIgniter->handleRequest(null, Object(Config\Cache), false)
 9 FCPATH\index.php(76): CodeIgniter\CodeIgniter->run()
CRITICAL - 2023-05-10 10:20:41 --> Undefined variable $form
in APPPATH\Views\timesheet.php on line 70.
 1 APPPATH\Views\timesheet.php(70): CodeIgniter\Debug\Exceptions->errorHandler(2, 'Undefined variable $form', 'APPPATH\\Views\\timesheet.php', 70)
 2 SYSTEMPATH\View\View.php(213): include('APPPATH\\Views\\timesheet.php')
 3 SYSTEMPATH\View\View.php(216): CodeIgniter\View\View->CodeIgniter\View\{closure}()
 4 SYSTEMPATH\Common.php(1184): CodeIgniter\View\View->render('timesheet', [], true)
 5 APPPATH\Controllers\Timesheet.php(22): view('timesheet')
 6 SYSTEMPATH\CodeIgniter.php(934): App\Controllers\Timesheet->index()
 7 SYSTEMPATH\CodeIgniter.php(499): CodeIgniter\CodeIgniter->runController(Object(App\Controllers\Timesheet))
 8 SYSTEMPATH\CodeIgniter.php(368): CodeIgniter\CodeIgniter->handleRequest(null, Object(Config\Cache), false)
 9 FCPATH\index.php(76): CodeIgniter\CodeIgniter->run()
CRITICAL - 2023-05-10 10:21:03 --> Undefined variable $form
in APPPATH\Views\timesheet.php on line 70.
 1 APPPATH\Views\timesheet.php(70): CodeIgniter\Debug\Exceptions->errorHandler(2, 'Undefined variable $form', 'APPPATH\\Views\\timesheet.php', 70)
 2 SYSTEMPATH\View\View.php(213): include('APPPATH\\Views\\timesheet.php')
 3 SYSTEMPATH\View\View.php(216): CodeIgniter\View\View->CodeIgniter\View\{closure}()
 4 SYSTEMPATH\Common.php(1184): CodeIgniter\View\View->render('timesheet', [], true)
 5 APPPATH\Controllers\Timesheet.php(22): view('timesheet')
 6 SYSTEMPATH\CodeIgniter.php(934): App\Controllers\Timesheet->index()
 7 SYSTEMPATH\CodeIgniter.php(499): CodeIgniter\CodeIgniter->runController(Object(App\Controllers\Timesheet))
 8 SYSTEMPATH\CodeIgniter.php(368): CodeIgniter\CodeIgniter->handleRequest(null, Object(Config\Cache), false)
 9 FCPATH\index.php(76): CodeIgniter\CodeIgniter->run()
CRITICAL - 2023-05-10 10:22:34 --> Undefined variable $expirationTime
in APPPATH\Controllers\FormController.php on line 184.
 1 APPPATH\Controllers\FormController.php(184): CodeIgniter\Debug\Exceptions->errorHandler(2, 'Undefined variable $expirationTime', 'APPPATH\\Controllers\\FormController.php', 184)
 2 SYSTEMPATH\CodeIgniter.php(934): App\Controllers\FormController->recoverpassword()
 3 SYSTEMPATH\CodeIgniter.php(499): CodeIgniter\CodeIgniter->runController(Object(App\Controllers\FormController))
 4 SYSTEMPATH\CodeIgniter.php(368): CodeIgniter\CodeIgniter->handleRequest(null, Object(Config\Cache), false)
 5 FCPATH\index.php(76): CodeIgniter\CodeIgniter->run()
CRITICAL - 2023-05-10 10:25:00 --> Undefined variable $form
in APPPATH\Views\timesheet.php on line 70.
 1 APPPATH\Views\timesheet.php(70): CodeIgniter\Debug\Exceptions->errorHandler(2, 'Undefined variable $form', 'APPPATH\\Views\\timesheet.php', 70)
 2 SYSTEMPATH\View\View.php(213): include('APPPATH\\Views\\timesheet.php')
 3 SYSTEMPATH\View\View.php(216): CodeIgniter\View\View->CodeIgniter\View\{closure}()
 4 SYSTEMPATH\Common.php(1184): CodeIgniter\View\View->render('timesheet', [], true)
 5 APPPATH\Controllers\Timesheet.php(22): view('timesheet')
 6 SYSTEMPATH\CodeIgniter.php(934): App\Controllers\Timesheet->index()
 7 SYSTEMPATH\CodeIgniter.php(499): CodeIgniter\CodeIgniter->runController(Object(App\Controllers\Timesheet))
 8 SYSTEMPATH\CodeIgniter.php(368): CodeIgniter\CodeIgniter->handleRequest(null, Object(Config\Cache), false)
 9 FCPATH\index.php(76): CodeIgniter\CodeIgniter->run()
CRITICAL - 2023-05-10 10:26:10 --> Undefined variable $form
in APPPATH\Views\timesheet.php on line 43.
 1 APPPATH\Views\timesheet.php(43): CodeIgniter\Debug\Exceptions->errorHandler(2, 'Undefined variable $form', 'APPPATH\\Views\\timesheet.php', 43)
 2 SYSTEMPATH\View\View.php(213): include('APPPATH\\Views\\timesheet.php')
 3 SYSTEMPATH\View\View.php(216): CodeIgniter\View\View->CodeIgniter\View\{closure}()
 4 SYSTEMPATH\Common.php(1184): CodeIgniter\View\View->render('timesheet', [], true)
 5 APPPATH\Controllers\Timesheet.php(22): view('timesheet')
 6 SYSTEMPATH\CodeIgniter.php(934): App\Controllers\Timesheet->index()
 7 SYSTEMPATH\CodeIgniter.php(499): CodeIgniter\CodeIgniter->runController(Object(App\Controllers\Timesheet))
 8 SYSTEMPATH\CodeIgniter.php(368): CodeIgniter\CodeIgniter->handleRequest(null, Object(Config\Cache), false)
 9 FCPATH\index.php(76): CodeIgniter\CodeIgniter->run()
CRITICAL - 2023-05-10 10:28:34 --> Undefined variable $data
in APPPATH\Views\timesheet.php on line 43.
 1 APPPATH\Views\timesheet.php(43): CodeIgniter\Debug\Exceptions->errorHandler(2, 'Undefined variable $data', 'APPPATH\\Views\\timesheet.php', 43)
 2 SYSTEMPATH\View\View.php(213): include('APPPATH\\Views\\timesheet.php')
 3 SYSTEMPATH\View\View.php(216): CodeIgniter\View\View->CodeIgniter\View\{closure}()
 4 SYSTEMPATH\Common.php(1184): CodeIgniter\View\View->render('timesheet', [], true)
 5 APPPATH\Controllers\Timesheet.php(22): view('timesheet')
 6 SYSTEMPATH\CodeIgniter.php(934): App\Controllers\Timesheet->index()
 7 SYSTEMPATH\CodeIgniter.php(499): CodeIgniter\CodeIgniter->runController(Object(App\Controllers\Timesheet))
 8 SYSTEMPATH\CodeIgniter.php(368): CodeIgniter\CodeIgniter->handleRequest(null, Object(Config\Cache), false)
 9 FCPATH\index.php(76): CodeIgniter\CodeIgniter->run()
CRITICAL - 2023-05-10 10:28:35 --> Undefined variable $data
in APPPATH\Views\timesheet.php on line 43.
 1 APPPATH\Views\timesheet.php(43): CodeIgniter\Debug\Exceptions->errorHandler(2, 'Undefined variable $data', 'APPPATH\\Views\\timesheet.php', 43)
 2 SYSTEMPATH\View\View.php(213): include('APPPATH\\Views\\timesheet.php')
 3 SYSTEMPATH\View\View.php(216): CodeIgniter\View\View->CodeIgniter\View\{closure}()
 4 SYSTEMPATH\Common.php(1184): CodeIgniter\View\View->render('timesheet', [], true)
 5 APPPATH\Controllers\Timesheet.php(22): view('timesheet')
 6 SYSTEMPATH\CodeIgniter.php(934): App\Controllers\Timesheet->index()
 7 SYSTEMPATH\CodeIgniter.php(499): CodeIgniter\CodeIgniter->runController(Object(App\Controllers\Timesheet))
 8 SYSTEMPATH\CodeIgniter.php(368): CodeIgniter\CodeIgniter->handleRequest(null, Object(Config\Cache), false)
 9 FCPATH\index.php(76): CodeIgniter\CodeIgniter->run()
CRITICAL - 2023-05-10 10:29:23 --> Undefined variable $data
in APPPATH\Views\timesheet.php on line 43.
 1 APPPATH\Views\timesheet.php(43): CodeIgniter\Debug\Exceptions->errorHandler(2, 'Undefined variable $data', 'APPPATH\\Views\\timesheet.php', 43)
 2 SYSTEMPATH\View\View.php(213): include('APPPATH\\Views\\timesheet.php')
 3 SYSTEMPATH\View\View.php(216): CodeIgniter\View\View->CodeIgniter\View\{closure}()
 4 SYSTEMPATH\Common.php(1184): CodeIgniter\View\View->render('timesheet', [], true)
 5 APPPATH\Controllers\Timesheet.php(22): view('timesheet')
 6 SYSTEMPATH\CodeIgniter.php(934): App\Controllers\Timesheet->index()
 7 SYSTEMPATH\CodeIgniter.php(499): CodeIgniter\CodeIgniter->runController(Object(App\Controllers\Timesheet))
 8 SYSTEMPATH\CodeIgniter.php(368): CodeIgniter\CodeIgniter->handleRequest(null, Object(Config\Cache), false)
 9 FCPATH\index.php(76): CodeIgniter\CodeIgniter->run()
CRITICAL - 2023-05-10 10:30:25 --> Undefined variable $data
in APPPATH\Views\timesheet.php on line 43.
 1 APPPATH\Views\timesheet.php(43): CodeIgniter\Debug\Exceptions->errorHandler(2, 'Undefined variable $data', 'APPPATH\\Views\\timesheet.php', 43)
 2 SYSTEMPATH\View\View.php(213): include('APPPATH\\Views\\timesheet.php')
 3 SYSTEMPATH\View\View.php(216): CodeIgniter\View\View->CodeIgniter\View\{closure}()
 4 SYSTEMPATH\Common.php(1184): CodeIgniter\View\View->render('timesheet', [], true)
 5 APPPATH\Controllers\Timesheet.php(22): view('timesheet')
 6 SYSTEMPATH\CodeIgniter.php(934): App\Controllers\Timesheet->index()
 7 SYSTEMPATH\CodeIgniter.php(499): CodeIgniter\CodeIgniter->runController(Object(App\Controllers\Timesheet))
 8 SYSTEMPATH\CodeIgniter.php(368): CodeIgniter\CodeIgniter->handleRequest(null, Object(Config\Cache), false)
 9 FCPATH\index.php(76): CodeIgniter\CodeIgniter->run()
CRITICAL - 2023-05-10 10:53:39 --> Undefined variable $data
in APPPATH\Views\timesheet.php on line 43.
 1 APPPATH\Views\timesheet.php(43): CodeIgniter\Debug\Exceptions->errorHandler(2, 'Undefined variable $data', 'APPPATH\\Views\\timesheet.php', 43)
 2 SYSTEMPATH\View\View.php(213): include('APPPATH\\Views\\timesheet.php')
 3 SYSTEMPATH\View\View.php(216): CodeIgniter\View\View->CodeIgniter\View\{closure}()
 4 SYSTEMPATH\Common.php(1184): CodeIgniter\View\View->render('timesheet', [], true)
 5 APPPATH\Controllers\Timesheet.php(22): view('timesheet')
 6 SYSTEMPATH\CodeIgniter.php(934): App\Controllers\Timesheet->index()
 7 SYSTEMPATH\CodeIgniter.php(499): CodeIgniter\CodeIgniter->runController(Object(App\Controllers\Timesheet))
 8 SYSTEMPATH\CodeIgniter.php(368): CodeIgniter\CodeIgniter->handleRequest(null, Object(Config\Cache), false)
 9 FCPATH\index.php(76): CodeIgniter\CodeIgniter->run()
CRITICAL - 2023-05-10 10:54:01 --> Undefined variable $data
in APPPATH\Views\timesheet.php on line 43.
 1 APPPATH\Views\timesheet.php(43): CodeIgniter\Debug\Exceptions->errorHandler(2, 'Undefined variable $data', 'APPPATH\\Views\\timesheet.php', 43)
 2 SYSTEMPATH\View\View.php(213): include('APPPATH\\Views\\timesheet.php')
 3 SYSTEMPATH\View\View.php(216): CodeIgniter\View\View->CodeIgniter\View\{closure}()
 4 SYSTEMPATH\Common.php(1184): CodeIgniter\View\View->render('timesheet', [], true)
 5 APPPATH\Controllers\Timesheet.php(22): view('timesheet')
 6 SYSTEMPATH\CodeIgniter.php(934): App\Controllers\Timesheet->index()
 7 SYSTEMPATH\CodeIgniter.php(499): CodeIgniter\CodeIgniter->runController(Object(App\Controllers\Timesheet))
 8 SYSTEMPATH\CodeIgniter.php(368): CodeIgniter\CodeIgniter->handleRequest(null, Object(Config\Cache), false)
 9 FCPATH\index.php(76): CodeIgniter\CodeIgniter->run()
CRITICAL - 2023-05-10 10:54:02 --> Undefined variable $data
in APPPATH\Views\timesheet.php on line 43.
 1 APPPATH\Views\timesheet.php(43): CodeIgniter\Debug\Exceptions->errorHandler(2, 'Undefined variable $data', 'APPPATH\\Views\\timesheet.php', 43)
 2 SYSTEMPATH\View\View.php(213): include('APPPATH\\Views\\timesheet.php')
 3 SYSTEMPATH\View\View.php(216): CodeIgniter\View\View->CodeIgniter\View\{closure}()
 4 SYSTEMPATH\Common.php(1184): CodeIgniter\View\View->render('timesheet', [], true)
 5 APPPATH\Controllers\Timesheet.php(22): view('timesheet')
 6 SYSTEMPATH\CodeIgniter.php(934): App\Controllers\Timesheet->index()
 7 SYSTEMPATH\CodeIgniter.php(499): CodeIgniter\CodeIgniter->runController(Object(App\Controllers\Timesheet))
 8 SYSTEMPATH\CodeIgniter.php(368): CodeIgniter\CodeIgniter->handleRequest(null, Object(Config\Cache), false)
 9 FCPATH\index.php(76): CodeIgniter\CodeIgniter->run()
CRITICAL - 2023-05-10 10:56:12 --> Undefined variable $projects_name
in APPPATH\Views\timesheet.php on line 43.
 1 APPPATH\Views\timesheet.php(43): CodeIgniter\Debug\Exceptions->errorHandler(2, 'Undefined variable $projects_name', 'APPPATH\\Views\\timesheet.php', 43)
 2 SYSTEMPATH\View\View.php(213): include('APPPATH\\Views\\timesheet.php')
 3 SYSTEMPATH\View\View.php(216): CodeIgniter\View\View->CodeIgniter\View\{closure}()
 4 SYSTEMPATH\Common.php(1184): CodeIgniter\View\View->render('timesheet', [], true)
 5 APPPATH\Controllers\Timesheet.php(22): view('timesheet')
 6 SYSTEMPATH\CodeIgniter.php(934): App\Controllers\Timesheet->index()
 7 SYSTEMPATH\CodeIgniter.php(499): CodeIgniter\CodeIgniter->runController(Object(App\Controllers\Timesheet))
 8 SYSTEMPATH\CodeIgniter.php(368): CodeIgniter\CodeIgniter->handleRequest(null, Object(Config\Cache), false)
 9 FCPATH\index.php(76): CodeIgniter\CodeIgniter->run()
CRITICAL - 2023-05-10 11:03:28 --> Undefined variable $projects_name
in APPPATH\Views\timesheet.php on line 43.
 1 APPPATH\Views\timesheet.php(43): CodeIgniter\Debug\Exceptions->errorHandler(2, 'Undefined variable $projects_name', 'APPPATH\\Views\\timesheet.php', 43)
 2 SYSTEMPATH\View\View.php(213): include('APPPATH\\Views\\timesheet.php')
 3 SYSTEMPATH\View\View.php(216): CodeIgniter\View\View->CodeIgniter\View\{closure}()
 4 SYSTEMPATH\Common.php(1184): CodeIgniter\View\View->render('timesheet', [], true)
 5 APPPATH\Controllers\Timesheet.php(22): view('timesheet')
 6 SYSTEMPATH\CodeIgniter.php(934): App\Controllers\Timesheet->index()
 7 SYSTEMPATH\CodeIgniter.php(499): CodeIgniter\CodeIgniter->runController(Object(App\Controllers\Timesheet))
 8 SYSTEMPATH\CodeIgniter.php(368): CodeIgniter\CodeIgniter->handleRequest(null, Object(Config\Cache), false)
 9 FCPATH\index.php(76): CodeIgniter\CodeIgniter->run()
CRITICAL - 2023-05-10 11:08:37 --> Undefined variable $projects_name
in APPPATH\Views\timesheet.php on line 43.
 1 APPPATH\Views\timesheet.php(43): CodeIgniter\Debug\Exceptions->errorHandler(2, 'Undefined variable $projects_name', 'APPPATH\\Views\\timesheet.php', 43)
 2 SYSTEMPATH\View\View.php(213): include('APPPATH\\Views\\timesheet.php')
 3 SYSTEMPATH\View\View.php(216): CodeIgniter\View\View->CodeIgniter\View\{closure}()
 4 SYSTEMPATH\Common.php(1184): CodeIgniter\View\View->render('timesheet', [], true)
 5 APPPATH\Controllers\Timesheet.php(29): view('timesheet', [...])
 6 SYSTEMPATH\CodeIgniter.php(934): App\Controllers\Timesheet->index()
 7 SYSTEMPATH\CodeIgniter.php(499): CodeIgniter\CodeIgniter->runController(Object(App\Controllers\Timesheet))
 8 SYSTEMPATH\CodeIgniter.php(368): CodeIgniter\CodeIgniter->handleRequest(null, Object(Config\Cache), false)
 9 FCPATH\index.php(76): CodeIgniter\CodeIgniter->run()
CRITICAL - 2023-05-10 11:09:15 --> Undefined variable $projects_name
in APPPATH\Views\timesheet.php on line 43.
 1 APPPATH\Views\timesheet.php(43): CodeIgniter\Debug\Exceptions->errorHandler(2, 'Undefined variable $projects_name', 'APPPATH\\Views\\timesheet.php', 43)
 2 SYSTEMPATH\View\View.php(213): include('APPPATH\\Views\\timesheet.php')
 3 SYSTEMPATH\View\View.php(216): CodeIgniter\View\View->CodeIgniter\View\{closure}()
 4 SYSTEMPATH\Common.php(1184): CodeIgniter\View\View->render('timesheet', [], true)
 5 APPPATH\Controllers\Timesheet.php(29): view('timesheet', [...])
 6 SYSTEMPATH\CodeIgniter.php(934): App\Controllers\Timesheet->index()
 7 SYSTEMPATH\CodeIgniter.php(499): CodeIgniter\CodeIgniter->runController(Object(App\Controllers\Timesheet))
 8 SYSTEMPATH\CodeIgniter.php(368): CodeIgniter\CodeIgniter->handleRequest(null, Object(Config\Cache), false)
 9 FCPATH\index.php(76): CodeIgniter\CodeIgniter->run()
CRITICAL - 2023-05-10 11:09:16 --> Undefined variable $projects_name
in APPPATH\Views\timesheet.php on line 43.
 1 APPPATH\Views\timesheet.php(43): CodeIgniter\Debug\Exceptions->errorHandler(2, 'Undefined variable $projects_name', 'APPPATH\\Views\\timesheet.php', 43)
 2 SYSTEMPATH\View\View.php(213): include('APPPATH\\Views\\timesheet.php')
 3 SYSTEMPATH\View\View.php(216): CodeIgniter\View\View->CodeIgniter\View\{closure}()
 4 SYSTEMPATH\Common.php(1184): CodeIgniter\View\View->render('timesheet', [], true)
 5 APPPATH\Controllers\Timesheet.php(29): view('timesheet', [...])
 6 SYSTEMPATH\CodeIgniter.php(934): App\Controllers\Timesheet->index()
 7 SYSTEMPATH\CodeIgniter.php(499): CodeIgniter\CodeIgniter->runController(Object(App\Controllers\Timesheet))
 8 SYSTEMPATH\CodeIgniter.php(368): CodeIgniter\CodeIgniter->handleRequest(null, Object(Config\Cache), false)
 9 FCPATH\index.php(76): CodeIgniter\CodeIgniter->run()
CRITICAL - 2023-05-10 11:09:16 --> Undefined variable $projects_name
in APPPATH\Views\timesheet.php on line 43.
 1 APPPATH\Views\timesheet.php(43): CodeIgniter\Debug\Exceptions->errorHandler(2, 'Undefined variable $projects_name', 'APPPATH\\Views\\timesheet.php', 43)
 2 SYSTEMPATH\View\View.php(213): include('APPPATH\\Views\\timesheet.php')
 3 SYSTEMPATH\View\View.php(216): CodeIgniter\View\View->CodeIgniter\View\{closure}()
 4 SYSTEMPATH\Common.php(1184): CodeIgniter\View\View->render('timesheet', [], true)
 5 APPPATH\Controllers\Timesheet.php(29): view('timesheet', [...])
 6 SYSTEMPATH\CodeIgniter.php(934): App\Controllers\Timesheet->index()
 7 SYSTEMPATH\CodeIgniter.php(499): CodeIgniter\CodeIgniter->runController(Object(App\Controllers\Timesheet))
 8 SYSTEMPATH\CodeIgniter.php(368): CodeIgniter\CodeIgniter->handleRequest(null, Object(Config\Cache), false)
 9 FCPATH\index.php(76): CodeIgniter\CodeIgniter->run()
CRITICAL - 2023-05-10 11:09:28 --> Undefined variable $projects_name
in APPPATH\Views\timesheet.php on line 43.
 1 APPPATH\Views\timesheet.php(43): CodeIgniter\Debug\Exceptions->errorHandler(2, 'Undefined variable $projects_name', 'APPPATH\\Views\\timesheet.php', 43)
 2 SYSTEMPATH\View\View.php(213): include('APPPATH\\Views\\timesheet.php')
 3 SYSTEMPATH\View\View.php(216): CodeIgniter\View\View->CodeIgniter\View\{closure}()
 4 SYSTEMPATH\Common.php(1184): CodeIgniter\View\View->render('timesheet', [], true)
 5 APPPATH\Controllers\Timesheet.php(29): view('timesheet', [...])
 6 SYSTEMPATH\CodeIgniter.php(934): App\Controllers\Timesheet->index()
 7 SYSTEMPATH\CodeIgniter.php(499): CodeIgniter\CodeIgniter->runController(Object(App\Controllers\Timesheet))
 8 SYSTEMPATH\CodeIgniter.php(368): CodeIgniter\CodeIgniter->handleRequest(null, Object(Config\Cache), false)
 9 FCPATH\index.php(76): CodeIgniter\CodeIgniter->run()
CRITICAL - 2023-05-10 11:09:31 --> Undefined variable $projects_name
in APPPATH\Views\timesheet.php on line 43.
 1 APPPATH\Views\timesheet.php(43): CodeIgniter\Debug\Exceptions->errorHandler(2, 'Undefined variable $projects_name', 'APPPATH\\Views\\timesheet.php', 43)
 2 SYSTEMPATH\View\View.php(213): include('APPPATH\\Views\\timesheet.php')
 3 SYSTEMPATH\View\View.php(216): CodeIgniter\View\View->CodeIgniter\View\{closure}()
 4 SYSTEMPATH\Common.php(1184): CodeIgniter\View\View->render('timesheet', [], true)
 5 APPPATH\Controllers\Timesheet.php(29): view('timesheet', [...])
 6 SYSTEMPATH\CodeIgniter.php(934): App\Controllers\Timesheet->index()
 7 SYSTEMPATH\CodeIgniter.php(499): CodeIgniter\CodeIgniter->runController(Object(App\Controllers\Timesheet))
 8 SYSTEMPATH\CodeIgniter.php(368): CodeIgniter\CodeIgniter->handleRequest(null, Object(Config\Cache), false)
 9 FCPATH\index.php(76): CodeIgniter\CodeIgniter->run()
CRITICAL - 2023-05-10 11:09:31 --> Undefined variable $projects_name
in APPPATH\Views\timesheet.php on line 43.
 1 APPPATH\Views\timesheet.php(43): CodeIgniter\Debug\Exceptions->errorHandler(2, 'Undefined variable $projects_name', 'APPPATH\\Views\\timesheet.php', 43)
 2 SYSTEMPATH\View\View.php(213): include('APPPATH\\Views\\timesheet.php')
 3 SYSTEMPATH\View\View.php(216): CodeIgniter\View\View->CodeIgniter\View\{closure}()
 4 SYSTEMPATH\Common.php(1184): CodeIgniter\View\View->render('timesheet', [], true)
 5 APPPATH\Controllers\Timesheet.php(29): view('timesheet', [...])
 6 SYSTEMPATH\CodeIgniter.php(934): App\Controllers\Timesheet->index()
 7 SYSTEMPATH\CodeIgniter.php(499): CodeIgniter\CodeIgniter->runController(Object(App\Controllers\Timesheet))
 8 SYSTEMPATH\CodeIgniter.php(368): CodeIgniter\CodeIgniter->handleRequest(null, Object(Config\Cache), false)
 9 FCPATH\index.php(76): CodeIgniter\CodeIgniter->run()
CRITICAL - 2023-05-10 11:09:31 --> Undefined variable $projects_name
in APPPATH\Views\timesheet.php on line 43.
 1 APPPATH\Views\timesheet.php(43): CodeIgniter\Debug\Exceptions->errorHandler(2, 'Undefined variable $projects_name', 'APPPATH\\Views\\timesheet.php', 43)
 2 SYSTEMPATH\View\View.php(213): include('APPPATH\\Views\\timesheet.php')
 3 SYSTEMPATH\View\View.php(216): CodeIgniter\View\View->CodeIgniter\View\{closure}()
 4 SYSTEMPATH\Common.php(1184): CodeIgniter\View\View->render('timesheet', [], true)
 5 APPPATH\Controllers\Timesheet.php(29): view('timesheet', [...])
 6 SYSTEMPATH\CodeIgniter.php(934): App\Controllers\Timesheet->index()
 7 SYSTEMPATH\CodeIgniter.php(499): CodeIgniter\CodeIgniter->runController(Object(App\Controllers\Timesheet))
 8 SYSTEMPATH\CodeIgniter.php(368): CodeIgniter\CodeIgniter->handleRequest(null, Object(Config\Cache), false)
 9 FCPATH\index.php(76): CodeIgniter\CodeIgniter->run()
CRITICAL - 2023-05-10 11:09:32 --> Undefined variable $projects_name
in APPPATH\Views\timesheet.php on line 43.
 1 APPPATH\Views\timesheet.php(43): CodeIgniter\Debug\Exceptions->errorHandler(2, 'Undefined variable $projects_name', 'APPPATH\\Views\\timesheet.php', 43)
 2 SYSTEMPATH\View\View.php(213): include('APPPATH\\Views\\timesheet.php')
 3 SYSTEMPATH\View\View.php(216): CodeIgniter\View\View->CodeIgniter\View\{closure}()
 4 SYSTEMPATH\Common.php(1184): CodeIgniter\View\View->render('timesheet', [], true)
 5 APPPATH\Controllers\Timesheet.php(29): view('timesheet', [...])
 6 SYSTEMPATH\CodeIgniter.php(934): App\Controllers\Timesheet->index()
 7 SYSTEMPATH\CodeIgniter.php(499): CodeIgniter\CodeIgniter->runController(Object(App\Controllers\Timesheet))
 8 SYSTEMPATH\CodeIgniter.php(368): CodeIgniter\CodeIgniter->handleRequest(null, Object(Config\Cache), false)
 9 FCPATH\index.php(76): CodeIgniter\CodeIgniter->run()
CRITICAL - 2023-05-10 11:09:32 --> Undefined variable $projects_name
in APPPATH\Views\timesheet.php on line 43.
 1 APPPATH\Views\timesheet.php(43): CodeIgniter\Debug\Exceptions->errorHandler(2, 'Undefined variable $projects_name', 'APPPATH\\Views\\timesheet.php', 43)
 2 SYSTEMPATH\View\View.php(213): include('APPPATH\\Views\\timesheet.php')
 3 SYSTEMPATH\View\View.php(216): CodeIgniter\View\View->CodeIgniter\View\{closure}()
 4 SYSTEMPATH\Common.php(1184): CodeIgniter\View\View->render('timesheet', [], true)
 5 APPPATH\Controllers\Timesheet.php(29): view('timesheet', [...])
 6 SYSTEMPATH\CodeIgniter.php(934): App\Controllers\Timesheet->index()
 7 SYSTEMPATH\CodeIgniter.php(499): CodeIgniter\CodeIgniter->runController(Object(App\Controllers\Timesheet))
 8 SYSTEMPATH\CodeIgniter.php(368): CodeIgniter\CodeIgniter->handleRequest(null, Object(Config\Cache), false)
 9 FCPATH\index.php(76): CodeIgniter\CodeIgniter->run()
CRITICAL - 2023-05-10 11:09:32 --> Undefined variable $projects_name
in APPPATH\Views\timesheet.php on line 43.
 1 APPPATH\Views\timesheet.php(43): CodeIgniter\Debug\Exceptions->errorHandler(2, 'Undefined variable $projects_name', 'APPPATH\\Views\\timesheet.php', 43)
 2 SYSTEMPATH\View\View.php(213): include('APPPATH\\Views\\timesheet.php')
 3 SYSTEMPATH\View\View.php(216): CodeIgniter\View\View->CodeIgniter\View\{closure}()
 4 SYSTEMPATH\Common.php(1184): CodeIgniter\View\View->render('timesheet', [], true)
 5 APPPATH\Controllers\Timesheet.php(29): view('timesheet', [...])
 6 SYSTEMPATH\CodeIgniter.php(934): App\Controllers\Timesheet->index()
 7 SYSTEMPATH\CodeIgniter.php(499): CodeIgniter\CodeIgniter->runController(Object(App\Controllers\Timesheet))
 8 SYSTEMPATH\CodeIgniter.php(368): CodeIgniter\CodeIgniter->handleRequest(null, Object(Config\Cache), false)
 9 FCPATH\index.php(76): CodeIgniter\CodeIgniter->run()
CRITICAL - 2023-05-10 11:09:32 --> Undefined variable $projects_name
in APPPATH\Views\timesheet.php on line 43.
 1 APPPATH\Views\timesheet.php(43): CodeIgniter\Debug\Exceptions->errorHandler(2, 'Undefined variable $projects_name', 'APPPATH\\Views\\timesheet.php', 43)
 2 SYSTEMPATH\View\View.php(213): include('APPPATH\\Views\\timesheet.php')
 3 SYSTEMPATH\View\View.php(216): CodeIgniter\View\View->CodeIgniter\View\{closure}()
 4 SYSTEMPATH\Common.php(1184): CodeIgniter\View\View->render('timesheet', [], true)
 5 APPPATH\Controllers\Timesheet.php(29): view('timesheet', [...])
 6 SYSTEMPATH\CodeIgniter.php(934): App\Controllers\Timesheet->index()
 7 SYSTEMPATH\CodeIgniter.php(499): CodeIgniter\CodeIgniter->runController(Object(App\Controllers\Timesheet))
 8 SYSTEMPATH\CodeIgniter.php(368): CodeIgniter\CodeIgniter->handleRequest(null, Object(Config\Cache), false)
 9 FCPATH\index.php(76): CodeIgniter\CodeIgniter->run()
CRITICAL - 2023-05-10 11:10:14 --> Undefined variable $form
in APPPATH\Views\timesheet.php on line 102.
 1 APPPATH\Views\timesheet.php(102): CodeIgniter\Debug\Exceptions->errorHandler(2, 'Undefined variable $form', 'APPPATH\\Views\\timesheet.php', 102)
 2 SYSTEMPATH\View\View.php(213): include('APPPATH\\Views\\timesheet.php')
 3 SYSTEMPATH\View\View.php(216): CodeIgniter\View\View->CodeIgniter\View\{closure}()
 4 SYSTEMPATH\Common.php(1184): CodeIgniter\View\View->render('timesheet', [], true)
 5 APPPATH\Controllers\Timesheet.php(29): view('timesheet', [...])
 6 SYSTEMPATH\CodeIgniter.php(934): App\Controllers\Timesheet->index()
 7 SYSTEMPATH\CodeIgniter.php(499): CodeIgniter\CodeIgniter->runController(Object(App\Controllers\Timesheet))
 8 SYSTEMPATH\CodeIgniter.php(368): CodeIgniter\CodeIgniter->handleRequest(null, Object(Config\Cache), false)
 9 FCPATH\index.php(76): CodeIgniter\CodeIgniter->run()
CRITICAL - 2023-05-10 13:24:15 --> syntax error, unexpected token "}"
in APPPATH\Controllers\Timesheet.php on line 33.
 1 SYSTEMPATH\Router\Router.php(507): CodeIgniter\Router\AutoRouter->getRoute('/timesheet')
 2 SYSTEMPATH\Router\Router.php(206): CodeIgniter\Router\Router->autoRoute('/timesheet')
 3 SYSTEMPATH\CodeIgniter.php(815): CodeIgniter\Router\Router->handle('/timesheet')
 4 SYSTEMPATH\CodeIgniter.php(449): CodeIgniter\CodeIgniter->tryToRouteIt(Object(CodeIgniter\Router\RouteCollection))
 5 SYSTEMPATH\CodeIgniter.php(368): CodeIgniter\CodeIgniter->handleRequest(null, Object(Config\Cache), false)
 6 FCPATH\index.php(76): CodeIgniter\CodeIgniter->run()
