CRITICAL - 2023-06-12 12:17:40 --> Class "App\Controllers\Session" not found
in APPPATH\Controllers\Timesheet.php on line 253.
 1 SYSTEMPATH\CodeIgniter.php(934): App\Controllers\Timesheet->access_key()
 2 SYSTEMPATH\CodeIgniter.php(499): CodeIgniter\CodeIgniter->runController(Object(App\Controllers\Timesheet))
 3 SYSTEMPATH\CodeIgniter.php(368): CodeIgniter\CodeIgniter->handleRequest(null, Object(Config\Cache), false)
 4 FCPATH\index.php(75): CodeIgniter\CodeIgniter->run()
CRITICAL - 2023-06-12 12:18:25 --> Class "App\Controllers\Session" not found
in APPPATH\Controllers\Timesheet.php on line 253.
 1 SYSTEMPATH\CodeIgniter.php(934): App\Controllers\Timesheet->access_key()
 2 SYSTEMPATH\CodeIgniter.php(499): CodeIgniter\CodeIgniter->runController(Object(App\Controllers\Timesheet))
 3 SYSTEMPATH\CodeIgniter.php(368): CodeIgniter\CodeIgniter->handleRequest(null, Object(Config\Cache), false)
 4 FCPATH\index.php(75): CodeIgniter\CodeIgniter->run()
CRITICAL - 2023-06-12 12:20:29 --> Class "App\Controllers\Session" not found
in APPPATH\Controllers\Timesheet.php on line 253.
 1 SYSTEMPATH\CodeIgniter.php(934): App\Controllers\Timesheet->access_key()
 2 SYSTEMPATH\CodeIgniter.php(499): CodeIgniter\CodeIgniter->runController(Object(App\Controllers\Timesheet))
 3 SYSTEMPATH\CodeIgniter.php(368): CodeIgniter\CodeIgniter->handleRequest(null, Object(Config\Cache), false)
 4 FCPATH\index.php(75): CodeIgniter\CodeIgniter->run()
CRITICAL - 2023-06-12 12:28:02 --> Call to undefined method App\Models\CompanyModel::pluck
in SYSTEMPATH\Model.php on line 842.
 1 APPPATH\Controllers\Timesheet.php(262): CodeIgniter\Model->__call('pluck', [...])
 2 SYSTEMPATH\CodeIgniter.php(934): App\Controllers\Timesheet->access_key()
 3 SYSTEMPATH\CodeIgniter.php(499): CodeIgniter\CodeIgniter->runController(Object(App\Controllers\Timesheet))
 4 SYSTEMPATH\CodeIgniter.php(368): CodeIgniter\CodeIgniter->handleRequest(null, Object(Config\Cache), false)
 5 FCPATH\index.php(75): CodeIgniter\CodeIgniter->run()
CRITICAL - 2023-06-12 12:28:32 --> Call to undefined method App\Models\CompanyModel::pluck
in SYSTEMPATH\Model.php on line 842.
 1 APPPATH\Controllers\Timesheet.php(262): CodeIgniter\Model->__call('pluck', [...])
 2 SYSTEMPATH\CodeIgniter.php(934): App\Controllers\Timesheet->access_key()
 3 SYSTEMPATH\CodeIgniter.php(499): CodeIgniter\CodeIgniter->runController(Object(App\Controllers\Timesheet))
 4 SYSTEMPATH\CodeIgniter.php(368): CodeIgniter\CodeIgniter->handleRequest(null, Object(Config\Cache), false)
 5 FCPATH\index.php(75): CodeIgniter\CodeIgniter->run()
CRITICAL - 2023-06-12 12:29:05 --> Call to undefined method App\Models\CompanyModel::pluck
in SYSTEMPATH\Model.php on line 842.
 1 APPPATH\Controllers\Timesheet.php(262): CodeIgniter\Model->__call('pluck', [...])
 2 SYSTEMPATH\CodeIgniter.php(934): App\Controllers\Timesheet->access_key()
 3 SYSTEMPATH\CodeIgniter.php(499): CodeIgniter\CodeIgniter->runController(Object(App\Controllers\Timesheet))
 4 SYSTEMPATH\CodeIgniter.php(368): CodeIgniter\CodeIgniter->handleRequest(null, Object(Config\Cache), false)
 5 FCPATH\index.php(75): CodeIgniter\CodeIgniter->run()
CRITICAL - 2023-06-12 12:30:06 --> Call to undefined method App\Models\CompanyModel::pluck
in SYSTEMPATH\Model.php on line 842.
 1 APPPATH\Controllers\Timesheet.php(262): CodeIgniter\Model->__call('pluck', [...])
 2 SYSTEMPATH\CodeIgniter.php(934): App\Controllers\Timesheet->access_key()
 3 SYSTEMPATH\CodeIgniter.php(499): CodeIgniter\CodeIgniter->runController(Object(App\Controllers\Timesheet))
 4 SYSTEMPATH\CodeIgniter.php(368): CodeIgniter\CodeIgniter->handleRequest(null, Object(Config\Cache), false)
 5 FCPATH\index.php(75): CodeIgniter\CodeIgniter->run()
CRITICAL - 2023-06-12 12:30:46 --> Undefined property: App\Controllers\Timesheet::$input
in APPPATH\Controllers\Timesheet.php on line 255.
 1 APPPATH\Controllers\Timesheet.php(255): CodeIgniter\Debug\Exceptions->errorHandler(2, 'Undefined property: App\\Controllers\\Timesheet::$input', 'APPPATH\\Controllers\\Timesheet.php', 255)
 2 SYSTEMPATH\CodeIgniter.php(934): App\Controllers\Timesheet->access_key()
 3 SYSTEMPATH\CodeIgniter.php(499): CodeIgniter\CodeIgniter->runController(Object(App\Controllers\Timesheet))
 4 SYSTEMPATH\CodeIgniter.php(368): CodeIgniter\CodeIgniter->handleRequest(null, Object(Config\Cache), false)
 5 FCPATH\index.php(75): CodeIgniter\CodeIgniter->run()
CRITICAL - 2023-06-12 12:32:40 --> Undefined array key "empId"
in APPPATH\Controllers\Timesheet.php on line 256.
 1 APPPATH\Controllers\Timesheet.php(256): CodeIgniter\Debug\Exceptions->errorHandler(2, 'Undefined array key "empId"', 'APPPATH\\Controllers\\Timesheet.php', 256)
 2 SYSTEMPATH\CodeIgniter.php(934): App\Controllers\Timesheet->access_key()
 3 SYSTEMPATH\CodeIgniter.php(499): CodeIgniter\CodeIgniter->runController(Object(App\Controllers\Timesheet))
 4 SYSTEMPATH\CodeIgniter.php(368): CodeIgniter\CodeIgniter->handleRequest(null, Object(Config\Cache), false)
 5 FCPATH\index.php(75): CodeIgniter\CodeIgniter->run()
CRITICAL - 2023-06-12 12:32:42 --> Undefined array key "empId"
in APPPATH\Controllers\Timesheet.php on line 256.
 1 APPPATH\Controllers\Timesheet.php(256): CodeIgniter\Debug\Exceptions->errorHandler(2, 'Undefined array key "empId"', 'APPPATH\\Controllers\\Timesheet.php', 256)
 2 SYSTEMPATH\CodeIgniter.php(934): App\Controllers\Timesheet->access_key()
 3 SYSTEMPATH\CodeIgniter.php(499): CodeIgniter\CodeIgniter->runController(Object(App\Controllers\Timesheet))
 4 SYSTEMPATH\CodeIgniter.php(368): CodeIgniter\CodeIgniter->handleRequest(null, Object(Config\Cache), false)
 5 FCPATH\index.php(75): CodeIgniter\CodeIgniter->run()
CRITICAL - 2023-06-12 12:33:10 --> Undefined array key "empId"
in APPPATH\Controllers\Timesheet.php on line 256.
 1 APPPATH\Controllers\Timesheet.php(256): CodeIgniter\Debug\Exceptions->errorHandler(2, 'Undefined array key "empId"', 'APPPATH\\Controllers\\Timesheet.php', 256)
 2 SYSTEMPATH\CodeIgniter.php(934): App\Controllers\Timesheet->access_key()
 3 SYSTEMPATH\CodeIgniter.php(499): CodeIgniter\CodeIgniter->runController(Object(App\Controllers\Timesheet))
 4 SYSTEMPATH\CodeIgniter.php(368): CodeIgniter\CodeIgniter->handleRequest(null, Object(Config\Cache), false)
 5 FCPATH\index.php(75): CodeIgniter\CodeIgniter->run()
CRITICAL - 2023-06-12 12:40:40 --> Undefined array key "empId"
in APPPATH\Controllers\Timesheet.php on line 256.
 1 APPPATH\Controllers\Timesheet.php(256): CodeIgniter\Debug\Exceptions->errorHandler(2, 'Undefined array key "empId"', 'APPPATH\\Controllers\\Timesheet.php', 256)
 2 SYSTEMPATH\CodeIgniter.php(934): App\Controllers\Timesheet->access_key()
 3 SYSTEMPATH\CodeIgniter.php(499): CodeIgniter\CodeIgniter->runController(Object(App\Controllers\Timesheet))
 4 SYSTEMPATH\CodeIgniter.php(368): CodeIgniter\CodeIgniter->handleRequest(null, Object(Config\Cache), false)
 5 FCPATH\index.php(75): CodeIgniter\CodeIgniter->run()
CRITICAL - 2023-06-12 12:41:19 --> Too few arguments to function App\Controllers\Timesheet::access_key(), 0 passed in C:\xampp\htdocs\timesheet\vendor\codeigniter4\framework\system\CodeIgniter.php on line 934 and exactly 1 expected
in APPPATH\Controllers\Timesheet.php on line 252.
 1 SYSTEMPATH\CodeIgniter.php(934): App\Controllers\Timesheet->access_key()
 2 SYSTEMPATH\CodeIgniter.php(499): CodeIgniter\CodeIgniter->runController(Object(App\Controllers\Timesheet))
 3 SYSTEMPATH\CodeIgniter.php(368): CodeIgniter\CodeIgniter->handleRequest(null, Object(Config\Cache), false)
 4 FCPATH\index.php(75): CodeIgniter\CodeIgniter->run()
CRITICAL - 2023-06-12 12:41:49 --> Too few arguments to function App\Controllers\Timesheet::access_key(), 0 passed in C:\xampp\htdocs\timesheet\vendor\codeigniter4\framework\system\CodeIgniter.php on line 934 and exactly 1 expected
in APPPATH\Controllers\Timesheet.php on line 252.
 1 SYSTEMPATH\CodeIgniter.php(934): App\Controllers\Timesheet->access_key()
 2 SYSTEMPATH\CodeIgniter.php(499): CodeIgniter\CodeIgniter->runController(Object(App\Controllers\Timesheet))
 3 SYSTEMPATH\CodeIgniter.php(368): CodeIgniter\CodeIgniter->handleRequest(null, Object(Config\Cache), false)
 4 FCPATH\index.php(75): CodeIgniter\CodeIgniter->run()
CRITICAL - 2023-06-12 12:42:58 --> Too few arguments to function App\Controllers\Timesheet::access_key(), 0 passed in C:\xampp\htdocs\timesheet\vendor\codeigniter4\framework\system\CodeIgniter.php on line 934 and exactly 1 expected
in APPPATH\Controllers\Timesheet.php on line 252.
 1 SYSTEMPATH\CodeIgniter.php(934): App\Controllers\Timesheet->access_key()
 2 SYSTEMPATH\CodeIgniter.php(499): CodeIgniter\CodeIgniter->runController(Object(App\Controllers\Timesheet))
 3 SYSTEMPATH\CodeIgniter.php(368): CodeIgniter\CodeIgniter->handleRequest(null, Object(Config\Cache), false)
 4 FCPATH\index.php(75): CodeIgniter\CodeIgniter->run()
CRITICAL - 2023-06-12 12:42:59 --> Too few arguments to function App\Controllers\Timesheet::access_key(), 0 passed in C:\xampp\htdocs\timesheet\vendor\codeigniter4\framework\system\CodeIgniter.php on line 934 and exactly 1 expected
in APPPATH\Controllers\Timesheet.php on line 252.
 1 SYSTEMPATH\CodeIgniter.php(934): App\Controllers\Timesheet->access_key()
 2 SYSTEMPATH\CodeIgniter.php(499): CodeIgniter\CodeIgniter->runController(Object(App\Controllers\Timesheet))
 3 SYSTEMPATH\CodeIgniter.php(368): CodeIgniter\CodeIgniter->handleRequest(null, Object(Config\Cache), false)
 4 FCPATH\index.php(75): CodeIgniter\CodeIgniter->run()
CRITICAL - 2023-06-12 12:43:00 --> Too few arguments to function App\Controllers\Timesheet::access_key(), 0 passed in C:\xampp\htdocs\timesheet\vendor\codeigniter4\framework\system\CodeIgniter.php on line 934 and exactly 1 expected
in APPPATH\Controllers\Timesheet.php on line 252.
 1 SYSTEMPATH\CodeIgniter.php(934): App\Controllers\Timesheet->access_key()
 2 SYSTEMPATH\CodeIgniter.php(499): CodeIgniter\CodeIgniter->runController(Object(App\Controllers\Timesheet))
 3 SYSTEMPATH\CodeIgniter.php(368): CodeIgniter\CodeIgniter->handleRequest(null, Object(Config\Cache), false)
 4 FCPATH\index.php(75): CodeIgniter\CodeIgniter->run()
CRITICAL - 2023-06-12 12:54:07 --> Too few arguments to function App\Controllers\Timesheet::access_key(), 0 passed in C:\xampp\htdocs\timesheet\vendor\codeigniter4\framework\system\CodeIgniter.php on line 934 and exactly 1 expected
in APPPATH\Controllers\Timesheet.php on line 252.
 1 SYSTEMPATH\CodeIgniter.php(934): App\Controllers\Timesheet->access_key()
 2 SYSTEMPATH\CodeIgniter.php(499): CodeIgniter\CodeIgniter->runController(Object(App\Controllers\Timesheet))
 3 SYSTEMPATH\CodeIgniter.php(368): CodeIgniter\CodeIgniter->handleRequest(null, Object(Config\Cache), false)
 4 FCPATH\index.php(75): CodeIgniter\CodeIgniter->run()
CRITICAL - 2023-06-12 12:54:09 --> Too few arguments to function App\Controllers\Timesheet::access_key(), 0 passed in C:\xampp\htdocs\timesheet\vendor\codeigniter4\framework\system\CodeIgniter.php on line 934 and exactly 1 expected
in APPPATH\Controllers\Timesheet.php on line 252.
 1 SYSTEMPATH\CodeIgniter.php(934): App\Controllers\Timesheet->access_key()
 2 SYSTEMPATH\CodeIgniter.php(499): CodeIgniter\CodeIgniter->runController(Object(App\Controllers\Timesheet))
 3 SYSTEMPATH\CodeIgniter.php(368): CodeIgniter\CodeIgniter->handleRequest(null, Object(Config\Cache), false)
 4 FCPATH\index.php(75): CodeIgniter\CodeIgniter->run()
CRITICAL - 2023-06-12 12:54:09 --> Too few arguments to function App\Controllers\Timesheet::access_key(), 0 passed in C:\xampp\htdocs\timesheet\vendor\codeigniter4\framework\system\CodeIgniter.php on line 934 and exactly 1 expected
in APPPATH\Controllers\Timesheet.php on line 252.
 1 SYSTEMPATH\CodeIgniter.php(934): App\Controllers\Timesheet->access_key()
 2 SYSTEMPATH\CodeIgniter.php(499): CodeIgniter\CodeIgniter->runController(Object(App\Controllers\Timesheet))
 3 SYSTEMPATH\CodeIgniter.php(368): CodeIgniter\CodeIgniter->handleRequest(null, Object(Config\Cache), false)
 4 FCPATH\index.php(75): CodeIgniter\CodeIgniter->run()
CRITICAL - 2023-06-12 12:54:09 --> Too few arguments to function App\Controllers\Timesheet::access_key(), 0 passed in C:\xampp\htdocs\timesheet\vendor\codeigniter4\framework\system\CodeIgniter.php on line 934 and exactly 1 expected
in APPPATH\Controllers\Timesheet.php on line 252.
 1 SYSTEMPATH\CodeIgniter.php(934): App\Controllers\Timesheet->access_key()
 2 SYSTEMPATH\CodeIgniter.php(499): CodeIgniter\CodeIgniter->runController(Object(App\Controllers\Timesheet))
 3 SYSTEMPATH\CodeIgniter.php(368): CodeIgniter\CodeIgniter->handleRequest(null, Object(Config\Cache), false)
 4 FCPATH\index.php(75): CodeIgniter\CodeIgniter->run()
CRITICAL - 2023-06-12 12:54:52 --> Too few arguments to function App\Controllers\Timesheet::access_key(), 0 passed in C:\xampp\htdocs\timesheet\vendor\codeigniter4\framework\system\CodeIgniter.php on line 934 and exactly 1 expected
in APPPATH\Controllers\Timesheet.php on line 252.
 1 SYSTEMPATH\CodeIgniter.php(934): App\Controllers\Timesheet->access_key()
 2 SYSTEMPATH\CodeIgniter.php(499): CodeIgniter\CodeIgniter->runController(Object(App\Controllers\Timesheet))
 3 SYSTEMPATH\CodeIgniter.php(368): CodeIgniter\CodeIgniter->handleRequest(null, Object(Config\Cache), false)
 4 FCPATH\index.php(75): CodeIgniter\CodeIgniter->run()
CRITICAL - 2023-06-12 14:20:53 --> Call to undefined method App\Models\CompanyModel::pluck
in SYSTEMPATH\Model.php on line 842.
 1 APPPATH\Controllers\Timesheet.php(263): CodeIgniter\Model->__call('pluck', [...])
 2 SYSTEMPATH\CodeIgniter.php(934): App\Controllers\Timesheet->access_key()
 3 SYSTEMPATH\CodeIgniter.php(499): CodeIgniter\CodeIgniter->runController(Object(App\Controllers\Timesheet))
 4 SYSTEMPATH\CodeIgniter.php(368): CodeIgniter\CodeIgniter->handleRequest(null, Object(Config\Cache), false)
 5 FCPATH\index.php(75): CodeIgniter\CodeIgniter->run()
CRITICAL - 2023-06-12 14:21:47 --> Call to undefined method App\Models\CompanyModel::pluck
in SYSTEMPATH\Model.php on line 842.
 1 APPPATH\Controllers\Timesheet.php(263): CodeIgniter\Model->__call('pluck', [...])
 2 SYSTEMPATH\CodeIgniter.php(934): App\Controllers\Timesheet->access_key()
 3 SYSTEMPATH\CodeIgniter.php(499): CodeIgniter\CodeIgniter->runController(Object(App\Controllers\Timesheet))
 4 SYSTEMPATH\CodeIgniter.php(368): CodeIgniter\CodeIgniter->handleRequest(null, Object(Config\Cache), false)
 5 FCPATH\index.php(75): CodeIgniter\CodeIgniter->run()
CRITICAL - 2023-06-12 14:22:18 --> CodeIgniter\Database\BaseBuilder::get(): Argument #1 ($limit) must be of type ?int, string given, called in C:\xampp\htdocs\timesheet\vendor\codeigniter4\framework\system\Model.php on line 840
in SYSTEMPATH\Database\BaseBuilder.php on line 1608.
 1 SYSTEMPATH\Model.php(840): CodeIgniter\Database\BaseBuilder->get('access_key')
 2 APPPATH\Controllers\Timesheet.php(263): CodeIgniter\Model->__call('get', [...])
 3 SYSTEMPATH\CodeIgniter.php(934): App\Controllers\Timesheet->access_key()
 4 SYSTEMPATH\CodeIgniter.php(499): CodeIgniter\CodeIgniter->runController(Object(App\Controllers\Timesheet))
 5 SYSTEMPATH\CodeIgniter.php(368): CodeIgniter\CodeIgniter->handleRequest(null, Object(Config\Cache), false)
 6 FCPATH\index.php(75): CodeIgniter\CodeIgniter->run()
CRITICAL - 2023-06-12 14:24:16 --> Attempt to read property "access_key" on array
in APPPATH\Controllers\Timesheet.php on line 263.
 1 APPPATH\Controllers\Timesheet.php(263): CodeIgniter\Debug\Exceptions->errorHandler(2, 'Attempt to read property "access_key" on array', 'APPPATH\\Controllers\\Timesheet.php', 263)
 2 SYSTEMPATH\CodeIgniter.php(934): App\Controllers\Timesheet->access_key()
 3 SYSTEMPATH\CodeIgniter.php(499): CodeIgniter\CodeIgniter->runController(Object(App\Controllers\Timesheet))
 4 SYSTEMPATH\CodeIgniter.php(368): CodeIgniter\CodeIgniter->handleRequest(null, Object(Config\Cache), false)
 5 FCPATH\index.php(75): CodeIgniter\CodeIgniter->run()
CRITICAL - 2023-06-12 14:27:39 --> Attempt to read property "access_key" on array
in APPPATH\Controllers\Timesheet.php on line 263.
 1 APPPATH\Controllers\Timesheet.php(263): CodeIgniter\Debug\Exceptions->errorHandler(2, 'Attempt to read property "access_key" on array', 'APPPATH\\Controllers\\Timesheet.php', 263)
 2 SYSTEMPATH\CodeIgniter.php(934): App\Controllers\Timesheet->access_key()
 3 SYSTEMPATH\CodeIgniter.php(499): CodeIgniter\CodeIgniter->runController(Object(App\Controllers\Timesheet))
 4 SYSTEMPATH\CodeIgniter.php(368): CodeIgniter\CodeIgniter->handleRequest(null, Object(Config\Cache), false)
 5 FCPATH\index.php(75): CodeIgniter\CodeIgniter->run()
CRITICAL - 2023-06-12 14:29:08 --> Undefined variable $emp_id
in APPPATH\Controllers\Timesheet.php on line 263.
 1 APPPATH\Controllers\Timesheet.php(263): CodeIgniter\Debug\Exceptions->errorHandler(2, 'Undefined variable $emp_id', 'APPPATH\\Controllers\\Timesheet.php', 263)
 2 SYSTEMPATH\CodeIgniter.php(934): App\Controllers\Timesheet->access_key()
 3 SYSTEMPATH\CodeIgniter.php(499): CodeIgniter\CodeIgniter->runController(Object(App\Controllers\Timesheet))
 4 SYSTEMPATH\CodeIgniter.php(368): CodeIgniter\CodeIgniter->handleRequest(null, Object(Config\Cache), false)
 5 FCPATH\index.php(75): CodeIgniter\CodeIgniter->run()
CRITICAL - 2023-06-12 11:21:07 --> ucfirst(): Argument #1 ($string) must be of type string, array given
in APPPATH\Views\pdf.php on line 74.
 1 APPPATH\Views\pdf.php(74): ucfirst([...])
 2 SYSTEMPATH\View\View.php(213): include('APPPATH\\Views\\pdf.php')
 3 SYSTEMPATH\View\View.php(216): CodeIgniter\View\View->CodeIgniter\View\{closure}()
 4 SYSTEMPATH\Common.php(1184): CodeIgniter\View\View->render('pdf', [], true)
 5 APPPATH\Controllers\AdminController.php(263): view('pdf', [...])
 6 SYSTEMPATH\CodeIgniter.php(934): App\Controllers\AdminController->search('0', '0', '0', '0')
 7 SYSTEMPATH\CodeIgniter.php(499): CodeIgniter\CodeIgniter->runController(Object(App\Controllers\AdminController))
 8 SYSTEMPATH\CodeIgniter.php(368): CodeIgniter\CodeIgniter->handleRequest(null, Object(Config\Cache), false)
 9 FCPATH\index.php(75): CodeIgniter\CodeIgniter->run()
CRITICAL - 2023-06-12 11:21:07 --> ucfirst(): Argument #1 ($string) must be of type string, array given
in APPPATH\Views\pdf.php on line 74.
 1 APPPATH\Views\pdf.php(74): ucfirst([...])
 2 SYSTEMPATH\View\View.php(213): include('APPPATH\\Views\\pdf.php')
 3 SYSTEMPATH\View\View.php(216): CodeIgniter\View\View->CodeIgniter\View\{closure}()
 4 SYSTEMPATH\Common.php(1184): CodeIgniter\View\View->render('pdf', [], true)
 5 APPPATH\Controllers\AdminController.php(263): view('pdf', [...])
 6 SYSTEMPATH\CodeIgniter.php(934): App\Controllers\AdminController->search('0', '0', '0', '0')
 7 SYSTEMPATH\CodeIgniter.php(499): CodeIgniter\CodeIgniter->runController(Object(App\Controllers\AdminController))
 8 SYSTEMPATH\CodeIgniter.php(368): CodeIgniter\CodeIgniter->handleRequest(null, Object(Config\Cache), false)
 9 FCPATH\index.php(75): CodeIgniter\CodeIgniter->run()
CRITICAL - 2023-06-12 11:21:09 --> ucfirst(): Argument #1 ($string) must be of type string, array given
in APPPATH\Views\pdf.php on line 74.
 1 APPPATH\Views\pdf.php(74): ucfirst([...])
 2 SYSTEMPATH\View\View.php(213): include('APPPATH\\Views\\pdf.php')
 3 SYSTEMPATH\View\View.php(216): CodeIgniter\View\View->CodeIgniter\View\{closure}()
 4 SYSTEMPATH\Common.php(1184): CodeIgniter\View\View->render('pdf', [], true)
 5 APPPATH\Controllers\AdminController.php(263): view('pdf', [...])
 6 SYSTEMPATH\CodeIgniter.php(934): App\Controllers\AdminController->search('0', '0', '0', '0')
 7 SYSTEMPATH\CodeIgniter.php(499): CodeIgniter\CodeIgniter->runController(Object(App\Controllers\AdminController))
 8 SYSTEMPATH\CodeIgniter.php(368): CodeIgniter\CodeIgniter->handleRequest(null, Object(Config\Cache), false)
 9 FCPATH\index.php(75): CodeIgniter\CodeIgniter->run()
CRITICAL - 2023-06-12 11:21:09 --> ucfirst(): Argument #1 ($string) must be of type string, array given
in APPPATH\Views\pdf.php on line 74.
 1 APPPATH\Views\pdf.php(74): ucfirst([...])
 2 SYSTEMPATH\View\View.php(213): include('APPPATH\\Views\\pdf.php')
 3 SYSTEMPATH\View\View.php(216): CodeIgniter\View\View->CodeIgniter\View\{closure}()
 4 SYSTEMPATH\Common.php(1184): CodeIgniter\View\View->render('pdf', [], true)
 5 APPPATH\Controllers\AdminController.php(263): view('pdf', [...])
 6 SYSTEMPATH\CodeIgniter.php(934): App\Controllers\AdminController->search('0', '0', '0', '0')
 7 SYSTEMPATH\CodeIgniter.php(499): CodeIgniter\CodeIgniter->runController(Object(App\Controllers\AdminController))
 8 SYSTEMPATH\CodeIgniter.php(368): CodeIgniter\CodeIgniter->handleRequest(null, Object(Config\Cache), false)
 9 FCPATH\index.php(75): CodeIgniter\CodeIgniter->run()
CRITICAL - 2023-06-12 11:21:09 --> ucfirst(): Argument #1 ($string) must be of type string, array given
in APPPATH\Views\pdf.php on line 74.
 1 APPPATH\Views\pdf.php(74): ucfirst([...])
 2 SYSTEMPATH\View\View.php(213): include('APPPATH\\Views\\pdf.php')
 3 SYSTEMPATH\View\View.php(216): CodeIgniter\View\View->CodeIgniter\View\{closure}()
 4 SYSTEMPATH\Common.php(1184): CodeIgniter\View\View->render('pdf', [], true)
 5 APPPATH\Controllers\AdminController.php(263): view('pdf', [...])
 6 SYSTEMPATH\CodeIgniter.php(934): App\Controllers\AdminController->search('0', '0', '0', '0')
 7 SYSTEMPATH\CodeIgniter.php(499): CodeIgniter\CodeIgniter->runController(Object(App\Controllers\AdminController))
 8 SYSTEMPATH\CodeIgniter.php(368): CodeIgniter\CodeIgniter->handleRequest(null, Object(Config\Cache), false)
 9 FCPATH\index.php(75): CodeIgniter\CodeIgniter->run()
CRITICAL - 2023-06-12 11:21:10 --> ucfirst(): Argument #1 ($string) must be of type string, array given
in APPPATH\Views\pdf.php on line 74.
 1 APPPATH\Views\pdf.php(74): ucfirst([...])
 2 SYSTEMPATH\View\View.php(213): include('APPPATH\\Views\\pdf.php')
 3 SYSTEMPATH\View\View.php(216): CodeIgniter\View\View->CodeIgniter\View\{closure}()
 4 SYSTEMPATH\Common.php(1184): CodeIgniter\View\View->render('pdf', [], true)
 5 APPPATH\Controllers\AdminController.php(263): view('pdf', [...])
 6 SYSTEMPATH\CodeIgniter.php(934): App\Controllers\AdminController->search('0', '0', '0', '0')
 7 SYSTEMPATH\CodeIgniter.php(499): CodeIgniter\CodeIgniter->runController(Object(App\Controllers\AdminController))
 8 SYSTEMPATH\CodeIgniter.php(368): CodeIgniter\CodeIgniter->handleRequest(null, Object(Config\Cache), false)
 9 FCPATH\index.php(75): CodeIgniter\CodeIgniter->run()
CRITICAL - 2023-06-12 11:21:10 --> ucfirst(): Argument #1 ($string) must be of type string, array given
in APPPATH\Views\pdf.php on line 74.
 1 APPPATH\Views\pdf.php(74): ucfirst([...])
 2 SYSTEMPATH\View\View.php(213): include('APPPATH\\Views\\pdf.php')
 3 SYSTEMPATH\View\View.php(216): CodeIgniter\View\View->CodeIgniter\View\{closure}()
 4 SYSTEMPATH\Common.php(1184): CodeIgniter\View\View->render('pdf', [], true)
 5 APPPATH\Controllers\AdminController.php(263): view('pdf', [...])
 6 SYSTEMPATH\CodeIgniter.php(934): App\Controllers\AdminController->search('0', '0', '0', '0')
 7 SYSTEMPATH\CodeIgniter.php(499): CodeIgniter\CodeIgniter->runController(Object(App\Controllers\AdminController))
 8 SYSTEMPATH\CodeIgniter.php(368): CodeIgniter\CodeIgniter->handleRequest(null, Object(Config\Cache), false)
 9 FCPATH\index.php(75): CodeIgniter\CodeIgniter->run()
CRITICAL - 2023-06-12 11:21:10 --> ucfirst(): Argument #1 ($string) must be of type string, array given
in APPPATH\Views\pdf.php on line 74.
 1 APPPATH\Views\pdf.php(74): ucfirst([...])
 2 SYSTEMPATH\View\View.php(213): include('APPPATH\\Views\\pdf.php')
 3 SYSTEMPATH\View\View.php(216): CodeIgniter\View\View->CodeIgniter\View\{closure}()
 4 SYSTEMPATH\Common.php(1184): CodeIgniter\View\View->render('pdf', [], true)
 5 APPPATH\Controllers\AdminController.php(263): view('pdf', [...])
 6 SYSTEMPATH\CodeIgniter.php(934): App\Controllers\AdminController->search('0', '0', '0', '0')
 7 SYSTEMPATH\CodeIgniter.php(499): CodeIgniter\CodeIgniter->runController(Object(App\Controllers\AdminController))
 8 SYSTEMPATH\CodeIgniter.php(368): CodeIgniter\CodeIgniter->handleRequest(null, Object(Config\Cache), false)
 9 FCPATH\index.php(75): CodeIgniter\CodeIgniter->run()
CRITICAL - 2023-06-12 11:21:10 --> ucfirst(): Argument #1 ($string) must be of type string, array given
in APPPATH\Views\pdf.php on line 74.
 1 APPPATH\Views\pdf.php(74): ucfirst([...])
 2 SYSTEMPATH\View\View.php(213): include('APPPATH\\Views\\pdf.php')
 3 SYSTEMPATH\View\View.php(216): CodeIgniter\View\View->CodeIgniter\View\{closure}()
 4 SYSTEMPATH\Common.php(1184): CodeIgniter\View\View->render('pdf', [], true)
 5 APPPATH\Controllers\AdminController.php(263): view('pdf', [...])
 6 SYSTEMPATH\CodeIgniter.php(934): App\Controllers\AdminController->search('0', '0', '0', '0')
 7 SYSTEMPATH\CodeIgniter.php(499): CodeIgniter\CodeIgniter->runController(Object(App\Controllers\AdminController))
 8 SYSTEMPATH\CodeIgniter.php(368): CodeIgniter\CodeIgniter->handleRequest(null, Object(Config\Cache), false)
 9 FCPATH\index.php(75): CodeIgniter\CodeIgniter->run()
CRITICAL - 2023-06-12 11:21:10 --> ucfirst(): Argument #1 ($string) must be of type string, array given
in APPPATH\Views\pdf.php on line 74.
 1 APPPATH\Views\pdf.php(74): ucfirst([...])
 2 SYSTEMPATH\View\View.php(213): include('APPPATH\\Views\\pdf.php')
 3 SYSTEMPATH\View\View.php(216): CodeIgniter\View\View->CodeIgniter\View\{closure}()
 4 SYSTEMPATH\Common.php(1184): CodeIgniter\View\View->render('pdf', [], true)
 5 APPPATH\Controllers\AdminController.php(263): view('pdf', [...])
 6 SYSTEMPATH\CodeIgniter.php(934): App\Controllers\AdminController->search('0', '0', '0', '0')
 7 SYSTEMPATH\CodeIgniter.php(499): CodeIgniter\CodeIgniter->runController(Object(App\Controllers\AdminController))
 8 SYSTEMPATH\CodeIgniter.php(368): CodeIgniter\CodeIgniter->handleRequest(null, Object(Config\Cache), false)
 9 FCPATH\index.php(75): CodeIgniter\CodeIgniter->run()
CRITICAL - 2023-06-12 11:21:10 --> ucfirst(): Argument #1 ($string) must be of type string, array given
in APPPATH\Views\pdf.php on line 74.
 1 APPPATH\Views\pdf.php(74): ucfirst([...])
 2 SYSTEMPATH\View\View.php(213): include('APPPATH\\Views\\pdf.php')
 3 SYSTEMPATH\View\View.php(216): CodeIgniter\View\View->CodeIgniter\View\{closure}()
 4 SYSTEMPATH\Common.php(1184): CodeIgniter\View\View->render('pdf', [], true)
 5 APPPATH\Controllers\AdminController.php(263): view('pdf', [...])
 6 SYSTEMPATH\CodeIgniter.php(934): App\Controllers\AdminController->search('0', '0', '0', '0')
 7 SYSTEMPATH\CodeIgniter.php(499): CodeIgniter\CodeIgniter->runController(Object(App\Controllers\AdminController))
 8 SYSTEMPATH\CodeIgniter.php(368): CodeIgniter\CodeIgniter->handleRequest(null, Object(Config\Cache), false)
 9 FCPATH\index.php(75): CodeIgniter\CodeIgniter->run()
CRITICAL - 2023-06-12 11:21:10 --> ucfirst(): Argument #1 ($string) must be of type string, array given
in APPPATH\Views\pdf.php on line 74.
 1 APPPATH\Views\pdf.php(74): ucfirst([...])
 2 SYSTEMPATH\View\View.php(213): include('APPPATH\\Views\\pdf.php')
 3 SYSTEMPATH\View\View.php(216): CodeIgniter\View\View->CodeIgniter\View\{closure}()
 4 SYSTEMPATH\Common.php(1184): CodeIgniter\View\View->render('pdf', [], true)
 5 APPPATH\Controllers\AdminController.php(263): view('pdf', [...])
 6 SYSTEMPATH\CodeIgniter.php(934): App\Controllers\AdminController->search('0', '0', '0', '0')
 7 SYSTEMPATH\CodeIgniter.php(499): CodeIgniter\CodeIgniter->runController(Object(App\Controllers\AdminController))
 8 SYSTEMPATH\CodeIgniter.php(368): CodeIgniter\CodeIgniter->handleRequest(null, Object(Config\Cache), false)
 9 FCPATH\index.php(75): CodeIgniter\CodeIgniter->run()
CRITICAL - 2023-06-12 11:21:11 --> ucfirst(): Argument #1 ($string) must be of type string, array given
in APPPATH\Views\pdf.php on line 74.
 1 APPPATH\Views\pdf.php(74): ucfirst([...])
 2 SYSTEMPATH\View\View.php(213): include('APPPATH\\Views\\pdf.php')
 3 SYSTEMPATH\View\View.php(216): CodeIgniter\View\View->CodeIgniter\View\{closure}()
 4 SYSTEMPATH\Common.php(1184): CodeIgniter\View\View->render('pdf', [], true)
 5 APPPATH\Controllers\AdminController.php(263): view('pdf', [...])
 6 SYSTEMPATH\CodeIgniter.php(934): App\Controllers\AdminController->search('0', '0', '0', '0')
 7 SYSTEMPATH\CodeIgniter.php(499): CodeIgniter\CodeIgniter->runController(Object(App\Controllers\AdminController))
 8 SYSTEMPATH\CodeIgniter.php(368): CodeIgniter\CodeIgniter->handleRequest(null, Object(Config\Cache), false)
 9 FCPATH\index.php(75): CodeIgniter\CodeIgniter->run()
CRITICAL - 2023-06-12 11:21:11 --> ucfirst(): Argument #1 ($string) must be of type string, array given
in APPPATH\Views\pdf.php on line 74.
 1 APPPATH\Views\pdf.php(74): ucfirst([...])
 2 SYSTEMPATH\View\View.php(213): include('APPPATH\\Views\\pdf.php')
 3 SYSTEMPATH\View\View.php(216): CodeIgniter\View\View->CodeIgniter\View\{closure}()
 4 SYSTEMPATH\Common.php(1184): CodeIgniter\View\View->render('pdf', [], true)
 5 APPPATH\Controllers\AdminController.php(263): view('pdf', [...])
 6 SYSTEMPATH\CodeIgniter.php(934): App\Controllers\AdminController->search('0', '0', '0', '0')
 7 SYSTEMPATH\CodeIgniter.php(499): CodeIgniter\CodeIgniter->runController(Object(App\Controllers\AdminController))
 8 SYSTEMPATH\CodeIgniter.php(368): CodeIgniter\CodeIgniter->handleRequest(null, Object(Config\Cache), false)
 9 FCPATH\index.php(75): CodeIgniter\CodeIgniter->run()
CRITICAL - 2023-06-12 11:21:11 --> ucfirst(): Argument #1 ($string) must be of type string, array given
in APPPATH\Views\pdf.php on line 74.
 1 APPPATH\Views\pdf.php(74): ucfirst([...])
 2 SYSTEMPATH\View\View.php(213): include('APPPATH\\Views\\pdf.php')
 3 SYSTEMPATH\View\View.php(216): CodeIgniter\View\View->CodeIgniter\View\{closure}()
 4 SYSTEMPATH\Common.php(1184): CodeIgniter\View\View->render('pdf', [], true)
 5 APPPATH\Controllers\AdminController.php(263): view('pdf', [...])
 6 SYSTEMPATH\CodeIgniter.php(934): App\Controllers\AdminController->search('0', '0', '0', '0')
 7 SYSTEMPATH\CodeIgniter.php(499): CodeIgniter\CodeIgniter->runController(Object(App\Controllers\AdminController))
 8 SYSTEMPATH\CodeIgniter.php(368): CodeIgniter\CodeIgniter->handleRequest(null, Object(Config\Cache), false)
 9 FCPATH\index.php(75): CodeIgniter\CodeIgniter->run()
CRITICAL - 2023-06-12 11:21:11 --> ucfirst(): Argument #1 ($string) must be of type string, array given
in APPPATH\Views\pdf.php on line 74.
 1 APPPATH\Views\pdf.php(74): ucfirst([...])
 2 SYSTEMPATH\View\View.php(213): include('APPPATH\\Views\\pdf.php')
 3 SYSTEMPATH\View\View.php(216): CodeIgniter\View\View->CodeIgniter\View\{closure}()
 4 SYSTEMPATH\Common.php(1184): CodeIgniter\View\View->render('pdf', [], true)
 5 APPPATH\Controllers\AdminController.php(263): view('pdf', [...])
 6 SYSTEMPATH\CodeIgniter.php(934): App\Controllers\AdminController->search('0', '0', '0', '0')
 7 SYSTEMPATH\CodeIgniter.php(499): CodeIgniter\CodeIgniter->runController(Object(App\Controllers\AdminController))
 8 SYSTEMPATH\CodeIgniter.php(368): CodeIgniter\CodeIgniter->handleRequest(null, Object(Config\Cache), false)
 9 FCPATH\index.php(75): CodeIgniter\CodeIgniter->run()
CRITICAL - 2023-06-12 11:21:11 --> ucfirst(): Argument #1 ($string) must be of type string, array given
in APPPATH\Views\pdf.php on line 74.
 1 APPPATH\Views\pdf.php(74): ucfirst([...])
 2 SYSTEMPATH\View\View.php(213): include('APPPATH\\Views\\pdf.php')
 3 SYSTEMPATH\View\View.php(216): CodeIgniter\View\View->CodeIgniter\View\{closure}()
 4 SYSTEMPATH\Common.php(1184): CodeIgniter\View\View->render('pdf', [], true)
 5 APPPATH\Controllers\AdminController.php(263): view('pdf', [...])
 6 SYSTEMPATH\CodeIgniter.php(934): App\Controllers\AdminController->search('0', '0', '0', '0')
 7 SYSTEMPATH\CodeIgniter.php(499): CodeIgniter\CodeIgniter->runController(Object(App\Controllers\AdminController))
 8 SYSTEMPATH\CodeIgniter.php(368): CodeIgniter\CodeIgniter->handleRequest(null, Object(Config\Cache), false)
 9 FCPATH\index.php(75): CodeIgniter\CodeIgniter->run()
CRITICAL - 2023-06-12 11:28:24 --> ucfirst(): Argument #1 ($string) must be of type string, array given
in APPPATH\Views\pdf.php on line 74.
 1 APPPATH\Views\pdf.php(74): ucfirst([...])
 2 SYSTEMPATH\View\View.php(213): include('APPPATH\\Views\\pdf.php')
 3 SYSTEMPATH\View\View.php(216): CodeIgniter\View\View->CodeIgniter\View\{closure}()
 4 SYSTEMPATH\Common.php(1184): CodeIgniter\View\View->render('pdf', [], true)
 5 APPPATH\Controllers\AdminController.php(279): view('pdf', [...])
 6 SYSTEMPATH\CodeIgniter.php(934): App\Controllers\AdminController->search('0', '0', '0', '0')
 7 SYSTEMPATH\CodeIgniter.php(499): CodeIgniter\CodeIgniter->runController(Object(App\Controllers\AdminController))
 8 SYSTEMPATH\CodeIgniter.php(368): CodeIgniter\CodeIgniter->handleRequest(null, Object(Config\Cache), false)
 9 FCPATH\index.php(75): CodeIgniter\CodeIgniter->run()
CRITICAL - 2023-06-12 11:28:24 --> ucfirst(): Argument #1 ($string) must be of type string, array given
in APPPATH\Views\pdf.php on line 74.
 1 APPPATH\Views\pdf.php(74): ucfirst([...])
 2 SYSTEMPATH\View\View.php(213): include('APPPATH\\Views\\pdf.php')
 3 SYSTEMPATH\View\View.php(216): CodeIgniter\View\View->CodeIgniter\View\{closure}()
 4 SYSTEMPATH\Common.php(1184): CodeIgniter\View\View->render('pdf', [], true)
 5 APPPATH\Controllers\AdminController.php(279): view('pdf', [...])
 6 SYSTEMPATH\CodeIgniter.php(934): App\Controllers\AdminController->search('0', '0', '0', '0')
 7 SYSTEMPATH\CodeIgniter.php(499): CodeIgniter\CodeIgniter->runController(Object(App\Controllers\AdminController))
 8 SYSTEMPATH\CodeIgniter.php(368): CodeIgniter\CodeIgniter->handleRequest(null, Object(Config\Cache), false)
 9 FCPATH\index.php(75): CodeIgniter\CodeIgniter->run()
CRITICAL - 2023-06-12 12:12:08 --> ucfirst(): Argument #1 ($string) must be of type string, array given
in APPPATH\Views\pdf.php on line 74.
 1 APPPATH\Views\pdf.php(74): ucfirst([...])
 2 SYSTEMPATH\View\View.php(213): include('APPPATH\\Views\\pdf.php')
 3 SYSTEMPATH\View\View.php(216): CodeIgniter\View\View->CodeIgniter\View\{closure}()
 4 SYSTEMPATH\Common.php(1184): CodeIgniter\View\View->render('pdf', [], true)
 5 APPPATH\Controllers\AdminController.php(265): view('pdf', [...])
 6 SYSTEMPATH\CodeIgniter.php(934): App\Controllers\AdminController->search('0', '0', '0', '0')
 7 SYSTEMPATH\CodeIgniter.php(499): CodeIgniter\CodeIgniter->runController(Object(App\Controllers\AdminController))
 8 SYSTEMPATH\CodeIgniter.php(368): CodeIgniter\CodeIgniter->handleRequest(null, Object(Config\Cache), false)
 9 FCPATH\index.php(75): CodeIgniter\CodeIgniter->run()
CRITICAL - 2023-06-12 12:12:08 --> ucfirst(): Argument #1 ($string) must be of type string, array given
in APPPATH\Views\pdf.php on line 74.
 1 APPPATH\Views\pdf.php(74): ucfirst([...])
 2 SYSTEMPATH\View\View.php(213): include('APPPATH\\Views\\pdf.php')
 3 SYSTEMPATH\View\View.php(216): CodeIgniter\View\View->CodeIgniter\View\{closure}()
 4 SYSTEMPATH\Common.php(1184): CodeIgniter\View\View->render('pdf', [], true)
 5 APPPATH\Controllers\AdminController.php(265): view('pdf', [...])
 6 SYSTEMPATH\CodeIgniter.php(934): App\Controllers\AdminController->search('0', '0', '0', '0')
 7 SYSTEMPATH\CodeIgniter.php(499): CodeIgniter\CodeIgniter->runController(Object(App\Controllers\AdminController))
 8 SYSTEMPATH\CodeIgniter.php(368): CodeIgniter\CodeIgniter->handleRequest(null, Object(Config\Cache), false)
 9 FCPATH\index.php(75): CodeIgniter\CodeIgniter->run()
CRITICAL - 2023-06-12 12:14:17 --> ucfirst(): Argument #1 ($string) must be of type string, array given
in APPPATH\Views\pdf.php on line 76.
 1 APPPATH\Views\pdf.php(76): ucfirst([...])
 2 SYSTEMPATH\View\View.php(213): include('APPPATH\\Views\\pdf.php')
 3 SYSTEMPATH\View\View.php(216): CodeIgniter\View\View->CodeIgniter\View\{closure}()
 4 SYSTEMPATH\Common.php(1184): CodeIgniter\View\View->render('pdf', [], true)
 5 APPPATH\Controllers\AdminController.php(265): view('pdf', [...])
 6 SYSTEMPATH\CodeIgniter.php(934): App\Controllers\AdminController->search('0', '0', '0', '0')
 7 SYSTEMPATH\CodeIgniter.php(499): CodeIgniter\CodeIgniter->runController(Object(App\Controllers\AdminController))
 8 SYSTEMPATH\CodeIgniter.php(368): CodeIgniter\CodeIgniter->handleRequest(null, Object(Config\Cache), false)
 9 FCPATH\index.php(75): CodeIgniter\CodeIgniter->run()
CRITICAL - 2023-06-12 12:14:17 --> ucfirst(): Argument #1 ($string) must be of type string, array given
in APPPATH\Views\pdf.php on line 76.
 1 APPPATH\Views\pdf.php(76): ucfirst([...])
 2 SYSTEMPATH\View\View.php(213): include('APPPATH\\Views\\pdf.php')
 3 SYSTEMPATH\View\View.php(216): CodeIgniter\View\View->CodeIgniter\View\{closure}()
 4 SYSTEMPATH\Common.php(1184): CodeIgniter\View\View->render('pdf', [], true)
 5 APPPATH\Controllers\AdminController.php(265): view('pdf', [...])
 6 SYSTEMPATH\CodeIgniter.php(934): App\Controllers\AdminController->search('0', '0', '0', '0')
 7 SYSTEMPATH\CodeIgniter.php(499): CodeIgniter\CodeIgniter->runController(Object(App\Controllers\AdminController))
 8 SYSTEMPATH\CodeIgniter.php(368): CodeIgniter\CodeIgniter->handleRequest(null, Object(Config\Cache), false)
 9 FCPATH\index.php(75): CodeIgniter\CodeIgniter->run()
CRITICAL - 2023-06-12 12:16:19 --> ucfirst(): Argument #1 ($string) must be of type string, array given
in APPPATH\Views\pdf.php on line 79.
 1 APPPATH\Views\pdf.php(79): ucfirst([...])
 2 SYSTEMPATH\View\View.php(213): include('APPPATH\\Views\\pdf.php')
 3 SYSTEMPATH\View\View.php(216): CodeIgniter\View\View->CodeIgniter\View\{closure}()
 4 SYSTEMPATH\Common.php(1184): CodeIgniter\View\View->render('pdf', [], true)
 5 APPPATH\Controllers\AdminController.php(265): view('pdf', [...])
 6 SYSTEMPATH\CodeIgniter.php(934): App\Controllers\AdminController->search('0', '0', '1', '0')
 7 SYSTEMPATH\CodeIgniter.php(499): CodeIgniter\CodeIgniter->runController(Object(App\Controllers\AdminController))
 8 SYSTEMPATH\CodeIgniter.php(368): CodeIgniter\CodeIgniter->handleRequest(null, Object(Config\Cache), false)
 9 FCPATH\index.php(75): CodeIgniter\CodeIgniter->run()
CRITICAL - 2023-06-12 12:16:19 --> ucfirst(): Argument #1 ($string) must be of type string, array given
in APPPATH\Views\pdf.php on line 79.
 1 APPPATH\Views\pdf.php(79): ucfirst([...])
 2 SYSTEMPATH\View\View.php(213): include('APPPATH\\Views\\pdf.php')
 3 SYSTEMPATH\View\View.php(216): CodeIgniter\View\View->CodeIgniter\View\{closure}()
 4 SYSTEMPATH\Common.php(1184): CodeIgniter\View\View->render('pdf', [], true)
 5 APPPATH\Controllers\AdminController.php(265): view('pdf', [...])
 6 SYSTEMPATH\CodeIgniter.php(934): App\Controllers\AdminController->search('0', '0', '1', '0')
 7 SYSTEMPATH\CodeIgniter.php(499): CodeIgniter\CodeIgniter->runController(Object(App\Controllers\AdminController))
 8 SYSTEMPATH\CodeIgniter.php(368): CodeIgniter\CodeIgniter->handleRequest(null, Object(Config\Cache), false)
 9 FCPATH\index.php(75): CodeIgniter\CodeIgniter->run()
CRITICAL - 2023-06-12 12:23:33 --> Undefined variable $emp
in APPPATH\Views\pdf.php on line 85.
 1 APPPATH\Views\pdf.php(85): CodeIgniter\Debug\Exceptions->errorHandler(2, 'Undefined variable $emp', 'APPPATH\\Views\\pdf.php', 85)
 2 SYSTEMPATH\View\View.php(213): include('APPPATH\\Views\\pdf.php')
 3 SYSTEMPATH\View\View.php(216): CodeIgniter\View\View->CodeIgniter\View\{closure}()
 4 SYSTEMPATH\Common.php(1184): CodeIgniter\View\View->render('pdf', [], true)
 5 APPPATH\Controllers\AdminController.php(330): view('pdf', [...])
 6 SYSTEMPATH\CodeIgniter.php(934): App\Controllers\AdminController->download()
 7 SYSTEMPATH\CodeIgniter.php(499): CodeIgniter\CodeIgniter->runController(Object(App\Controllers\AdminController))
 8 SYSTEMPATH\CodeIgniter.php(368): CodeIgniter\CodeIgniter->handleRequest(null, Object(Config\Cache), false)
 9 FCPATH\index.php(75): CodeIgniter\CodeIgniter->run()
CRITICAL - 2023-06-12 12:23:33 --> array_map(): Argument #2 ($array) must be of type array, null given
in APPPATH\Controllers\AdminController.php on line 288.
 1 APPPATH\Controllers\AdminController.php(288): array_map('html_entity_decode', null)
 2 SYSTEMPATH\CodeIgniter.php(934): App\Controllers\AdminController->download()
 3 SYSTEMPATH\CodeIgniter.php(499): CodeIgniter\CodeIgniter->runController(Object(App\Controllers\AdminController))
 4 SYSTEMPATH\CodeIgniter.php(368): CodeIgniter\CodeIgniter->handleRequest(null, Object(Config\Cache), false)
 5 FCPATH\index.php(75): CodeIgniter\CodeIgniter->run()
CRITICAL - 2023-06-12 12:26:58 --> ucfirst(): Argument #1 ($string) must be of type string, array given
in APPPATH\Views\pdf.php on line 84.
 1 APPPATH\Views\pdf.php(84): ucfirst([...])
 2 SYSTEMPATH\View\View.php(213): include('APPPATH\\Views\\pdf.php')
 3 SYSTEMPATH\View\View.php(216): CodeIgniter\View\View->CodeIgniter\View\{closure}()
 4 SYSTEMPATH\Common.php(1184): CodeIgniter\View\View->render('pdf', [], true)
 5 APPPATH\Controllers\AdminController.php(265): view('pdf', [...])
 6 SYSTEMPATH\CodeIgniter.php(934): App\Controllers\AdminController->search('0', '0', '1', '0')
 7 SYSTEMPATH\CodeIgniter.php(499): CodeIgniter\CodeIgniter->runController(Object(App\Controllers\AdminController))
 8 SYSTEMPATH\CodeIgniter.php(368): CodeIgniter\CodeIgniter->handleRequest(null, Object(Config\Cache), false)
 9 FCPATH\index.php(75): CodeIgniter\CodeIgniter->run()
CRITICAL - 2023-06-12 12:26:58 --> ucfirst(): Argument #1 ($string) must be of type string, array given
in APPPATH\Views\pdf.php on line 84.
 1 APPPATH\Views\pdf.php(84): ucfirst([...])
 2 SYSTEMPATH\View\View.php(213): include('APPPATH\\Views\\pdf.php')
 3 SYSTEMPATH\View\View.php(216): CodeIgniter\View\View->CodeIgniter\View\{closure}()
 4 SYSTEMPATH\Common.php(1184): CodeIgniter\View\View->render('pdf', [], true)
 5 APPPATH\Controllers\AdminController.php(265): view('pdf', [...])
 6 SYSTEMPATH\CodeIgniter.php(934): App\Controllers\AdminController->search('0', '0', '1', '0')
 7 SYSTEMPATH\CodeIgniter.php(499): CodeIgniter\CodeIgniter->runController(Object(App\Controllers\AdminController))
 8 SYSTEMPATH\CodeIgniter.php(368): CodeIgniter\CodeIgniter->handleRequest(null, Object(Config\Cache), false)
 9 FCPATH\index.php(75): CodeIgniter\CodeIgniter->run()
CRITICAL - 2023-06-12 12:27:53 --> ucfirst(): Argument #1 ($string) must be of type string, array given
in APPPATH\Views\pdf.php on line 84.
 1 APPPATH\Views\pdf.php(84): ucfirst([...])
 2 SYSTEMPATH\View\View.php(213): include('APPPATH\\Views\\pdf.php')
 3 SYSTEMPATH\View\View.php(216): CodeIgniter\View\View->CodeIgniter\View\{closure}()
 4 SYSTEMPATH\Common.php(1184): CodeIgniter\View\View->render('pdf', [], true)
 5 APPPATH\Controllers\AdminController.php(265): view('pdf', [...])
 6 SYSTEMPATH\CodeIgniter.php(934): App\Controllers\AdminController->search('0', '0', '1', '0')
 7 SYSTEMPATH\CodeIgniter.php(499): CodeIgniter\CodeIgniter->runController(Object(App\Controllers\AdminController))
 8 SYSTEMPATH\CodeIgniter.php(368): CodeIgniter\CodeIgniter->handleRequest(null, Object(Config\Cache), false)
 9 FCPATH\index.php(75): CodeIgniter\CodeIgniter->run()
CRITICAL - 2023-06-12 12:27:53 --> ucfirst(): Argument #1 ($string) must be of type string, array given
in APPPATH\Views\pdf.php on line 84.
 1 APPPATH\Views\pdf.php(84): ucfirst([...])
 2 SYSTEMPATH\View\View.php(213): include('APPPATH\\Views\\pdf.php')
 3 SYSTEMPATH\View\View.php(216): CodeIgniter\View\View->CodeIgniter\View\{closure}()
 4 SYSTEMPATH\Common.php(1184): CodeIgniter\View\View->render('pdf', [], true)
 5 APPPATH\Controllers\AdminController.php(265): view('pdf', [...])
 6 SYSTEMPATH\CodeIgniter.php(934): App\Controllers\AdminController->search('0', '0', '1', '0')
 7 SYSTEMPATH\CodeIgniter.php(499): CodeIgniter\CodeIgniter->runController(Object(App\Controllers\AdminController))
 8 SYSTEMPATH\CodeIgniter.php(368): CodeIgniter\CodeIgniter->handleRequest(null, Object(Config\Cache), false)
 9 FCPATH\index.php(75): CodeIgniter\CodeIgniter->run()
CRITICAL - 2023-06-12 12:28:34 --> Undefined variable $emp
in APPPATH\Views\pdf.php on line 82.
 1 APPPATH\Views\pdf.php(82): CodeIgniter\Debug\Exceptions->errorHandler(2, 'Undefined variable $emp', 'APPPATH\\Views\\pdf.php', 82)
 2 SYSTEMPATH\View\View.php(213): include('APPPATH\\Views\\pdf.php')
 3 SYSTEMPATH\View\View.php(216): CodeIgniter\View\View->CodeIgniter\View\{closure}()
 4 SYSTEMPATH\Common.php(1184): CodeIgniter\View\View->render('pdf', [], true)
 5 APPPATH\Controllers\AdminController.php(330): view('pdf', [...])
 6 SYSTEMPATH\CodeIgniter.php(934): App\Controllers\AdminController->download()
 7 SYSTEMPATH\CodeIgniter.php(499): CodeIgniter\CodeIgniter->runController(Object(App\Controllers\AdminController))
 8 SYSTEMPATH\CodeIgniter.php(368): CodeIgniter\CodeIgniter->handleRequest(null, Object(Config\Cache), false)
 9 FCPATH\index.php(75): CodeIgniter\CodeIgniter->run()
CRITICAL - 2023-06-12 12:28:34 --> array_map(): Argument #2 ($array) must be of type array, null given
in APPPATH\Controllers\AdminController.php on line 288.
 1 APPPATH\Controllers\AdminController.php(288): array_map('html_entity_decode', null)
 2 SYSTEMPATH\CodeIgniter.php(934): App\Controllers\AdminController->download()
 3 SYSTEMPATH\CodeIgniter.php(499): CodeIgniter\CodeIgniter->runController(Object(App\Controllers\AdminController))
 4 SYSTEMPATH\CodeIgniter.php(368): CodeIgniter\CodeIgniter->handleRequest(null, Object(Config\Cache), false)
 5 FCPATH\index.php(75): CodeIgniter\CodeIgniter->run()
CRITICAL - 2023-06-12 12:29:32 --> ucfirst(): Argument #1 ($string) must be of type string, array given
in APPPATH\Views\pdf.php on line 84.
 1 APPPATH\Views\pdf.php(84): ucfirst([...])
 2 SYSTEMPATH\View\View.php(213): include('APPPATH\\Views\\pdf.php')
 3 SYSTEMPATH\View\View.php(216): CodeIgniter\View\View->CodeIgniter\View\{closure}()
 4 SYSTEMPATH\Common.php(1184): CodeIgniter\View\View->render('pdf', [], true)
 5 APPPATH\Controllers\AdminController.php(265): view('pdf', [...])
 6 SYSTEMPATH\CodeIgniter.php(934): App\Controllers\AdminController->search('0', '0', '1', '0')
 7 SYSTEMPATH\CodeIgniter.php(499): CodeIgniter\CodeIgniter->runController(Object(App\Controllers\AdminController))
 8 SYSTEMPATH\CodeIgniter.php(368): CodeIgniter\CodeIgniter->handleRequest(null, Object(Config\Cache), false)
 9 FCPATH\index.php(75): CodeIgniter\CodeIgniter->run()
CRITICAL - 2023-06-12 12:29:32 --> ucfirst(): Argument #1 ($string) must be of type string, array given
in APPPATH\Views\pdf.php on line 84.
 1 APPPATH\Views\pdf.php(84): ucfirst([...])
 2 SYSTEMPATH\View\View.php(213): include('APPPATH\\Views\\pdf.php')
 3 SYSTEMPATH\View\View.php(216): CodeIgniter\View\View->CodeIgniter\View\{closure}()
 4 SYSTEMPATH\Common.php(1184): CodeIgniter\View\View->render('pdf', [], true)
 5 APPPATH\Controllers\AdminController.php(265): view('pdf', [...])
 6 SYSTEMPATH\CodeIgniter.php(934): App\Controllers\AdminController->search('0', '0', '1', '0')
 7 SYSTEMPATH\CodeIgniter.php(499): CodeIgniter\CodeIgniter->runController(Object(App\Controllers\AdminController))
 8 SYSTEMPATH\CodeIgniter.php(368): CodeIgniter\CodeIgniter->handleRequest(null, Object(Config\Cache), false)
 9 FCPATH\index.php(75): CodeIgniter\CodeIgniter->run()
CRITICAL - 2023-06-12 12:30:25 --> array_map(): Argument #2 ($array) must be of type array, null given
in APPPATH\Controllers\AdminController.php on line 288.
 1 APPPATH\Controllers\AdminController.php(288): array_map('html_entity_decode', null)
 2 SYSTEMPATH\CodeIgniter.php(934): App\Controllers\AdminController->download()
 3 SYSTEMPATH\CodeIgniter.php(499): CodeIgniter\CodeIgniter->runController(Object(App\Controllers\AdminController))
 4 SYSTEMPATH\CodeIgniter.php(368): CodeIgniter\CodeIgniter->handleRequest(null, Object(Config\Cache), false)
 5 FCPATH\index.php(75): CodeIgniter\CodeIgniter->run()
CRITICAL - 2023-06-12 12:30:25 --> array_map(): Argument #2 ($array) must be of type array, null given
in APPPATH\Controllers\AdminController.php on line 288.
 1 APPPATH\Controllers\AdminController.php(288): array_map('html_entity_decode', null)
 2 SYSTEMPATH\CodeIgniter.php(934): App\Controllers\AdminController->download()
 3 SYSTEMPATH\CodeIgniter.php(499): CodeIgniter\CodeIgniter->runController(Object(App\Controllers\AdminController))
 4 SYSTEMPATH\CodeIgniter.php(368): CodeIgniter\CodeIgniter->handleRequest(null, Object(Config\Cache), false)
 5 FCPATH\index.php(75): CodeIgniter\CodeIgniter->run()
CRITICAL - 2023-06-12 12:32:47 --> ucfirst(): Argument #1 ($string) must be of type string, array given
in APPPATH\Views\pdf.php on line 84.
 1 APPPATH\Views\pdf.php(84): ucfirst([...])
 2 SYSTEMPATH\View\View.php(213): include('APPPATH\\Views\\pdf.php')
 3 SYSTEMPATH\View\View.php(216): CodeIgniter\View\View->CodeIgniter\View\{closure}()
 4 SYSTEMPATH\Common.php(1184): CodeIgniter\View\View->render('pdf', [], true)
 5 APPPATH\Controllers\AdminController.php(265): view('pdf', [...])
 6 SYSTEMPATH\CodeIgniter.php(934): App\Controllers\AdminController->search('0', '0', '1', '0')
 7 SYSTEMPATH\CodeIgniter.php(499): CodeIgniter\CodeIgniter->runController(Object(App\Controllers\AdminController))
 8 SYSTEMPATH\CodeIgniter.php(368): CodeIgniter\CodeIgniter->handleRequest(null, Object(Config\Cache), false)
 9 FCPATH\index.php(75): CodeIgniter\CodeIgniter->run()
CRITICAL - 2023-06-12 12:32:47 --> ucfirst(): Argument #1 ($string) must be of type string, array given
in APPPATH\Views\pdf.php on line 84.
 1 APPPATH\Views\pdf.php(84): ucfirst([...])
 2 SYSTEMPATH\View\View.php(213): include('APPPATH\\Views\\pdf.php')
 3 SYSTEMPATH\View\View.php(216): CodeIgniter\View\View->CodeIgniter\View\{closure}()
 4 SYSTEMPATH\Common.php(1184): CodeIgniter\View\View->render('pdf', [], true)
 5 APPPATH\Controllers\AdminController.php(265): view('pdf', [...])
 6 SYSTEMPATH\CodeIgniter.php(934): App\Controllers\AdminController->search('0', '0', '1', '0')
 7 SYSTEMPATH\CodeIgniter.php(499): CodeIgniter\CodeIgniter->runController(Object(App\Controllers\AdminController))
 8 SYSTEMPATH\CodeIgniter.php(368): CodeIgniter\CodeIgniter->handleRequest(null, Object(Config\Cache), false)
 9 FCPATH\index.php(75): CodeIgniter\CodeIgniter->run()
CRITICAL - 2023-06-12 12:34:07 --> ucfirst(): Argument #1 ($string) must be of type string, array given
in APPPATH\Views\pdf.php on line 84.
 1 APPPATH\Views\pdf.php(84): ucfirst([...])
 2 SYSTEMPATH\View\View.php(213): include('APPPATH\\Views\\pdf.php')
 3 SYSTEMPATH\View\View.php(216): CodeIgniter\View\View->CodeIgniter\View\{closure}()
 4 SYSTEMPATH\Common.php(1184): CodeIgniter\View\View->render('pdf', [], true)
 5 APPPATH\Controllers\AdminController.php(265): view('pdf', [...])
 6 SYSTEMPATH\CodeIgniter.php(934): App\Controllers\AdminController->search('0', '0', '1', '0')
 7 SYSTEMPATH\CodeIgniter.php(499): CodeIgniter\CodeIgniter->runController(Object(App\Controllers\AdminController))
 8 SYSTEMPATH\CodeIgniter.php(368): CodeIgniter\CodeIgniter->handleRequest(null, Object(Config\Cache), false)
 9 FCPATH\index.php(75): CodeIgniter\CodeIgniter->run()
CRITICAL - 2023-06-12 12:34:07 --> ucfirst(): Argument #1 ($string) must be of type string, array given
in APPPATH\Views\pdf.php on line 84.
 1 APPPATH\Views\pdf.php(84): ucfirst([...])
 2 SYSTEMPATH\View\View.php(213): include('APPPATH\\Views\\pdf.php')
 3 SYSTEMPATH\View\View.php(216): CodeIgniter\View\View->CodeIgniter\View\{closure}()
 4 SYSTEMPATH\Common.php(1184): CodeIgniter\View\View->render('pdf', [], true)
 5 APPPATH\Controllers\AdminController.php(265): view('pdf', [...])
 6 SYSTEMPATH\CodeIgniter.php(934): App\Controllers\AdminController->search('0', '0', '1', '0')
 7 SYSTEMPATH\CodeIgniter.php(499): CodeIgniter\CodeIgniter->runController(Object(App\Controllers\AdminController))
 8 SYSTEMPATH\CodeIgniter.php(368): CodeIgniter\CodeIgniter->handleRequest(null, Object(Config\Cache), false)
 9 FCPATH\index.php(75): CodeIgniter\CodeIgniter->run()
CRITICAL - 2023-06-12 12:35:54 --> Array to string conversion
in APPPATH\Views\pdf.php on line 85.
 1 APPPATH\Views\pdf.php(85): CodeIgniter\Debug\Exceptions->errorHandler(2, 'Array to string conversion', 'APPPATH\\Views\\pdf.php', 85)
 2 SYSTEMPATH\View\View.php(213): include('APPPATH\\Views\\pdf.php')
 3 SYSTEMPATH\View\View.php(216): CodeIgniter\View\View->CodeIgniter\View\{closure}()
 4 SYSTEMPATH\Common.php(1184): CodeIgniter\View\View->render('pdf', [], true)
 5 APPPATH\Controllers\AdminController.php(266): view('pdf', [...])
 6 SYSTEMPATH\CodeIgniter.php(934): App\Controllers\AdminController->search('0', '0', '1', '0')
 7 SYSTEMPATH\CodeIgniter.php(499): CodeIgniter\CodeIgniter->runController(Object(App\Controllers\AdminController))
 8 SYSTEMPATH\CodeIgniter.php(368): CodeIgniter\CodeIgniter->handleRequest(null, Object(Config\Cache), false)
 9 FCPATH\index.php(75): CodeIgniter\CodeIgniter->run()
CRITICAL - 2023-06-12 12:35:54 --> Array to string conversion
in APPPATH\Views\pdf.php on line 85.
 1 APPPATH\Views\pdf.php(85): CodeIgniter\Debug\Exceptions->errorHandler(2, 'Array to string conversion', 'APPPATH\\Views\\pdf.php', 85)
 2 SYSTEMPATH\View\View.php(213): include('APPPATH\\Views\\pdf.php')
 3 SYSTEMPATH\View\View.php(216): CodeIgniter\View\View->CodeIgniter\View\{closure}()
 4 SYSTEMPATH\Common.php(1184): CodeIgniter\View\View->render('pdf', [], true)
 5 APPPATH\Controllers\AdminController.php(266): view('pdf', [...])
 6 SYSTEMPATH\CodeIgniter.php(934): App\Controllers\AdminController->search('0', '0', '1', '0')
 7 SYSTEMPATH\CodeIgniter.php(499): CodeIgniter\CodeIgniter->runController(Object(App\Controllers\AdminController))
 8 SYSTEMPATH\CodeIgniter.php(368): CodeIgniter\CodeIgniter->handleRequest(null, Object(Config\Cache), false)
 9 FCPATH\index.php(75): CodeIgniter\CodeIgniter->run()
CRITICAL - 2023-06-12 12:36:04 --> Array to string conversion
in APPPATH\Views\pdf.php on line 85.
 1 APPPATH\Views\pdf.php(85): CodeIgniter\Debug\Exceptions->errorHandler(2, 'Array to string conversion', 'APPPATH\\Views\\pdf.php', 85)
 2 SYSTEMPATH\View\View.php(213): include('APPPATH\\Views\\pdf.php')
 3 SYSTEMPATH\View\View.php(216): CodeIgniter\View\View->CodeIgniter\View\{closure}()
 4 SYSTEMPATH\Common.php(1184): CodeIgniter\View\View->render('pdf', [], true)
 5 APPPATH\Controllers\AdminController.php(266): view('pdf', [...])
 6 SYSTEMPATH\CodeIgniter.php(934): App\Controllers\AdminController->search('0', '0', '1', '0')
 7 SYSTEMPATH\CodeIgniter.php(499): CodeIgniter\CodeIgniter->runController(Object(App\Controllers\AdminController))
 8 SYSTEMPATH\CodeIgniter.php(368): CodeIgniter\CodeIgniter->handleRequest(null, Object(Config\Cache), false)
 9 FCPATH\index.php(75): CodeIgniter\CodeIgniter->run()
CRITICAL - 2023-06-12 12:36:04 --> Array to string conversion
in APPPATH\Views\pdf.php on line 85.
 1 APPPATH\Views\pdf.php(85): CodeIgniter\Debug\Exceptions->errorHandler(2, 'Array to string conversion', 'APPPATH\\Views\\pdf.php', 85)
 2 SYSTEMPATH\View\View.php(213): include('APPPATH\\Views\\pdf.php')
 3 SYSTEMPATH\View\View.php(216): CodeIgniter\View\View->CodeIgniter\View\{closure}()
 4 SYSTEMPATH\Common.php(1184): CodeIgniter\View\View->render('pdf', [], true)
 5 APPPATH\Controllers\AdminController.php(266): view('pdf', [...])
 6 SYSTEMPATH\CodeIgniter.php(934): App\Controllers\AdminController->search('0', '0', '1', '0')
 7 SYSTEMPATH\CodeIgniter.php(499): CodeIgniter\CodeIgniter->runController(Object(App\Controllers\AdminController))
 8 SYSTEMPATH\CodeIgniter.php(368): CodeIgniter\CodeIgniter->handleRequest(null, Object(Config\Cache), false)
 9 FCPATH\index.php(75): CodeIgniter\CodeIgniter->run()
CRITICAL - 2023-06-12 12:37:30 --> Array to string conversion
in APPPATH\Views\pdf.php on line 85.
 1 APPPATH\Views\pdf.php(85): CodeIgniter\Debug\Exceptions->errorHandler(2, 'Array to string conversion', 'APPPATH\\Views\\pdf.php', 85)
 2 SYSTEMPATH\View\View.php(213): include('APPPATH\\Views\\pdf.php')
 3 SYSTEMPATH\View\View.php(216): CodeIgniter\View\View->CodeIgniter\View\{closure}()
 4 SYSTEMPATH\Common.php(1184): CodeIgniter\View\View->render('pdf', [], true)
 5 APPPATH\Controllers\AdminController.php(266): view('pdf', [...])
 6 SYSTEMPATH\CodeIgniter.php(934): App\Controllers\AdminController->search('0', '0', '1', '0')
 7 SYSTEMPATH\CodeIgniter.php(499): CodeIgniter\CodeIgniter->runController(Object(App\Controllers\AdminController))
 8 SYSTEMPATH\CodeIgniter.php(368): CodeIgniter\CodeIgniter->handleRequest(null, Object(Config\Cache), false)
 9 FCPATH\index.php(75): CodeIgniter\CodeIgniter->run()
CRITICAL - 2023-06-12 12:37:30 --> Array to string conversion
in APPPATH\Views\pdf.php on line 85.
 1 APPPATH\Views\pdf.php(85): CodeIgniter\Debug\Exceptions->errorHandler(2, 'Array to string conversion', 'APPPATH\\Views\\pdf.php', 85)
 2 SYSTEMPATH\View\View.php(213): include('APPPATH\\Views\\pdf.php')
 3 SYSTEMPATH\View\View.php(216): CodeIgniter\View\View->CodeIgniter\View\{closure}()
 4 SYSTEMPATH\Common.php(1184): CodeIgniter\View\View->render('pdf', [], true)
 5 APPPATH\Controllers\AdminController.php(266): view('pdf', [...])
 6 SYSTEMPATH\CodeIgniter.php(934): App\Controllers\AdminController->search('0', '0', '1', '0')
 7 SYSTEMPATH\CodeIgniter.php(499): CodeIgniter\CodeIgniter->runController(Object(App\Controllers\AdminController))
 8 SYSTEMPATH\CodeIgniter.php(368): CodeIgniter\CodeIgniter->handleRequest(null, Object(Config\Cache), false)
 9 FCPATH\index.php(75): CodeIgniter\CodeIgniter->run()
CRITICAL - 2023-06-12 12:44:02 --> Undefined variable $emp
in APPPATH\Views\pdf.php on line 82.
 1 APPPATH\Views\pdf.php(82): CodeIgniter\Debug\Exceptions->errorHandler(2, 'Undefined variable $emp', 'APPPATH\\Views\\pdf.php', 82)
 2 SYSTEMPATH\View\View.php(213): include('APPPATH\\Views\\pdf.php')
 3 SYSTEMPATH\View\View.php(216): CodeIgniter\View\View->CodeIgniter\View\{closure}()
 4 SYSTEMPATH\Common.php(1184): CodeIgniter\View\View->render('pdf', [], true)
 5 APPPATH\Controllers\AdminController.php(331): view('pdf', [...])
 6 SYSTEMPATH\CodeIgniter.php(934): App\Controllers\AdminController->download()
 7 SYSTEMPATH\CodeIgniter.php(499): CodeIgniter\CodeIgniter->runController(Object(App\Controllers\AdminController))
 8 SYSTEMPATH\CodeIgniter.php(368): CodeIgniter\CodeIgniter->handleRequest(null, Object(Config\Cache), false)
 9 FCPATH\index.php(75): CodeIgniter\CodeIgniter->run()
CRITICAL - 2023-06-12 12:44:02 --> array_map(): Argument #2 ($array) must be of type array, null given
in APPPATH\Controllers\AdminController.php on line 289.
 1 APPPATH\Controllers\AdminController.php(289): array_map('html_entity_decode', null)
 2 SYSTEMPATH\CodeIgniter.php(934): App\Controllers\AdminController->download()
 3 SYSTEMPATH\CodeIgniter.php(499): CodeIgniter\CodeIgniter->runController(Object(App\Controllers\AdminController))
 4 SYSTEMPATH\CodeIgniter.php(368): CodeIgniter\CodeIgniter->handleRequest(null, Object(Config\Cache), false)
 5 FCPATH\index.php(75): CodeIgniter\CodeIgniter->run()
CRITICAL - 2023-06-12 12:44:13 --> Undefined variable $emp
in APPPATH\Views\pdf.php on line 82.
 1 APPPATH\Views\pdf.php(82): CodeIgniter\Debug\Exceptions->errorHandler(2, 'Undefined variable $emp', 'APPPATH\\Views\\pdf.php', 82)
 2 SYSTEMPATH\View\View.php(213): include('APPPATH\\Views\\pdf.php')
 3 SYSTEMPATH\View\View.php(216): CodeIgniter\View\View->CodeIgniter\View\{closure}()
 4 SYSTEMPATH\Common.php(1184): CodeIgniter\View\View->render('pdf', [], true)
 5 APPPATH\Controllers\AdminController.php(331): view('pdf', [...])
 6 SYSTEMPATH\CodeIgniter.php(934): App\Controllers\AdminController->download()
 7 SYSTEMPATH\CodeIgniter.php(499): CodeIgniter\CodeIgniter->runController(Object(App\Controllers\AdminController))
 8 SYSTEMPATH\CodeIgniter.php(368): CodeIgniter\CodeIgniter->handleRequest(null, Object(Config\Cache), false)
 9 FCPATH\index.php(75): CodeIgniter\CodeIgniter->run()
CRITICAL - 2023-06-12 12:44:13 --> array_map(): Argument #2 ($array) must be of type array, null given
in APPPATH\Controllers\AdminController.php on line 289.
 1 APPPATH\Controllers\AdminController.php(289): array_map('html_entity_decode', null)
 2 SYSTEMPATH\CodeIgniter.php(934): App\Controllers\AdminController->download()
 3 SYSTEMPATH\CodeIgniter.php(499): CodeIgniter\CodeIgniter->runController(Object(App\Controllers\AdminController))
 4 SYSTEMPATH\CodeIgniter.php(368): CodeIgniter\CodeIgniter->handleRequest(null, Object(Config\Cache), false)
 5 FCPATH\index.php(75): CodeIgniter\CodeIgniter->run()
CRITICAL - 2023-06-12 12:44:50 --> Undefined variable $emp
in APPPATH\Views\pdf.php on line 82.
 1 APPPATH\Views\pdf.php(82): CodeIgniter\Debug\Exceptions->errorHandler(2, 'Undefined variable $emp', 'APPPATH\\Views\\pdf.php', 82)
 2 SYSTEMPATH\View\View.php(213): include('APPPATH\\Views\\pdf.php')
 3 SYSTEMPATH\View\View.php(216): CodeIgniter\View\View->CodeIgniter\View\{closure}()
 4 SYSTEMPATH\Common.php(1184): CodeIgniter\View\View->render('pdf', [], true)
 5 APPPATH\Controllers\AdminController.php(331): view('pdf', [...])
 6 SYSTEMPATH\CodeIgniter.php(934): App\Controllers\AdminController->download()
 7 SYSTEMPATH\CodeIgniter.php(499): CodeIgniter\CodeIgniter->runController(Object(App\Controllers\AdminController))
 8 SYSTEMPATH\CodeIgniter.php(368): CodeIgniter\CodeIgniter->handleRequest(null, Object(Config\Cache), false)
 9 FCPATH\index.php(75): CodeIgniter\CodeIgniter->run()
CRITICAL - 2023-06-12 12:44:50 --> array_map(): Argument #2 ($array) must be of type array, null given
in APPPATH\Controllers\AdminController.php on line 289.
 1 APPPATH\Controllers\AdminController.php(289): array_map('html_entity_decode', null)
 2 SYSTEMPATH\CodeIgniter.php(934): App\Controllers\AdminController->download()
 3 SYSTEMPATH\CodeIgniter.php(499): CodeIgniter\CodeIgniter->runController(Object(App\Controllers\AdminController))
 4 SYSTEMPATH\CodeIgniter.php(368): CodeIgniter\CodeIgniter->handleRequest(null, Object(Config\Cache), false)
 5 FCPATH\index.php(75): CodeIgniter\CodeIgniter->run()
CRITICAL - 2023-06-12 12:46:30 --> Undefined variable $emp
in APPPATH\Views\pdf.php on line 82.
 1 APPPATH\Views\pdf.php(82): CodeIgniter\Debug\Exceptions->errorHandler(2, 'Undefined variable $emp', 'APPPATH\\Views\\pdf.php', 82)
 2 SYSTEMPATH\View\View.php(213): include('APPPATH\\Views\\pdf.php')
 3 SYSTEMPATH\View\View.php(216): CodeIgniter\View\View->CodeIgniter\View\{closure}()
 4 SYSTEMPATH\Common.php(1184): CodeIgniter\View\View->render('pdf', [], true)
 5 APPPATH\Controllers\AdminController.php(331): view('pdf', [...])
 6 SYSTEMPATH\CodeIgniter.php(934): App\Controllers\AdminController->download()
 7 SYSTEMPATH\CodeIgniter.php(499): CodeIgniter\CodeIgniter->runController(Object(App\Controllers\AdminController))
 8 SYSTEMPATH\CodeIgniter.php(368): CodeIgniter\CodeIgniter->handleRequest(null, Object(Config\Cache), false)
 9 FCPATH\index.php(75): CodeIgniter\CodeIgniter->run()
CRITICAL - 2023-06-12 12:46:30 --> array_map(): Argument #2 ($array) must be of type array, null given
in APPPATH\Controllers\AdminController.php on line 289.
 1 APPPATH\Controllers\AdminController.php(289): array_map('html_entity_decode', null)
 2 SYSTEMPATH\CodeIgniter.php(934): App\Controllers\AdminController->download()
 3 SYSTEMPATH\CodeIgniter.php(499): CodeIgniter\CodeIgniter->runController(Object(App\Controllers\AdminController))
 4 SYSTEMPATH\CodeIgniter.php(368): CodeIgniter\CodeIgniter->handleRequest(null, Object(Config\Cache), false)
 5 FCPATH\index.php(75): CodeIgniter\CodeIgniter->run()
CRITICAL - 2023-06-12 12:46:41 --> Undefined variable $emp
in APPPATH\Views\pdf.php on line 82.
 1 APPPATH\Views\pdf.php(82): CodeIgniter\Debug\Exceptions->errorHandler(2, 'Undefined variable $emp', 'APPPATH\\Views\\pdf.php', 82)
 2 SYSTEMPATH\View\View.php(213): include('APPPATH\\Views\\pdf.php')
 3 SYSTEMPATH\View\View.php(216): CodeIgniter\View\View->CodeIgniter\View\{closure}()
 4 SYSTEMPATH\Common.php(1184): CodeIgniter\View\View->render('pdf', [], true)
 5 APPPATH\Controllers\AdminController.php(331): view('pdf', [...])
 6 SYSTEMPATH\CodeIgniter.php(934): App\Controllers\AdminController->download()
 7 SYSTEMPATH\CodeIgniter.php(499): CodeIgniter\CodeIgniter->runController(Object(App\Controllers\AdminController))
 8 SYSTEMPATH\CodeIgniter.php(368): CodeIgniter\CodeIgniter->handleRequest(null, Object(Config\Cache), false)
 9 FCPATH\index.php(75): CodeIgniter\CodeIgniter->run()
CRITICAL - 2023-06-12 12:46:42 --> array_map(): Argument #2 ($array) must be of type array, null given
in APPPATH\Controllers\AdminController.php on line 289.
 1 APPPATH\Controllers\AdminController.php(289): array_map('html_entity_decode', null)
 2 SYSTEMPATH\CodeIgniter.php(934): App\Controllers\AdminController->download()
 3 SYSTEMPATH\CodeIgniter.php(499): CodeIgniter\CodeIgniter->runController(Object(App\Controllers\AdminController))
 4 SYSTEMPATH\CodeIgniter.php(368): CodeIgniter\CodeIgniter->handleRequest(null, Object(Config\Cache), false)
 5 FCPATH\index.php(75): CodeIgniter\CodeIgniter->run()
CRITICAL - 2023-06-12 12:48:23 --> Undefined variable $emp
in APPPATH\Views\pdf.php on line 82.
 1 APPPATH\Views\pdf.php(82): CodeIgniter\Debug\Exceptions->errorHandler(2, 'Undefined variable $emp', 'APPPATH\\Views\\pdf.php', 82)
 2 SYSTEMPATH\View\View.php(213): include('APPPATH\\Views\\pdf.php')
 3 SYSTEMPATH\View\View.php(216): CodeIgniter\View\View->CodeIgniter\View\{closure}()
 4 SYSTEMPATH\Common.php(1184): CodeIgniter\View\View->render('pdf', [], true)
 5 APPPATH\Controllers\AdminController.php(332): view('pdf', [...])
 6 SYSTEMPATH\CodeIgniter.php(934): App\Controllers\AdminController->download()
 7 SYSTEMPATH\CodeIgniter.php(499): CodeIgniter\CodeIgniter->runController(Object(App\Controllers\AdminController))
 8 SYSTEMPATH\CodeIgniter.php(368): CodeIgniter\CodeIgniter->handleRequest(null, Object(Config\Cache), false)
 9 FCPATH\index.php(75): CodeIgniter\CodeIgniter->run()
CRITICAL - 2023-06-12 12:48:24 --> array_map(): Argument #2 ($array) must be of type array, null given
in APPPATH\Controllers\AdminController.php on line 290.
 1 APPPATH\Controllers\AdminController.php(290): array_map('html_entity_decode', null)
 2 SYSTEMPATH\CodeIgniter.php(934): App\Controllers\AdminController->download()
 3 SYSTEMPATH\CodeIgniter.php(499): CodeIgniter\CodeIgniter->runController(Object(App\Controllers\AdminController))
 4 SYSTEMPATH\CodeIgniter.php(368): CodeIgniter\CodeIgniter->handleRequest(null, Object(Config\Cache), false)
 5 FCPATH\index.php(75): CodeIgniter\CodeIgniter->run()
CRITICAL - 2023-06-12 12:48:28 --> Undefined variable $emp
in APPPATH\Views\pdf.php on line 82.
 1 APPPATH\Views\pdf.php(82): CodeIgniter\Debug\Exceptions->errorHandler(2, 'Undefined variable $emp', 'APPPATH\\Views\\pdf.php', 82)
 2 SYSTEMPATH\View\View.php(213): include('APPPATH\\Views\\pdf.php')
 3 SYSTEMPATH\View\View.php(216): CodeIgniter\View\View->CodeIgniter\View\{closure}()
 4 SYSTEMPATH\Common.php(1184): CodeIgniter\View\View->render('pdf', [], true)
 5 APPPATH\Controllers\AdminController.php(332): view('pdf', [...])
 6 SYSTEMPATH\CodeIgniter.php(934): App\Controllers\AdminController->download()
 7 SYSTEMPATH\CodeIgniter.php(499): CodeIgniter\CodeIgniter->runController(Object(App\Controllers\AdminController))
 8 SYSTEMPATH\CodeIgniter.php(368): CodeIgniter\CodeIgniter->handleRequest(null, Object(Config\Cache), false)
 9 FCPATH\index.php(75): CodeIgniter\CodeIgniter->run()
CRITICAL - 2023-06-12 12:48:28 --> array_map(): Argument #2 ($array) must be of type array, null given
in APPPATH\Controllers\AdminController.php on line 290.
 1 APPPATH\Controllers\AdminController.php(290): array_map('html_entity_decode', null)
 2 SYSTEMPATH\CodeIgniter.php(934): App\Controllers\AdminController->download()
 3 SYSTEMPATH\CodeIgniter.php(499): CodeIgniter\CodeIgniter->runController(Object(App\Controllers\AdminController))
 4 SYSTEMPATH\CodeIgniter.php(368): CodeIgniter\CodeIgniter->handleRequest(null, Object(Config\Cache), false)
 5 FCPATH\index.php(75): CodeIgniter\CodeIgniter->run()
CRITICAL - 2023-06-12 12:50:04 --> Undefined variable $emp
in APPPATH\Views\pdf.php on line 82.
 1 APPPATH\Views\pdf.php(82): CodeIgniter\Debug\Exceptions->errorHandler(2, 'Undefined variable $emp', 'APPPATH\\Views\\pdf.php', 82)
 2 SYSTEMPATH\View\View.php(213): include('APPPATH\\Views\\pdf.php')
 3 SYSTEMPATH\View\View.php(216): CodeIgniter\View\View->CodeIgniter\View\{closure}()
 4 SYSTEMPATH\Common.php(1184): CodeIgniter\View\View->render('pdf', [], true)
 5 APPPATH\Controllers\AdminController.php(336): view('pdf', [...])
 6 SYSTEMPATH\CodeIgniter.php(934): App\Controllers\AdminController->download()
 7 SYSTEMPATH\CodeIgniter.php(499): CodeIgniter\CodeIgniter->runController(Object(App\Controllers\AdminController))
 8 SYSTEMPATH\CodeIgniter.php(368): CodeIgniter\CodeIgniter->handleRequest(null, Object(Config\Cache), false)
 9 FCPATH\index.php(75): CodeIgniter\CodeIgniter->run()
CRITICAL - 2023-06-12 12:50:04 --> array_map(): Argument #2 ($array) must be of type array, null given
in APPPATH\Controllers\AdminController.php on line 294.
 1 APPPATH\Controllers\AdminController.php(294): array_map('html_entity_decode', null)
 2 SYSTEMPATH\CodeIgniter.php(934): App\Controllers\AdminController->download()
 3 SYSTEMPATH\CodeIgniter.php(499): CodeIgniter\CodeIgniter->runController(Object(App\Controllers\AdminController))
 4 SYSTEMPATH\CodeIgniter.php(368): CodeIgniter\CodeIgniter->handleRequest(null, Object(Config\Cache), false)
 5 FCPATH\index.php(75): CodeIgniter\CodeIgniter->run()
CRITICAL - 2023-06-12 13:02:13 --> Undefined variable $emp
in APPPATH\Views\pdf.php on line 82.
 1 APPPATH\Views\pdf.php(82): CodeIgniter\Debug\Exceptions->errorHandler(2, 'Undefined variable $emp', 'APPPATH\\Views\\pdf.php', 82)
 2 SYSTEMPATH\View\View.php(213): include('APPPATH\\Views\\pdf.php')
 3 SYSTEMPATH\View\View.php(216): CodeIgniter\View\View->CodeIgniter\View\{closure}()
 4 SYSTEMPATH\Common.php(1184): CodeIgniter\View\View->render('pdf', [], true)
 5 APPPATH\Controllers\AdminController.php(333): view('pdf', [...])
 6 SYSTEMPATH\CodeIgniter.php(934): App\Controllers\AdminController->download()
 7 SYSTEMPATH\CodeIgniter.php(499): CodeIgniter\CodeIgniter->runController(Object(App\Controllers\AdminController))
 8 SYSTEMPATH\CodeIgniter.php(368): CodeIgniter\CodeIgniter->handleRequest(null, Object(Config\Cache), false)
 9 FCPATH\index.php(75): CodeIgniter\CodeIgniter->run()
CRITICAL - 2023-06-12 13:05:54 --> Undefined variable $emp
in APPPATH\Views\pdf.php on line 82.
 1 APPPATH\Views\pdf.php(82): CodeIgniter\Debug\Exceptions->errorHandler(2, 'Undefined variable $emp', 'APPPATH\\Views\\pdf.php', 82)
 2 SYSTEMPATH\View\View.php(213): include('APPPATH\\Views\\pdf.php')
 3 SYSTEMPATH\View\View.php(216): CodeIgniter\View\View->CodeIgniter\View\{closure}()
 4 SYSTEMPATH\Common.php(1184): CodeIgniter\View\View->render('pdf', [], true)
 5 APPPATH\Controllers\AdminController.php(333): view('pdf', [...])
 6 SYSTEMPATH\CodeIgniter.php(934): App\Controllers\AdminController->download()
 7 SYSTEMPATH\CodeIgniter.php(499): CodeIgniter\CodeIgniter->runController(Object(App\Controllers\AdminController))
 8 SYSTEMPATH\CodeIgniter.php(368): CodeIgniter\CodeIgniter->handleRequest(null, Object(Config\Cache), false)
 9 FCPATH\index.php(75): CodeIgniter\CodeIgniter->run()
CRITICAL - 2023-06-12 13:09:48 --> Undefined variable $emp
in APPPATH\Controllers\AdminController.php on line 329.
 1 APPPATH\Controllers\AdminController.php(329): CodeIgniter\Debug\Exceptions->errorHandler(2, 'Undefined variable $emp', 'APPPATH\\Controllers\\AdminController.php', 329)
 2 SYSTEMPATH\CodeIgniter.php(934): App\Controllers\AdminController->download()
 3 SYSTEMPATH\CodeIgniter.php(499): CodeIgniter\CodeIgniter->runController(Object(App\Controllers\AdminController))
 4 SYSTEMPATH\CodeIgniter.php(368): CodeIgniter\CodeIgniter->handleRequest(null, Object(Config\Cache), false)
 5 FCPATH\index.php(75): CodeIgniter\CodeIgniter->run()
CRITICAL - 2023-06-12 13:50:36 --> Undefined array key "name"
in APPPATH\Views\pdf.php on line 124.
 1 APPPATH\Views\pdf.php(124): CodeIgniter\Debug\Exceptions->errorHandler(2, 'Undefined array key "name"', 'APPPATH\\Views\\pdf.php', 124)
 2 SYSTEMPATH\View\View.php(213): include('APPPATH\\Views\\pdf.php')
 3 SYSTEMPATH\View\View.php(216): CodeIgniter\View\View->CodeIgniter\View\{closure}()
 4 SYSTEMPATH\Common.php(1184): CodeIgniter\View\View->render('pdf', [], true)
 5 APPPATH\Controllers\AdminController.php(334): view('pdf', [...])
 6 SYSTEMPATH\CodeIgniter.php(934): App\Controllers\AdminController->download()
 7 SYSTEMPATH\CodeIgniter.php(499): CodeIgniter\CodeIgniter->runController(Object(App\Controllers\AdminController))
 8 SYSTEMPATH\CodeIgniter.php(368): CodeIgniter\CodeIgniter->handleRequest(null, Object(Config\Cache), false)
 9 FCPATH\index.php(75): CodeIgniter\CodeIgniter->run()
CRITICAL - 2023-06-12 13:50:37 --> array_map(): Argument #2 ($array) must be of type array, null given
in APPPATH\Controllers\AdminController.php on line 292.
 1 APPPATH\Controllers\AdminController.php(292): array_map('html_entity_decode', null)
 2 SYSTEMPATH\CodeIgniter.php(934): App\Controllers\AdminController->download()
 3 SYSTEMPATH\CodeIgniter.php(499): CodeIgniter\CodeIgniter->runController(Object(App\Controllers\AdminController))
 4 SYSTEMPATH\CodeIgniter.php(368): CodeIgniter\CodeIgniter->handleRequest(null, Object(Config\Cache), false)
 5 FCPATH\index.php(75): CodeIgniter\CodeIgniter->run()
CRITICAL - 2023-06-12 13:51:03 --> Undefined array key "name"
in APPPATH\Views\pdf.php on line 124.
 1 APPPATH\Views\pdf.php(124): CodeIgniter\Debug\Exceptions->errorHandler(2, 'Undefined array key "name"', 'APPPATH\\Views\\pdf.php', 124)
 2 SYSTEMPATH\View\View.php(213): include('APPPATH\\Views\\pdf.php')
 3 SYSTEMPATH\View\View.php(216): CodeIgniter\View\View->CodeIgniter\View\{closure}()
 4 SYSTEMPATH\Common.php(1184): CodeIgniter\View\View->render('pdf', [], true)
 5 APPPATH\Controllers\AdminController.php(334): view('pdf', [...])
 6 SYSTEMPATH\CodeIgniter.php(934): App\Controllers\AdminController->download()
 7 SYSTEMPATH\CodeIgniter.php(499): CodeIgniter\CodeIgniter->runController(Object(App\Controllers\AdminController))
 8 SYSTEMPATH\CodeIgniter.php(368): CodeIgniter\CodeIgniter->handleRequest(null, Object(Config\Cache), false)
 9 FCPATH\index.php(75): CodeIgniter\CodeIgniter->run()
CRITICAL - 2023-06-12 13:51:03 --> array_map(): Argument #2 ($array) must be of type array, null given
in APPPATH\Controllers\AdminController.php on line 292.
 1 APPPATH\Controllers\AdminController.php(292): array_map('html_entity_decode', null)
 2 SYSTEMPATH\CodeIgniter.php(934): App\Controllers\AdminController->download()
 3 SYSTEMPATH\CodeIgniter.php(499): CodeIgniter\CodeIgniter->runController(Object(App\Controllers\AdminController))
 4 SYSTEMPATH\CodeIgniter.php(368): CodeIgniter\CodeIgniter->handleRequest(null, Object(Config\Cache), false)
 5 FCPATH\index.php(75): CodeIgniter\CodeIgniter->run()
CRITICAL - 2023-06-12 13:51:12 --> Undefined array key "name"
in APPPATH\Views\pdf.php on line 124.
 1 APPPATH\Views\pdf.php(124): CodeIgniter\Debug\Exceptions->errorHandler(2, 'Undefined array key "name"', 'APPPATH\\Views\\pdf.php', 124)
 2 SYSTEMPATH\View\View.php(213): include('APPPATH\\Views\\pdf.php')
 3 SYSTEMPATH\View\View.php(216): CodeIgniter\View\View->CodeIgniter\View\{closure}()
 4 SYSTEMPATH\Common.php(1184): CodeIgniter\View\View->render('pdf', [], true)
 5 APPPATH\Controllers\AdminController.php(334): view('pdf', [...])
 6 SYSTEMPATH\CodeIgniter.php(934): App\Controllers\AdminController->download()
 7 SYSTEMPATH\CodeIgniter.php(499): CodeIgniter\CodeIgniter->runController(Object(App\Controllers\AdminController))
 8 SYSTEMPATH\CodeIgniter.php(368): CodeIgniter\CodeIgniter->handleRequest(null, Object(Config\Cache), false)
 9 FCPATH\index.php(75): CodeIgniter\CodeIgniter->run()
CRITICAL - 2023-06-12 13:51:12 --> array_map(): Argument #2 ($array) must be of type array, null given
in APPPATH\Controllers\AdminController.php on line 292.
 1 APPPATH\Controllers\AdminController.php(292): array_map('html_entity_decode', null)
 2 SYSTEMPATH\CodeIgniter.php(934): App\Controllers\AdminController->download()
 3 SYSTEMPATH\CodeIgniter.php(499): CodeIgniter\CodeIgniter->runController(Object(App\Controllers\AdminController))
 4 SYSTEMPATH\CodeIgniter.php(368): CodeIgniter\CodeIgniter->handleRequest(null, Object(Config\Cache), false)
 5 FCPATH\index.php(75): CodeIgniter\CodeIgniter->run()
CRITICAL - 2023-06-12 13:55:13 --> Undefined array key "name"
in APPPATH\Views\pdf.php on line 124.
 1 APPPATH\Views\pdf.php(124): CodeIgniter\Debug\Exceptions->errorHandler(2, 'Undefined array key "name"', 'APPPATH\\Views\\pdf.php', 124)
 2 SYSTEMPATH\View\View.php(213): include('APPPATH\\Views\\pdf.php')
 3 SYSTEMPATH\View\View.php(216): CodeIgniter\View\View->CodeIgniter\View\{closure}()
 4 SYSTEMPATH\Common.php(1184): CodeIgniter\View\View->render('pdf', [], true)
 5 APPPATH\Controllers\AdminController.php(334): view('pdf', [...])
 6 SYSTEMPATH\CodeIgniter.php(934): App\Controllers\AdminController->download()
 7 SYSTEMPATH\CodeIgniter.php(499): CodeIgniter\CodeIgniter->runController(Object(App\Controllers\AdminController))
 8 SYSTEMPATH\CodeIgniter.php(368): CodeIgniter\CodeIgniter->handleRequest(null, Object(Config\Cache), false)
 9 FCPATH\index.php(75): CodeIgniter\CodeIgniter->run()
CRITICAL - 2023-06-12 13:55:14 --> array_map(): Argument #2 ($array) must be of type array, null given
in APPPATH\Controllers\AdminController.php on line 292.
 1 APPPATH\Controllers\AdminController.php(292): array_map('html_entity_decode', null)
 2 SYSTEMPATH\CodeIgniter.php(934): App\Controllers\AdminController->download()
 3 SYSTEMPATH\CodeIgniter.php(499): CodeIgniter\CodeIgniter->runController(Object(App\Controllers\AdminController))
 4 SYSTEMPATH\CodeIgniter.php(368): CodeIgniter\CodeIgniter->handleRequest(null, Object(Config\Cache), false)
 5 FCPATH\index.php(75): CodeIgniter\CodeIgniter->run()
