CRITICAL - 2023-05-18 08:45:17 --> Too few arguments to function App\Controllers\Timesheet::delete(), 0 passed in C:\xampp\htdocs\timesheet\vendor\codeigniter4\framework\system\CodeIgniter.php on line 934 and exactly 1 expected
in APPPATH\Controllers\Timesheet.php on line 393.
 1 SYSTEMPATH\CodeIgniter.php(934): App\Controllers\Timesheet->delete()
 2 SYSTEMPATH\CodeIgniter.php(499): CodeIgniter\CodeIgniter->runController(Object(App\Controllers\Timesheet))
 3 SYSTEMPATH\CodeIgniter.php(368): CodeIgniter\CodeIgniter->handleRequest(null, Object(Config\Cache), false)
 4 FCPATH\index.php(76): CodeIgniter\CodeIgniter->run()
CRITICAL - 2023-05-18 08:45:18 --> Too few arguments to function App\Controllers\Timesheet::delete(), 0 passed in C:\xampp\htdocs\timesheet\vendor\codeigniter4\framework\system\CodeIgniter.php on line 934 and exactly 1 expected
in APPPATH\Controllers\Timesheet.php on line 393.
 1 SYSTEMPATH\CodeIgniter.php(934): App\Controllers\Timesheet->delete()
 2 SYSTEMPATH\CodeIgniter.php(499): CodeIgniter\CodeIgniter->runController(Object(App\Controllers\Timesheet))
 3 SYSTEMPATH\CodeIgniter.php(368): CodeIgniter\CodeIgniter->handleRequest(null, Object(Config\Cache), false)
 4 FCPATH\index.php(76): CodeIgniter\CodeIgniter->run()
CRITICAL - 2023-05-18 08:45:18 --> Too few arguments to function App\Controllers\Timesheet::delete(), 0 passed in C:\xampp\htdocs\timesheet\vendor\codeigniter4\framework\system\CodeIgniter.php on line 934 and exactly 1 expected
in APPPATH\Controllers\Timesheet.php on line 393.
 1 SYSTEMPATH\CodeIgniter.php(934): App\Controllers\Timesheet->delete()
 2 SYSTEMPATH\CodeIgniter.php(499): CodeIgniter\CodeIgniter->runController(Object(App\Controllers\Timesheet))
 3 SYSTEMPATH\CodeIgniter.php(368): CodeIgniter\CodeIgniter->handleRequest(null, Object(Config\Cache), false)
 4 FCPATH\index.php(76): CodeIgniter\CodeIgniter->run()
CRITICAL - 2023-05-18 08:45:18 --> Too few arguments to function App\Controllers\Timesheet::delete(), 0 passed in C:\xampp\htdocs\timesheet\vendor\codeigniter4\framework\system\CodeIgniter.php on line 934 and exactly 1 expected
in APPPATH\Controllers\Timesheet.php on line 393.
 1 SYSTEMPATH\CodeIgniter.php(934): App\Controllers\Timesheet->delete()
 2 SYSTEMPATH\CodeIgniter.php(499): CodeIgniter\CodeIgniter->runController(Object(App\Controllers\Timesheet))
 3 SYSTEMPATH\CodeIgniter.php(368): CodeIgniter\CodeIgniter->handleRequest(null, Object(Config\Cache), false)
 4 FCPATH\index.php(76): CodeIgniter\CodeIgniter->run()
CRITICAL - 2023-05-18 08:45:34 --> Too few arguments to function App\Controllers\Timesheet::delete(), 0 passed in C:\xampp\htdocs\timesheet\vendor\codeigniter4\framework\system\CodeIgniter.php on line 934 and exactly 1 expected
in APPPATH\Controllers\Timesheet.php on line 393.
 1 SYSTEMPATH\CodeIgniter.php(934): App\Controllers\Timesheet->delete()
 2 SYSTEMPATH\CodeIgniter.php(499): CodeIgniter\CodeIgniter->runController(Object(App\Controllers\Timesheet))
 3 SYSTEMPATH\CodeIgniter.php(368): CodeIgniter\CodeIgniter->handleRequest(null, Object(Config\Cache), false)
 4 FCPATH\index.php(76): CodeIgniter\CodeIgniter->run()
CRITICAL - 2023-05-18 08:45:36 --> Too few arguments to function App\Controllers\Timesheet::delete(), 0 passed in C:\xampp\htdocs\timesheet\vendor\codeigniter4\framework\system\CodeIgniter.php on line 934 and exactly 1 expected
in APPPATH\Controllers\Timesheet.php on line 393.
 1 SYSTEMPATH\CodeIgniter.php(934): App\Controllers\Timesheet->delete()
 2 SYSTEMPATH\CodeIgniter.php(499): CodeIgniter\CodeIgniter->runController(Object(App\Controllers\Timesheet))
 3 SYSTEMPATH\CodeIgniter.php(368): CodeIgniter\CodeIgniter->handleRequest(null, Object(Config\Cache), false)
 4 FCPATH\index.php(76): CodeIgniter\CodeIgniter->run()
CRITICAL - 2023-05-18 08:45:37 --> Too few arguments to function App\Controllers\Timesheet::delete(), 0 passed in C:\xampp\htdocs\timesheet\vendor\codeigniter4\framework\system\CodeIgniter.php on line 934 and exactly 1 expected
in APPPATH\Controllers\Timesheet.php on line 393.
 1 SYSTEMPATH\CodeIgniter.php(934): App\Controllers\Timesheet->delete()
 2 SYSTEMPATH\CodeIgniter.php(499): CodeIgniter\CodeIgniter->runController(Object(App\Controllers\Timesheet))
 3 SYSTEMPATH\CodeIgniter.php(368): CodeIgniter\CodeIgniter->handleRequest(null, Object(Config\Cache), false)
 4 FCPATH\index.php(76): CodeIgniter\CodeIgniter->run()
CRITICAL - 2023-05-18 08:45:40 --> Too few arguments to function App\Controllers\Timesheet::delete(), 0 passed in C:\xampp\htdocs\timesheet\vendor\codeigniter4\framework\system\CodeIgniter.php on line 934 and exactly 1 expected
in APPPATH\Controllers\Timesheet.php on line 393.
 1 SYSTEMPATH\CodeIgniter.php(934): App\Controllers\Timesheet->delete()
 2 SYSTEMPATH\CodeIgniter.php(499): CodeIgniter\CodeIgniter->runController(Object(App\Controllers\Timesheet))
 3 SYSTEMPATH\CodeIgniter.php(368): CodeIgniter\CodeIgniter->handleRequest(null, Object(Config\Cache), false)
 4 FCPATH\index.php(76): CodeIgniter\CodeIgniter->run()
CRITICAL - 2023-05-18 08:45:41 --> Too few arguments to function App\Controllers\Timesheet::delete(), 0 passed in C:\xampp\htdocs\timesheet\vendor\codeigniter4\framework\system\CodeIgniter.php on line 934 and exactly 1 expected
in APPPATH\Controllers\Timesheet.php on line 393.
 1 SYSTEMPATH\CodeIgniter.php(934): App\Controllers\Timesheet->delete()
 2 SYSTEMPATH\CodeIgniter.php(499): CodeIgniter\CodeIgniter->runController(Object(App\Controllers\Timesheet))
 3 SYSTEMPATH\CodeIgniter.php(368): CodeIgniter\CodeIgniter->handleRequest(null, Object(Config\Cache), false)
 4 FCPATH\index.php(76): CodeIgniter\CodeIgniter->run()
CRITICAL - 2023-05-18 08:45:41 --> Too few arguments to function App\Controllers\Timesheet::delete(), 0 passed in C:\xampp\htdocs\timesheet\vendor\codeigniter4\framework\system\CodeIgniter.php on line 934 and exactly 1 expected
in APPPATH\Controllers\Timesheet.php on line 393.
 1 SYSTEMPATH\CodeIgniter.php(934): App\Controllers\Timesheet->delete()
 2 SYSTEMPATH\CodeIgniter.php(499): CodeIgniter\CodeIgniter->runController(Object(App\Controllers\Timesheet))
 3 SYSTEMPATH\CodeIgniter.php(368): CodeIgniter\CodeIgniter->handleRequest(null, Object(Config\Cache), false)
 4 FCPATH\index.php(76): CodeIgniter\CodeIgniter->run()
CRITICAL - 2023-05-18 08:45:42 --> Too few arguments to function App\Controllers\Timesheet::delete(), 0 passed in C:\xampp\htdocs\timesheet\vendor\codeigniter4\framework\system\CodeIgniter.php on line 934 and exactly 1 expected
in APPPATH\Controllers\Timesheet.php on line 393.
 1 SYSTEMPATH\CodeIgniter.php(934): App\Controllers\Timesheet->delete()
 2 SYSTEMPATH\CodeIgniter.php(499): CodeIgniter\CodeIgniter->runController(Object(App\Controllers\Timesheet))
 3 SYSTEMPATH\CodeIgniter.php(368): CodeIgniter\CodeIgniter->handleRequest(null, Object(Config\Cache), false)
 4 FCPATH\index.php(76): CodeIgniter\CodeIgniter->run()
CRITICAL - 2023-05-18 08:45:42 --> Too few arguments to function App\Controllers\Timesheet::delete(), 0 passed in C:\xampp\htdocs\timesheet\vendor\codeigniter4\framework\system\CodeIgniter.php on line 934 and exactly 1 expected
in APPPATH\Controllers\Timesheet.php on line 393.
 1 SYSTEMPATH\CodeIgniter.php(934): App\Controllers\Timesheet->delete()
 2 SYSTEMPATH\CodeIgniter.php(499): CodeIgniter\CodeIgniter->runController(Object(App\Controllers\Timesheet))
 3 SYSTEMPATH\CodeIgniter.php(368): CodeIgniter\CodeIgniter->handleRequest(null, Object(Config\Cache), false)
 4 FCPATH\index.php(76): CodeIgniter\CodeIgniter->run()
CRITICAL - 2023-05-18 08:45:42 --> Too few arguments to function App\Controllers\Timesheet::delete(), 0 passed in C:\xampp\htdocs\timesheet\vendor\codeigniter4\framework\system\CodeIgniter.php on line 934 and exactly 1 expected
in APPPATH\Controllers\Timesheet.php on line 393.
 1 SYSTEMPATH\CodeIgniter.php(934): App\Controllers\Timesheet->delete()
 2 SYSTEMPATH\CodeIgniter.php(499): CodeIgniter\CodeIgniter->runController(Object(App\Controllers\Timesheet))
 3 SYSTEMPATH\CodeIgniter.php(368): CodeIgniter\CodeIgniter->handleRequest(null, Object(Config\Cache), false)
 4 FCPATH\index.php(76): CodeIgniter\CodeIgniter->run()
CRITICAL - 2023-05-18 08:45:42 --> Too few arguments to function App\Controllers\Timesheet::delete(), 0 passed in C:\xampp\htdocs\timesheet\vendor\codeigniter4\framework\system\CodeIgniter.php on line 934 and exactly 1 expected
in APPPATH\Controllers\Timesheet.php on line 393.
 1 SYSTEMPATH\CodeIgniter.php(934): App\Controllers\Timesheet->delete()
 2 SYSTEMPATH\CodeIgniter.php(499): CodeIgniter\CodeIgniter->runController(Object(App\Controllers\Timesheet))
 3 SYSTEMPATH\CodeIgniter.php(368): CodeIgniter\CodeIgniter->handleRequest(null, Object(Config\Cache), false)
 4 FCPATH\index.php(76): CodeIgniter\CodeIgniter->run()
CRITICAL - 2023-05-18 08:45:42 --> Too few arguments to function App\Controllers\Timesheet::delete(), 0 passed in C:\xampp\htdocs\timesheet\vendor\codeigniter4\framework\system\CodeIgniter.php on line 934 and exactly 1 expected
in APPPATH\Controllers\Timesheet.php on line 393.
 1 SYSTEMPATH\CodeIgniter.php(934): App\Controllers\Timesheet->delete()
 2 SYSTEMPATH\CodeIgniter.php(499): CodeIgniter\CodeIgniter->runController(Object(App\Controllers\Timesheet))
 3 SYSTEMPATH\CodeIgniter.php(368): CodeIgniter\CodeIgniter->handleRequest(null, Object(Config\Cache), false)
 4 FCPATH\index.php(76): CodeIgniter\CodeIgniter->run()
CRITICAL - 2023-05-18 08:45:43 --> Too few arguments to function App\Controllers\Timesheet::delete(), 0 passed in C:\xampp\htdocs\timesheet\vendor\codeigniter4\framework\system\CodeIgniter.php on line 934 and exactly 1 expected
in APPPATH\Controllers\Timesheet.php on line 393.
 1 SYSTEMPATH\CodeIgniter.php(934): App\Controllers\Timesheet->delete()
 2 SYSTEMPATH\CodeIgniter.php(499): CodeIgniter\CodeIgniter->runController(Object(App\Controllers\Timesheet))
 3 SYSTEMPATH\CodeIgniter.php(368): CodeIgniter\CodeIgniter->handleRequest(null, Object(Config\Cache), false)
 4 FCPATH\index.php(76): CodeIgniter\CodeIgniter->run()
CRITICAL - 2023-05-18 11:01:14 --> Undefined variable $timesheet
in APPPATH\Views\emptimesheet.php on line 145.
 1 APPPATH\Views\emptimesheet.php(145): CodeIgniter\Debug\Exceptions->errorHandler(2, 'Undefined variable $timesheet', 'APPPATH\\Views\\emptimesheet.php', 145)
 2 SYSTEMPATH\View\View.php(213): include('APPPATH\\Views\\emptimesheet.php')
 3 SYSTEMPATH\View\View.php(216): CodeIgniter\View\View->CodeIgniter\View\{closure}()
 4 SYSTEMPATH\Common.php(1184): CodeIgniter\View\View->render('emptimesheet', [], true)
 5 APPPATH\Controllers\Timesheet.php(110): view('emptimesheet', [...])
 6 SYSTEMPATH\CodeIgniter.php(934): App\Controllers\Timesheet->my_timesheets()
 7 SYSTEMPATH\CodeIgniter.php(499): CodeIgniter\CodeIgniter->runController(Object(App\Controllers\Timesheet))
 8 SYSTEMPATH\CodeIgniter.php(368): CodeIgniter\CodeIgniter->handleRequest(null, Object(Config\Cache), false)
 9 FCPATH\index.php(76): CodeIgniter\CodeIgniter->run()
CRITICAL - 2023-05-18 11:04:50 --> Undefined variable $row
in APPPATH\Views\emptimesheet.php on line 96.
 1 APPPATH\Views\emptimesheet.php(96): CodeIgniter\Debug\Exceptions->errorHandler(2, 'Undefined variable $row', 'APPPATH\\Views\\emptimesheet.php', 96)
 2 SYSTEMPATH\View\View.php(213): include('APPPATH\\Views\\emptimesheet.php')
 3 SYSTEMPATH\View\View.php(216): CodeIgniter\View\View->CodeIgniter\View\{closure}()
 4 SYSTEMPATH\Common.php(1184): CodeIgniter\View\View->render('emptimesheet', [], true)
 5 APPPATH\Controllers\Timesheet.php(110): view('emptimesheet', [...])
 6 SYSTEMPATH\CodeIgniter.php(934): App\Controllers\Timesheet->my_timesheets()
 7 SYSTEMPATH\CodeIgniter.php(499): CodeIgniter\CodeIgniter->runController(Object(App\Controllers\Timesheet))
 8 SYSTEMPATH\CodeIgniter.php(368): CodeIgniter\CodeIgniter->handleRequest(null, Object(Config\Cache), false)
 9 FCPATH\index.php(76): CodeIgniter\CodeIgniter->run()
CRITICAL - 2023-05-18 12:19:18 --> Array callback must have exactly two elements
in APPPATH\Views\data_view.php on line 139.
 1 SYSTEMPATH\View\View.php(213): include()
 2 SYSTEMPATH\View\View.php(216): CodeIgniter\View\View->CodeIgniter\View\{closure}()
 3 SYSTEMPATH\Common.php(1184): CodeIgniter\View\View->render('data_view', [], true)
 4 APPPATH\Controllers\Timesheet.php(397): view('data_view', [...])
 5 SYSTEMPATH\CodeIgniter.php(934): App\Controllers\Timesheet->data()
 6 SYSTEMPATH\CodeIgniter.php(499): CodeIgniter\CodeIgniter->runController(Object(App\Controllers\Timesheet))
 7 SYSTEMPATH\CodeIgniter.php(368): CodeIgniter\CodeIgniter->handleRequest(null, Object(Config\Cache), false)
 8 FCPATH\index.php(76): CodeIgniter\CodeIgniter->run()
CRITICAL - 2023-05-18 12:34:06 --> Undefined array key "id"
in APPPATH\Views\data_view.php on line 133.
 1 APPPATH\Views\data_view.php(133): CodeIgniter\Debug\Exceptions->errorHandler(2, 'Undefined array key "id"', 'APPPATH\\Views\\data_view.php', 133)
 2 SYSTEMPATH\View\View.php(213): include('APPPATH\\Views\\data_view.php')
 3 SYSTEMPATH\View\View.php(216): CodeIgniter\View\View->CodeIgniter\View\{closure}()
 4 SYSTEMPATH\Common.php(1184): CodeIgniter\View\View->render('data_view', [], true)
 5 APPPATH\Controllers\Timesheet.php(398): view('data_view', [...])
 6 SYSTEMPATH\CodeIgniter.php(934): App\Controllers\Timesheet->data()
 7 SYSTEMPATH\CodeIgniter.php(499): CodeIgniter\CodeIgniter->runController(Object(App\Controllers\Timesheet))
 8 SYSTEMPATH\CodeIgniter.php(368): CodeIgniter\CodeIgniter->handleRequest(null, Object(Config\Cache), false)
 9 FCPATH\index.php(76): CodeIgniter\CodeIgniter->run()
CRITICAL - 2023-05-18 12:34:28 --> Undefined array key "date"
in APPPATH\Views\data_view.php on line 134.
 1 APPPATH\Views\data_view.php(134): CodeIgniter\Debug\Exceptions->errorHandler(2, 'Undefined array key "date"', 'APPPATH\\Views\\data_view.php', 134)
 2 SYSTEMPATH\View\View.php(213): include('APPPATH\\Views\\data_view.php')
 3 SYSTEMPATH\View\View.php(216): CodeIgniter\View\View->CodeIgniter\View\{closure}()
 4 SYSTEMPATH\Common.php(1184): CodeIgniter\View\View->render('data_view', [], true)
 5 APPPATH\Controllers\Timesheet.php(398): view('data_view', [...])
 6 SYSTEMPATH\CodeIgniter.php(934): App\Controllers\Timesheet->data()
 7 SYSTEMPATH\CodeIgniter.php(499): CodeIgniter\CodeIgniter->runController(Object(App\Controllers\Timesheet))
 8 SYSTEMPATH\CodeIgniter.php(368): CodeIgniter\CodeIgniter->handleRequest(null, Object(Config\Cache), false)
 9 FCPATH\index.php(76): CodeIgniter\CodeIgniter->run()
CRITICAL - 2023-05-18 12:35:02 --> Undefined array key "date"
in APPPATH\Views\data_view.php on line 134.
 1 APPPATH\Views\data_view.php(134): CodeIgniter\Debug\Exceptions->errorHandler(2, 'Undefined array key "date"', 'APPPATH\\Views\\data_view.php', 134)
 2 SYSTEMPATH\View\View.php(213): include('APPPATH\\Views\\data_view.php')
 3 SYSTEMPATH\View\View.php(216): CodeIgniter\View\View->CodeIgniter\View\{closure}()
 4 SYSTEMPATH\Common.php(1184): CodeIgniter\View\View->render('data_view', [], true)
 5 APPPATH\Controllers\Timesheet.php(398): view('data_view', [...])
 6 SYSTEMPATH\CodeIgniter.php(934): App\Controllers\Timesheet->data()
 7 SYSTEMPATH\CodeIgniter.php(499): CodeIgniter\CodeIgniter->runController(Object(App\Controllers\Timesheet))
 8 SYSTEMPATH\CodeIgniter.php(368): CodeIgniter\CodeIgniter->handleRequest(null, Object(Config\Cache), false)
 9 FCPATH\index.php(76): CodeIgniter\CodeIgniter->run()
ERROR - 2023-05-18 12:44:24 --> mysqli_sql_exception: Not unique table/alias: 'timesheet_master' in C:\xampp\htdocs\timesheet\vendor\codeigniter4\framework\system\Database\MySQLi\Connection.php:295
Stack trace:
#0 C:\xampp\htdocs\timesheet\vendor\codeigniter4\framework\system\Database\MySQLi\Connection.php(295): mysqli->query('SELECT `timeshe...', 0)
#1 C:\xampp\htdocs\timesheet\vendor\codeigniter4\framework\system\Database\BaseConnection.php(691): CodeIgniter\Database\MySQLi\Connection->execute('SELECT `timeshe...')
#2 C:\xampp\htdocs\timesheet\vendor\codeigniter4\framework\system\Database\BaseConnection.php(605): CodeIgniter\Database\BaseConnection->simpleQuery('SELECT `timeshe...')
#3 C:\xampp\htdocs\timesheet\vendor\codeigniter4\framework\system\Database\BaseBuilder.php(1616): CodeIgniter\Database\BaseConnection->query('SELECT `timeshe...', Array, false)
#4 C:\xampp\htdocs\timesheet\vendor\codeigniter4\framework\system\Model.php(241): CodeIgniter\Database\BaseBuilder->get()
#5 C:\xampp\htdocs\timesheet\vendor\codeigniter4\framework\system\BaseModel.php(618): CodeIgniter\Model->doFindAll(0, 0)
#6 C:\xampp\htdocs\timesheet\app\Controllers\Timesheet.php(380): CodeIgniter\BaseModel->findAll()
#7 C:\xampp\htdocs\timesheet\vendor\codeigniter4\framework\system\CodeIgniter.php(934): App\Controllers\Timesheet->data()
#8 C:\xampp\htdocs\timesheet\vendor\codeigniter4\framework\system\CodeIgniter.php(499): CodeIgniter\CodeIgniter->runController(Object(App\Controllers\Timesheet))
#9 C:\xampp\htdocs\timesheet\vendor\codeigniter4\framework\system\CodeIgniter.php(368): CodeIgniter\CodeIgniter->handleRequest(NULL, Object(Config\Cache), false)
#10 C:\xampp\htdocs\timesheet\index.php(76): CodeIgniter\CodeIgniter->run()
#11 {main}
CRITICAL - 2023-05-18 12:44:24 --> Not unique table/alias: 'timesheet_master'
in SYSTEMPATH\Database\BaseConnection.php on line 645.
 1 SYSTEMPATH\Database\BaseBuilder.php(1616): CodeIgniter\Database\BaseConnection->query('SELECT `timesheet_master`.`project_id`
FROM (`timesheet_master`, `timesheet_master`)
LEFT JOIN `project_list` ON `timesheet_master`.`project_id` = `project_list`.`project_id`
WHERE `timesheet_master`.`emp_id` = :timesheet_master.emp_id:
AND `timesheet_master`.`date` = :timesheet_master.date:', [...], false)
 2 SYSTEMPATH\Model.php(241): CodeIgniter\Database\BaseBuilder->get()
 3 SYSTEMPATH\BaseModel.php(618): CodeIgniter\Model->doFindAll(0, 0)
 4 APPPATH\Controllers\Timesheet.php(380): CodeIgniter\BaseModel->findAll()
 5 SYSTEMPATH\CodeIgniter.php(934): App\Controllers\Timesheet->data()
 6 SYSTEMPATH\CodeIgniter.php(499): CodeIgniter\CodeIgniter->runController(Object(App\Controllers\Timesheet))
 7 SYSTEMPATH\CodeIgniter.php(368): CodeIgniter\CodeIgniter->handleRequest(null, Object(Config\Cache), false)
 8 FCPATH\index.php(76): CodeIgniter\CodeIgniter->run()
ERROR - 2023-05-18 12:44:47 --> mysqli_sql_exception: Not unique table/alias: 'timesheet_master' in C:\xampp\htdocs\timesheet\vendor\codeigniter4\framework\system\Database\MySQLi\Connection.php:295
Stack trace:
#0 C:\xampp\htdocs\timesheet\vendor\codeigniter4\framework\system\Database\MySQLi\Connection.php(295): mysqli->query('SELECT `timeshe...', 0)
#1 C:\xampp\htdocs\timesheet\vendor\codeigniter4\framework\system\Database\BaseConnection.php(691): CodeIgniter\Database\MySQLi\Connection->execute('SELECT `timeshe...')
#2 C:\xampp\htdocs\timesheet\vendor\codeigniter4\framework\system\Database\BaseConnection.php(605): CodeIgniter\Database\BaseConnection->simpleQuery('SELECT `timeshe...')
#3 C:\xampp\htdocs\timesheet\vendor\codeigniter4\framework\system\Database\BaseBuilder.php(1616): CodeIgniter\Database\BaseConnection->query('SELECT `timeshe...', Array, false)
#4 C:\xampp\htdocs\timesheet\vendor\codeigniter4\framework\system\Model.php(241): CodeIgniter\Database\BaseBuilder->get()
#5 C:\xampp\htdocs\timesheet\vendor\codeigniter4\framework\system\BaseModel.php(618): CodeIgniter\Model->doFindAll(0, 0)
#6 C:\xampp\htdocs\timesheet\app\Controllers\Timesheet.php(380): CodeIgniter\BaseModel->findAll()
#7 C:\xampp\htdocs\timesheet\vendor\codeigniter4\framework\system\CodeIgniter.php(934): App\Controllers\Timesheet->data()
#8 C:\xampp\htdocs\timesheet\vendor\codeigniter4\framework\system\CodeIgniter.php(499): CodeIgniter\CodeIgniter->runController(Object(App\Controllers\Timesheet))
#9 C:\xampp\htdocs\timesheet\vendor\codeigniter4\framework\system\CodeIgniter.php(368): CodeIgniter\CodeIgniter->handleRequest(NULL, Object(Config\Cache), false)
#10 C:\xampp\htdocs\timesheet\index.php(76): CodeIgniter\CodeIgniter->run()
#11 {main}
CRITICAL - 2023-05-18 12:44:47 --> Not unique table/alias: 'timesheet_master'
in SYSTEMPATH\Database\BaseConnection.php on line 645.
 1 SYSTEMPATH\Database\BaseBuilder.php(1616): CodeIgniter\Database\BaseConnection->query('SELECT `timesheet_master`.`project_id`
FROM (`timesheet_master`, `timesheet_master`)
LEFT JOIN `project_list` ON `timesheet_master`.`project_id` = `project_list`.`project_id`
WHERE `timesheet_master`.`emp_id` = :timesheet_master.emp_id:
AND `timesheet_master`.`date` = :timesheet_master.date:', [...], false)
 2 SYSTEMPATH\Model.php(241): CodeIgniter\Database\BaseBuilder->get()
 3 SYSTEMPATH\BaseModel.php(618): CodeIgniter\Model->doFindAll(0, 0)
 4 APPPATH\Controllers\Timesheet.php(380): CodeIgniter\BaseModel->findAll()
 5 SYSTEMPATH\CodeIgniter.php(934): App\Controllers\Timesheet->data()
 6 SYSTEMPATH\CodeIgniter.php(499): CodeIgniter\CodeIgniter->runController(Object(App\Controllers\Timesheet))
 7 SYSTEMPATH\CodeIgniter.php(368): CodeIgniter\CodeIgniter->handleRequest(null, Object(Config\Cache), false)
 8 FCPATH\index.php(76): CodeIgniter\CodeIgniter->run()
ERROR - 2023-05-18 12:47:42 --> mysqli_sql_exception: Unknown column 'pl.id' in 'field list' in C:\xampp\htdocs\timesheet\vendor\codeigniter4\framework\system\Database\MySQLi\Connection.php:295
Stack trace:
#0 C:\xampp\htdocs\timesheet\vendor\codeigniter4\framework\system\Database\MySQLi\Connection.php(295): mysqli->query('SELECT `tm`.`pr...', 0)
#1 C:\xampp\htdocs\timesheet\vendor\codeigniter4\framework\system\Database\BaseConnection.php(691): CodeIgniter\Database\MySQLi\Connection->execute('SELECT `tm`.`pr...')
#2 C:\xampp\htdocs\timesheet\vendor\codeigniter4\framework\system\Database\BaseConnection.php(605): CodeIgniter\Database\BaseConnection->simpleQuery('SELECT `tm`.`pr...')
#3 C:\xampp\htdocs\timesheet\vendor\codeigniter4\framework\system\Database\BaseBuilder.php(1616): CodeIgniter\Database\BaseConnection->query('SELECT `tm`.`pr...', Array, false)
#4 C:\xampp\htdocs\timesheet\vendor\codeigniter4\framework\system\Model.php(241): CodeIgniter\Database\BaseBuilder->get()
#5 C:\xampp\htdocs\timesheet\vendor\codeigniter4\framework\system\BaseModel.php(618): CodeIgniter\Model->doFindAll(0, 0)
#6 C:\xampp\htdocs\timesheet\app\Controllers\Timesheet.php(380): CodeIgniter\BaseModel->findAll()
#7 C:\xampp\htdocs\timesheet\vendor\codeigniter4\framework\system\CodeIgniter.php(934): App\Controllers\Timesheet->data()
#8 C:\xampp\htdocs\timesheet\vendor\codeigniter4\framework\system\CodeIgniter.php(499): CodeIgniter\CodeIgniter->runController(Object(App\Controllers\Timesheet))
#9 C:\xampp\htdocs\timesheet\vendor\codeigniter4\framework\system\CodeIgniter.php(368): CodeIgniter\CodeIgniter->handleRequest(NULL, Object(Config\Cache), false)
#10 C:\xampp\htdocs\timesheet\index.php(76): CodeIgniter\CodeIgniter->run()
#11 {main}
CRITICAL - 2023-05-18 12:47:42 --> Unknown column 'pl.id' in 'field list'
in SYSTEMPATH\Database\BaseConnection.php on line 645.
 1 SYSTEMPATH\Database\BaseBuilder.php(1616): CodeIgniter\Database\BaseConnection->query('SELECT `tm`.`project_id`, `tm`.`id`, `tm`.`status`, `tm`.`task`, `tm`.`hours`, `tm`.`emp_id`, `tm`.`report_time`, `tm`.`module`, `tm`.`date`, `pl`.`id`, `pl`.`project_name`
FROM (`timesheet_master`, `timesheet_master` as `tm`)
LEFT JOIN `project_list` as `pl` ON `tm`.`project_id` = `pl`.`project_id`
WHERE `tm`.`emp_id` = :tm.emp_id:
AND `tm`.`date` = :tm.date:', [...], false)
 2 SYSTEMPATH\Model.php(241): CodeIgniter\Database\BaseBuilder->get()
 3 SYSTEMPATH\BaseModel.php(618): CodeIgniter\Model->doFindAll(0, 0)
 4 APPPATH\Controllers\Timesheet.php(380): CodeIgniter\BaseModel->findAll()
 5 SYSTEMPATH\CodeIgniter.php(934): App\Controllers\Timesheet->data()
 6 SYSTEMPATH\CodeIgniter.php(499): CodeIgniter\CodeIgniter->runController(Object(App\Controllers\Timesheet))
 7 SYSTEMPATH\CodeIgniter.php(368): CodeIgniter\CodeIgniter->handleRequest(null, Object(Config\Cache), false)
 8 FCPATH\index.php(76): CodeIgniter\CodeIgniter->run()
CRITICAL - 2023-05-18 10:43:50 --> syntax error, unexpected token "exit"
in APPPATH\Controllers\Timesheet.php on line 199.
 1 SYSTEMPATH\Autoloader\Autoloader.php(289): CodeIgniter\Autoloader\Autoloader->includeFile('APPPATH\\Controllers\\Timesheet.php')
 2 SYSTEMPATH\Autoloader\Autoloader.php(267): CodeIgniter\Autoloader\Autoloader->loadInNamespace('App\\Controllers\\Timesheet')
 3 [internal function]: CodeIgniter\Autoloader\Autoloader->loadClass('App\\Controllers\\Timesheet')
 4 SYSTEMPATH\CodeIgniter.php(892): class_exists('\\App\\Controllers\\Timesheet', true)
 5 SYSTEMPATH\CodeIgniter.php(486): CodeIgniter\CodeIgniter->startController()
 6 SYSTEMPATH\CodeIgniter.php(368): CodeIgniter\CodeIgniter->handleRequest(null, Object(Config\Cache), false)
 7 FCPATH\index.php(76): CodeIgniter\CodeIgniter->run()
CRITICAL - 2023-05-18 13:25:19 --> syntax error, unexpected identifier "print_r"
in APPPATH\Controllers\Timesheet.php on line 185.
 1 SYSTEMPATH\Autoloader\Autoloader.php(289): CodeIgniter\Autoloader\Autoloader->includeFile('APPPATH\\Controllers\\Timesheet.php')
 2 SYSTEMPATH\Autoloader\Autoloader.php(267): CodeIgniter\Autoloader\Autoloader->loadInNamespace('App\\Controllers\\Timesheet')
 3 [internal function]: CodeIgniter\Autoloader\Autoloader->loadClass('App\\Controllers\\Timesheet')
 4 SYSTEMPATH\CodeIgniter.php(892): class_exists('\\App\\Controllers\\Timesheet', true)
 5 SYSTEMPATH\CodeIgniter.php(486): CodeIgniter\CodeIgniter->startController()
 6 SYSTEMPATH\CodeIgniter.php(368): CodeIgniter\CodeIgniter->handleRequest(null, Object(Config\Cache), false)
 7 FCPATH\index.php(76): CodeIgniter\CodeIgniter->run()
CRITICAL - 2023-05-18 13:54:31 --> Undefined variable $disableMyTimesheets
in APPPATH\Views\Common\user\layout\navbar.php on line 128.
 1 APPPATH\Views\Common\user\layout\navbar.php(128): CodeIgniter\Debug\Exceptions->errorHandler(2, 'Undefined variable $disableMyTimesheets', 'APPPATH\\Views\\Common\\user\\layout\\navbar.php', 128)
 2 SYSTEMPATH\View\View.php(213): include('APPPATH\\Views\\Common\\user\\layout\\navbar.php')
 3 SYSTEMPATH\View\View.php(216): CodeIgniter\View\View->CodeIgniter\View\{closure}()
 4 SYSTEMPATH\Common.php(1184): CodeIgniter\View\View->render('common/user/layout/navbar', [], true)
 5 APPPATH\Controllers\EmpController.php(17): view('common/user/layout/navbar')
 6 SYSTEMPATH\CodeIgniter.php(934): App\Controllers\EmpController->index()
 7 SYSTEMPATH\CodeIgniter.php(499): CodeIgniter\CodeIgniter->runController(Object(App\Controllers\EmpController))
 8 SYSTEMPATH\CodeIgniter.php(368): CodeIgniter\CodeIgniter->handleRequest(null, Object(Config\Cache), false)
 9 FCPATH\index.php(76): CodeIgniter\CodeIgniter->run()
CRITICAL - 2023-05-18 13:55:46 --> Undefined variable $disableMyTimesheets
in APPPATH\Views\Common\user\layout\navbar.php on line 128.
 1 APPPATH\Views\Common\user\layout\navbar.php(128): CodeIgniter\Debug\Exceptions->errorHandler(2, 'Undefined variable $disableMyTimesheets', 'APPPATH\\Views\\Common\\user\\layout\\navbar.php', 128)
 2 SYSTEMPATH\View\View.php(213): include('APPPATH\\Views\\Common\\user\\layout\\navbar.php')
 3 SYSTEMPATH\View\View.php(216): CodeIgniter\View\View->CodeIgniter\View\{closure}()
 4 SYSTEMPATH\Common.php(1184): CodeIgniter\View\View->render('common/user/layout/navbar', [], true)
 5 APPPATH\Controllers\EmpController.php(17): view('common/user/layout/navbar')
 6 SYSTEMPATH\CodeIgniter.php(934): App\Controllers\EmpController->index()
 7 SYSTEMPATH\CodeIgniter.php(499): CodeIgniter\CodeIgniter->runController(Object(App\Controllers\EmpController))
 8 SYSTEMPATH\CodeIgniter.php(368): CodeIgniter\CodeIgniter->handleRequest(null, Object(Config\Cache), false)
 9 FCPATH\index.php(76): CodeIgniter\CodeIgniter->run()
CRITICAL - 2023-05-18 13:56:30 --> Undefined variable $disableMyTimesheets
in APPPATH\Views\Common\user\layout\navbar.php on line 128.
 1 APPPATH\Views\Common\user\layout\navbar.php(128): CodeIgniter\Debug\Exceptions->errorHandler(2, 'Undefined variable $disableMyTimesheets', 'APPPATH\\Views\\Common\\user\\layout\\navbar.php', 128)
 2 SYSTEMPATH\View\View.php(213): include('APPPATH\\Views\\Common\\user\\layout\\navbar.php')
 3 SYSTEMPATH\View\View.php(216): CodeIgniter\View\View->CodeIgniter\View\{closure}()
 4 SYSTEMPATH\Common.php(1184): CodeIgniter\View\View->render('common/user/layout/navbar', [], true)
 5 APPPATH\Controllers\EmpController.php(17): view('common/user/layout/navbar')
 6 SYSTEMPATH\CodeIgniter.php(934): App\Controllers\EmpController->index()
 7 SYSTEMPATH\CodeIgniter.php(499): CodeIgniter\CodeIgniter->runController(Object(App\Controllers\EmpController))
 8 SYSTEMPATH\CodeIgniter.php(368): CodeIgniter\CodeIgniter->handleRequest(null, Object(Config\Cache), false)
 9 FCPATH\index.php(76): CodeIgniter\CodeIgniter->run()
ERROR - 2023-05-18 13:57:23 --> mysqli_sql_exception: Table 'company.timesheet' doesn't exist in C:\xampp\htdocs\timesheet\vendor\codeigniter4\framework\system\Database\MySQLi\Connection.php:295
Stack trace:
#0 C:\xampp\htdocs\timesheet\vendor\codeigniter4\framework\system\Database\MySQLi\Connection.php(295): mysqli->query('SELECT `id`\nFRO...', 0)
#1 C:\xampp\htdocs\timesheet\vendor\codeigniter4\framework\system\Database\BaseConnection.php(691): CodeIgniter\Database\MySQLi\Connection->execute('SELECT `id`\nFRO...')
#2 C:\xampp\htdocs\timesheet\vendor\codeigniter4\framework\system\Database\BaseConnection.php(605): CodeIgniter\Database\BaseConnection->simpleQuery('SELECT `id`\nFRO...')
#3 C:\xampp\htdocs\timesheet\vendor\codeigniter4\framework\system\Database\BaseBuilder.php(1616): CodeIgniter\Database\BaseConnection->query('SELECT `id`\nFRO...', Array, false)
#4 C:\xampp\htdocs\timesheet\app\Models\TimesheetModel.php(34): CodeIgniter\Database\BaseBuilder->get()
#5 C:\xampp\htdocs\timesheet\app\Controllers\EmpController.php(36): App\Models\TimesheetModel->checkDataExistence('1', '2023-05-18')
#6 C:\xampp\htdocs\timesheet\app\Controllers\EmpController.php(16): App\Controllers\EmpController->checkStoredData()
#7 C:\xampp\htdocs\timesheet\vendor\codeigniter4\framework\system\CodeIgniter.php(934): App\Controllers\EmpController->index()
#8 C:\xampp\htdocs\timesheet\vendor\codeigniter4\framework\system\CodeIgniter.php(499): CodeIgniter\CodeIgniter->runController(Object(App\Controllers\EmpController))
#9 C:\xampp\htdocs\timesheet\vendor\codeigniter4\framework\system\CodeIgniter.php(368): CodeIgniter\CodeIgniter->handleRequest(NULL, Object(Config\Cache), false)
#10 C:\xampp\htdocs\timesheet\index.php(76): CodeIgniter\CodeIgniter->run()
#11 {main}
CRITICAL - 2023-05-18 13:57:23 --> Table 'company.timesheet' doesn't exist
in SYSTEMPATH\Database\BaseConnection.php on line 645.
 1 SYSTEMPATH\Database\BaseBuilder.php(1616): CodeIgniter\Database\BaseConnection->query('SELECT `id`
FROM `timesheet`
WHERE `emp_id` = :emp_id:
AND `date` = :date:', [...], false)
 2 APPPATH\Models\TimesheetModel.php(34): CodeIgniter\Database\BaseBuilder->get()
 3 APPPATH\Controllers\EmpController.php(36): App\Models\TimesheetModel->checkDataExistence('1', '2023-05-18')
 4 APPPATH\Controllers\EmpController.php(16): App\Controllers\EmpController->checkStoredData()
 5 SYSTEMPATH\CodeIgniter.php(934): App\Controllers\EmpController->index()
 6 SYSTEMPATH\CodeIgniter.php(499): CodeIgniter\CodeIgniter->runController(Object(App\Controllers\EmpController))
 7 SYSTEMPATH\CodeIgniter.php(368): CodeIgniter\CodeIgniter->handleRequest(null, Object(Config\Cache), false)
 8 FCPATH\index.php(76): CodeIgniter\CodeIgniter->run()
CRITICAL - 2023-05-18 13:57:45 --> Undefined variable $disableMyTimesheets
in APPPATH\Views\Common\user\layout\navbar.php on line 128.
 1 APPPATH\Views\Common\user\layout\navbar.php(128): CodeIgniter\Debug\Exceptions->errorHandler(2, 'Undefined variable $disableMyTimesheets', 'APPPATH\\Views\\Common\\user\\layout\\navbar.php', 128)
 2 SYSTEMPATH\View\View.php(213): include('APPPATH\\Views\\Common\\user\\layout\\navbar.php')
 3 SYSTEMPATH\View\View.php(216): CodeIgniter\View\View->CodeIgniter\View\{closure}()
 4 SYSTEMPATH\Common.php(1184): CodeIgniter\View\View->render('common/user/layout/navbar', [], true)
 5 APPPATH\Controllers\EmpController.php(17): view('common/user/layout/navbar')
 6 SYSTEMPATH\CodeIgniter.php(934): App\Controllers\EmpController->index()
 7 SYSTEMPATH\CodeIgniter.php(499): CodeIgniter\CodeIgniter->runController(Object(App\Controllers\EmpController))
 8 SYSTEMPATH\CodeIgniter.php(368): CodeIgniter\CodeIgniter->handleRequest(null, Object(Config\Cache), false)
 9 FCPATH\index.php(76): CodeIgniter\CodeIgniter->run()
CRITICAL - 2023-05-18 13:58:52 --> Undefined variable $disableMyTimesheets
in APPPATH\Views\Common\user\layout\navbar.php on line 128.
 1 APPPATH\Views\Common\user\layout\navbar.php(128): CodeIgniter\Debug\Exceptions->errorHandler(2, 'Undefined variable $disableMyTimesheets', 'APPPATH\\Views\\Common\\user\\layout\\navbar.php', 128)
 2 SYSTEMPATH\View\View.php(213): include('APPPATH\\Views\\Common\\user\\layout\\navbar.php')
 3 SYSTEMPATH\View\View.php(216): CodeIgniter\View\View->CodeIgniter\View\{closure}()
 4 SYSTEMPATH\Common.php(1184): CodeIgniter\View\View->render('common/user/layout/navbar', [], true)
 5 APPPATH\Controllers\EmpController.php(17): view('common/user/layout/navbar')
 6 SYSTEMPATH\CodeIgniter.php(934): App\Controllers\EmpController->index()
 7 SYSTEMPATH\CodeIgniter.php(499): CodeIgniter\CodeIgniter->runController(Object(App\Controllers\EmpController))
 8 SYSTEMPATH\CodeIgniter.php(368): CodeIgniter\CodeIgniter->handleRequest(null, Object(Config\Cache), false)
 9 FCPATH\index.php(76): CodeIgniter\CodeIgniter->run()
CRITICAL - 2023-05-18 19:30:26 --> Undefined variable $disableMyTimesheets
in APPPATH\Views\Common\user\layout\navbar.php on line 128.
 1 APPPATH\Views\Common\user\layout\navbar.php(128): CodeIgniter\Debug\Exceptions->errorHandler(2, 'Undefined variable $disableMyTimesheets', 'APPPATH\\Views\\Common\\user\\layout\\navbar.php', 128)
 2 SYSTEMPATH\View\View.php(213): include('APPPATH\\Views\\Common\\user\\layout\\navbar.php')
 3 SYSTEMPATH\View\View.php(216): CodeIgniter\View\View->CodeIgniter\View\{closure}()
 4 SYSTEMPATH\Common.php(1184): CodeIgniter\View\View->render('common/user/layout/navbar', [], true)
 5 APPPATH\Controllers\Timesheet.php(109): view('common/user/layout/navbar')
 6 SYSTEMPATH\CodeIgniter.php(934): App\Controllers\Timesheet->my_timesheets()
 7 SYSTEMPATH\CodeIgniter.php(499): CodeIgniter\CodeIgniter->runController(Object(App\Controllers\Timesheet))
 8 SYSTEMPATH\CodeIgniter.php(368): CodeIgniter\CodeIgniter->handleRequest(null, Object(Config\Cache), false)
 9 FCPATH\index.php(76): CodeIgniter\CodeIgniter->run()
CRITICAL - 2023-05-18 19:31:00 --> Undefined variable $disableMyTimesheets
in APPPATH\Views\Common\user\layout\navbar.php on line 128.
 1 APPPATH\Views\Common\user\layout\navbar.php(128): CodeIgniter\Debug\Exceptions->errorHandler(2, 'Undefined variable $disableMyTimesheets', 'APPPATH\\Views\\Common\\user\\layout\\navbar.php', 128)
 2 SYSTEMPATH\View\View.php(213): include('APPPATH\\Views\\Common\\user\\layout\\navbar.php')
 3 SYSTEMPATH\View\View.php(216): CodeIgniter\View\View->CodeIgniter\View\{closure}()
 4 SYSTEMPATH\Common.php(1184): CodeIgniter\View\View->render('common/user/layout/navbar', [], true)
 5 APPPATH\Controllers\Timesheet.php(109): view('common/user/layout/navbar')
 6 SYSTEMPATH\CodeIgniter.php(934): App\Controllers\Timesheet->my_timesheets()
 7 SYSTEMPATH\CodeIgniter.php(499): CodeIgniter\CodeIgniter->runController(Object(App\Controllers\Timesheet))
 8 SYSTEMPATH\CodeIgniter.php(368): CodeIgniter\CodeIgniter->handleRequest(null, Object(Config\Cache), false)
 9 FCPATH\index.php(76): CodeIgniter\CodeIgniter->run()
CRITICAL - 2023-05-18 19:32:45 --> Undefined variable $disableMyTimesheets
in APPPATH\Views\Common\user\layout\navbar.php on line 132.
 1 APPPATH\Views\Common\user\layout\navbar.php(132): CodeIgniter\Debug\Exceptions->errorHandler(2, 'Undefined variable $disableMyTimesheets', 'APPPATH\\Views\\Common\\user\\layout\\navbar.php', 132)
 2 SYSTEMPATH\View\View.php(213): include('APPPATH\\Views\\Common\\user\\layout\\navbar.php')
 3 SYSTEMPATH\View\View.php(216): CodeIgniter\View\View->CodeIgniter\View\{closure}()
 4 SYSTEMPATH\Common.php(1184): CodeIgniter\View\View->render('common/user/layout/navbar', [], true)
 5 APPPATH\Controllers\Timesheet.php(109): view('common/user/layout/navbar')
 6 SYSTEMPATH\CodeIgniter.php(934): App\Controllers\Timesheet->my_timesheets()
 7 SYSTEMPATH\CodeIgniter.php(499): CodeIgniter\CodeIgniter->runController(Object(App\Controllers\Timesheet))
 8 SYSTEMPATH\CodeIgniter.php(368): CodeIgniter\CodeIgniter->handleRequest(null, Object(Config\Cache), false)
 9 FCPATH\index.php(76): CodeIgniter\CodeIgniter->run()
CRITICAL - 2023-05-18 19:33:34 --> Undefined variable $disableMyTimesheets
in APPPATH\Views\Common\user\layout\navbar.php on line 132.
 1 APPPATH\Views\Common\user\layout\navbar.php(132): CodeIgniter\Debug\Exceptions->errorHandler(2, 'Undefined variable $disableMyTimesheets', 'APPPATH\\Views\\Common\\user\\layout\\navbar.php', 132)
 2 SYSTEMPATH\View\View.php(213): include('APPPATH\\Views\\Common\\user\\layout\\navbar.php')
 3 SYSTEMPATH\View\View.php(216): CodeIgniter\View\View->CodeIgniter\View\{closure}()
 4 SYSTEMPATH\Common.php(1184): CodeIgniter\View\View->render('common/user/layout/navbar', [], true)
 5 APPPATH\Controllers\Timesheet.php(109): view('common/user/layout/navbar')
 6 SYSTEMPATH\CodeIgniter.php(934): App\Controllers\Timesheet->my_timesheets()
 7 SYSTEMPATH\CodeIgniter.php(499): CodeIgniter\CodeIgniter->runController(Object(App\Controllers\Timesheet))
 8 SYSTEMPATH\CodeIgniter.php(368): CodeIgniter\CodeIgniter->handleRequest(null, Object(Config\Cache), false)
 9 FCPATH\index.php(76): CodeIgniter\CodeIgniter->run()
CRITICAL - 2023-05-18 19:34:46 --> Undefined variable $disableMyTimesheets
in APPPATH\Views\Common\user\layout\navbar.php on line 132.
 1 APPPATH\Views\Common\user\layout\navbar.php(132): CodeIgniter\Debug\Exceptions->errorHandler(2, 'Undefined variable $disableMyTimesheets', 'APPPATH\\Views\\Common\\user\\layout\\navbar.php', 132)
 2 SYSTEMPATH\View\View.php(213): include('APPPATH\\Views\\Common\\user\\layout\\navbar.php')
 3 SYSTEMPATH\View\View.php(216): CodeIgniter\View\View->CodeIgniter\View\{closure}()
 4 SYSTEMPATH\Common.php(1184): CodeIgniter\View\View->render('common/user/layout/navbar', [], true)
 5 APPPATH\Controllers\Timesheet.php(109): view('common/user/layout/navbar')
 6 SYSTEMPATH\CodeIgniter.php(934): App\Controllers\Timesheet->my_timesheets()
 7 SYSTEMPATH\CodeIgniter.php(499): CodeIgniter\CodeIgniter->runController(Object(App\Controllers\Timesheet))
 8 SYSTEMPATH\CodeIgniter.php(368): CodeIgniter\CodeIgniter->handleRequest(null, Object(Config\Cache), false)
 9 FCPATH\index.php(76): CodeIgniter\CodeIgniter->run()
CRITICAL - 2023-05-18 19:35:55 --> Undefined variable $disableMyTimesheets
in APPPATH\Views\Common\user\layout\navbar.php on line 132.
 1 APPPATH\Views\Common\user\layout\navbar.php(132): CodeIgniter\Debug\Exceptions->errorHandler(2, 'Undefined variable $disableMyTimesheets', 'APPPATH\\Views\\Common\\user\\layout\\navbar.php', 132)
 2 SYSTEMPATH\View\View.php(213): include('APPPATH\\Views\\Common\\user\\layout\\navbar.php')
 3 SYSTEMPATH\View\View.php(216): CodeIgniter\View\View->CodeIgniter\View\{closure}()
 4 SYSTEMPATH\Common.php(1184): CodeIgniter\View\View->render('common/user/layout/navbar', [], true)
 5 APPPATH\Controllers\Timesheet.php(109): view('common/user/layout/navbar')
 6 SYSTEMPATH\CodeIgniter.php(934): App\Controllers\Timesheet->my_timesheets()
 7 SYSTEMPATH\CodeIgniter.php(499): CodeIgniter\CodeIgniter->runController(Object(App\Controllers\Timesheet))
 8 SYSTEMPATH\CodeIgniter.php(368): CodeIgniter\CodeIgniter->handleRequest(null, Object(Config\Cache), false)
 9 FCPATH\index.php(76): CodeIgniter\CodeIgniter->run()
CRITICAL - 2023-05-18 19:36:26 --> Undefined variable $disableMyTimesheets
in APPPATH\Views\Common\user\layout\navbar.php on line 132.
 1 APPPATH\Views\Common\user\layout\navbar.php(132): CodeIgniter\Debug\Exceptions->errorHandler(2, 'Undefined variable $disableMyTimesheets', 'APPPATH\\Views\\Common\\user\\layout\\navbar.php', 132)
 2 SYSTEMPATH\View\View.php(213): include('APPPATH\\Views\\Common\\user\\layout\\navbar.php')
 3 SYSTEMPATH\View\View.php(216): CodeIgniter\View\View->CodeIgniter\View\{closure}()
 4 SYSTEMPATH\Common.php(1184): CodeIgniter\View\View->render('common/user/layout/navbar', [], true)
 5 APPPATH\Controllers\Timesheet.php(109): view('common/user/layout/navbar')
 6 SYSTEMPATH\CodeIgniter.php(934): App\Controllers\Timesheet->my_timesheets()
 7 SYSTEMPATH\CodeIgniter.php(499): CodeIgniter\CodeIgniter->runController(Object(App\Controllers\Timesheet))
 8 SYSTEMPATH\CodeIgniter.php(368): CodeIgniter\CodeIgniter->handleRequest(null, Object(Config\Cache), false)
 9 FCPATH\index.php(76): CodeIgniter\CodeIgniter->run()
CRITICAL - 2023-05-18 19:36:59 --> syntax error, unexpected identifier "print_r"
in APPPATH\Views\Common\user\layout\navbar.php on line 133.
 1 SYSTEMPATH\View\View.php(216): CodeIgniter\View\View->CodeIgniter\View\{closure}()
 2 SYSTEMPATH\Common.php(1184): CodeIgniter\View\View->render('common/user/layout/navbar', [], true)
 3 APPPATH\Controllers\Timesheet.php(109): view('common/user/layout/navbar')
 4 SYSTEMPATH\CodeIgniter.php(934): App\Controllers\Timesheet->my_timesheets()
 5 SYSTEMPATH\CodeIgniter.php(499): CodeIgniter\CodeIgniter->runController(Object(App\Controllers\Timesheet))
 6 SYSTEMPATH\CodeIgniter.php(368): CodeIgniter\CodeIgniter->handleRequest(null, Object(Config\Cache), false)
 7 FCPATH\index.php(76): CodeIgniter\CodeIgniter->run()
CRITICAL - 2023-05-18 19:39:21 --> Undefined variable $disableMyTimesheets
in APPPATH\Views\Common\user\layout\navbar.php on line 132.
 1 APPPATH\Views\Common\user\layout\navbar.php(132): CodeIgniter\Debug\Exceptions->errorHandler(2, 'Undefined variable $disableMyTimesheets', 'APPPATH\\Views\\Common\\user\\layout\\navbar.php', 132)
 2 SYSTEMPATH\View\View.php(213): include('APPPATH\\Views\\Common\\user\\layout\\navbar.php')
 3 SYSTEMPATH\View\View.php(216): CodeIgniter\View\View->CodeIgniter\View\{closure}()
 4 SYSTEMPATH\Common.php(1184): CodeIgniter\View\View->render('common/user/layout/navbar', [], true)
 5 APPPATH\Controllers\Timesheet.php(109): view('common/user/layout/navbar')
 6 SYSTEMPATH\CodeIgniter.php(934): App\Controllers\Timesheet->my_timesheets()
 7 SYSTEMPATH\CodeIgniter.php(499): CodeIgniter\CodeIgniter->runController(Object(App\Controllers\Timesheet))
 8 SYSTEMPATH\CodeIgniter.php(368): CodeIgniter\CodeIgniter->handleRequest(null, Object(Config\Cache), false)
 9 FCPATH\index.php(76): CodeIgniter\CodeIgniter->run()
CRITICAL - 2023-05-18 19:40:05 --> Undefined variable $disableMyTimesheets
in APPPATH\Views\Common\user\layout\navbar.php on line 132.
 1 APPPATH\Views\Common\user\layout\navbar.php(132): CodeIgniter\Debug\Exceptions->errorHandler(2, 'Undefined variable $disableMyTimesheets', 'APPPATH\\Views\\Common\\user\\layout\\navbar.php', 132)
 2 SYSTEMPATH\View\View.php(213): include('APPPATH\\Views\\Common\\user\\layout\\navbar.php')
 3 SYSTEMPATH\View\View.php(216): CodeIgniter\View\View->CodeIgniter\View\{closure}()
 4 SYSTEMPATH\Common.php(1184): CodeIgniter\View\View->render('common/user/layout/navbar', [], true)
 5 APPPATH\Controllers\Timesheet.php(109): view('common/user/layout/navbar')
 6 SYSTEMPATH\CodeIgniter.php(934): App\Controllers\Timesheet->my_timesheets()
 7 SYSTEMPATH\CodeIgniter.php(499): CodeIgniter\CodeIgniter->runController(Object(App\Controllers\Timesheet))
 8 SYSTEMPATH\CodeIgniter.php(368): CodeIgniter\CodeIgniter->handleRequest(null, Object(Config\Cache), false)
 9 FCPATH\index.php(76): CodeIgniter\CodeIgniter->run()
CRITICAL - 2023-05-18 19:43:59 --> Undefined variable $disableMyTimesheets
in APPPATH\Views\Common\user\layout\navbar.php on line 132.
 1 APPPATH\Views\Common\user\layout\navbar.php(132): CodeIgniter\Debug\Exceptions->errorHandler(2, 'Undefined variable $disableMyTimesheets', 'APPPATH\\Views\\Common\\user\\layout\\navbar.php', 132)
 2 SYSTEMPATH\View\View.php(213): include('APPPATH\\Views\\Common\\user\\layout\\navbar.php')
 3 SYSTEMPATH\View\View.php(216): CodeIgniter\View\View->CodeIgniter\View\{closure}()
 4 SYSTEMPATH\Common.php(1184): CodeIgniter\View\View->render('common/user/layout/navbar', [], true)
 5 APPPATH\Controllers\Timesheet.php(109): view('common/user/layout/navbar')
 6 SYSTEMPATH\CodeIgniter.php(934): App\Controllers\Timesheet->my_timesheets()
 7 SYSTEMPATH\CodeIgniter.php(499): CodeIgniter\CodeIgniter->runController(Object(App\Controllers\Timesheet))
 8 SYSTEMPATH\CodeIgniter.php(368): CodeIgniter\CodeIgniter->handleRequest(null, Object(Config\Cache), false)
 9 FCPATH\index.php(76): CodeIgniter\CodeIgniter->run()
CRITICAL - 2023-05-18 19:44:31 --> Undefined variable $disableMyTimesheets
in APPPATH\Views\Common\user\layout\navbar.php on line 132.
 1 APPPATH\Views\Common\user\layout\navbar.php(132): CodeIgniter\Debug\Exceptions->errorHandler(2, 'Undefined variable $disableMyTimesheets', 'APPPATH\\Views\\Common\\user\\layout\\navbar.php', 132)
 2 SYSTEMPATH\View\View.php(213): include('APPPATH\\Views\\Common\\user\\layout\\navbar.php')
 3 SYSTEMPATH\View\View.php(216): CodeIgniter\View\View->CodeIgniter\View\{closure}()
 4 SYSTEMPATH\Common.php(1184): CodeIgniter\View\View->render('common/user/layout/navbar', [], true)
 5 APPPATH\Controllers\Timesheet.php(109): view('common/user/layout/navbar')
 6 SYSTEMPATH\CodeIgniter.php(934): App\Controllers\Timesheet->my_timesheets()
 7 SYSTEMPATH\CodeIgniter.php(499): CodeIgniter\CodeIgniter->runController(Object(App\Controllers\Timesheet))
 8 SYSTEMPATH\CodeIgniter.php(368): CodeIgniter\CodeIgniter->handleRequest(null, Object(Config\Cache), false)
 9 FCPATH\index.php(76): CodeIgniter\CodeIgniter->run()
CRITICAL - 2023-05-18 14:15:36 --> Call to undefined method App\Models\TimesheetModel::view
in SYSTEMPATH\Model.php on line 842.
 1 APPPATH\Controllers\EmpController.php(21): CodeIgniter\Model->__call('view', [...])
 2 SYSTEMPATH\CodeIgniter.php(934): App\Controllers\EmpController->index()
 3 SYSTEMPATH\CodeIgniter.php(499): CodeIgniter\CodeIgniter->runController(Object(App\Controllers\EmpController))
 4 SYSTEMPATH\CodeIgniter.php(368): CodeIgniter\CodeIgniter->handleRequest(null, Object(Config\Cache), false)
 5 FCPATH\index.php(76): CodeIgniter\CodeIgniter->run()
CRITICAL - 2023-05-18 14:15:41 --> Call to undefined method App\Models\TimesheetModel::view
in SYSTEMPATH\Model.php on line 842.
 1 APPPATH\Controllers\EmpController.php(21): CodeIgniter\Model->__call('view', [...])
 2 SYSTEMPATH\CodeIgniter.php(934): App\Controllers\EmpController->index()
 3 SYSTEMPATH\CodeIgniter.php(499): CodeIgniter\CodeIgniter->runController(Object(App\Controllers\EmpController))
 4 SYSTEMPATH\CodeIgniter.php(368): CodeIgniter\CodeIgniter->handleRequest(null, Object(Config\Cache), false)
 5 FCPATH\index.php(76): CodeIgniter\CodeIgniter->run()
CRITICAL - 2023-05-18 14:17:50 --> Undefined property: App\Controllers\EmpController::$load
in APPPATH\Controllers\EmpController.php on line 29.
 1 APPPATH\Controllers\EmpController.php(29): CodeIgniter\Debug\Exceptions->errorHandler(2, 'Undefined property: App\\Controllers\\EmpController::$load', 'APPPATH\\Controllers\\EmpController.php', 29)
 2 SYSTEMPATH\CodeIgniter.php(934): App\Controllers\EmpController->index()
 3 SYSTEMPATH\CodeIgniter.php(499): CodeIgniter\CodeIgniter->runController(Object(App\Controllers\EmpController))
 4 SYSTEMPATH\CodeIgniter.php(368): CodeIgniter\CodeIgniter->handleRequest(null, Object(Config\Cache), false)
 5 FCPATH\index.php(76): CodeIgniter\CodeIgniter->run()
CRITICAL - 2023-05-18 14:19:42 --> Undefined variable $data
in APPPATH\Controllers\EmpController.php on line 22.
 1 APPPATH\Controllers\EmpController.php(22): CodeIgniter\Debug\Exceptions->errorHandler(2, 'Undefined variable $data', 'APPPATH\\Controllers\\EmpController.php', 22)
 2 SYSTEMPATH\CodeIgniter.php(934): App\Controllers\EmpController->index()
 3 SYSTEMPATH\CodeIgniter.php(499): CodeIgniter\CodeIgniter->runController(Object(App\Controllers\EmpController))
 4 SYSTEMPATH\CodeIgniter.php(368): CodeIgniter\CodeIgniter->handleRequest(null, Object(Config\Cache), false)
 5 FCPATH\index.php(76): CodeIgniter\CodeIgniter->run()
CRITICAL - 2023-05-18 14:19:55 --> Undefined variable $disableMyTimesheets
in APPPATH\Views\Common\user\layout\navbar.php on line 132.
 1 APPPATH\Views\Common\user\layout\navbar.php(132): CodeIgniter\Debug\Exceptions->errorHandler(2, 'Undefined variable $disableMyTimesheets', 'APPPATH\\Views\\Common\\user\\layout\\navbar.php', 132)
 2 SYSTEMPATH\View\View.php(213): include('APPPATH\\Views\\Common\\user\\layout\\navbar.php')
 3 SYSTEMPATH\View\View.php(216): CodeIgniter\View\View->CodeIgniter\View\{closure}()
 4 SYSTEMPATH\Common.php(1184): CodeIgniter\View\View->render('common/user/layout/navbar', [], true)
 5 APPPATH\Controllers\EmpController.php(22): view('common/user/layout/navbar')
 6 SYSTEMPATH\CodeIgniter.php(934): App\Controllers\EmpController->index()
 7 SYSTEMPATH\CodeIgniter.php(499): CodeIgniter\CodeIgniter->runController(Object(App\Controllers\EmpController))
 8 SYSTEMPATH\CodeIgniter.php(368): CodeIgniter\CodeIgniter->handleRequest(null, Object(Config\Cache), false)
 9 FCPATH\index.php(76): CodeIgniter\CodeIgniter->run()
CRITICAL - 2023-05-18 14:22:07 --> Undefined variable $disableMyTimesheets
in APPPATH\Views\Common\user\layout\navbar.php on line 132.
 1 APPPATH\Views\Common\user\layout\navbar.php(132): CodeIgniter\Debug\Exceptions->errorHandler(2, 'Undefined variable $disableMyTimesheets', 'APPPATH\\Views\\Common\\user\\layout\\navbar.php', 132)
 2 SYSTEMPATH\View\View.php(213): include('APPPATH\\Views\\Common\\user\\layout\\navbar.php')
 3 SYSTEMPATH\View\View.php(216): CodeIgniter\View\View->CodeIgniter\View\{closure}()
 4 SYSTEMPATH\Common.php(1184): CodeIgniter\View\View->render('common/user/layout/navbar', [], true)
 5 APPPATH\Controllers\EmpController.php(16): view('common/user/layout/navbar')
 6 SYSTEMPATH\CodeIgniter.php(934): App\Controllers\EmpController->index()
 7 SYSTEMPATH\CodeIgniter.php(499): CodeIgniter\CodeIgniter->runController(Object(App\Controllers\EmpController))
 8 SYSTEMPATH\CodeIgniter.php(368): CodeIgniter\CodeIgniter->handleRequest(null, Object(Config\Cache), false)
 9 FCPATH\index.php(76): CodeIgniter\CodeIgniter->run()
CRITICAL - 2023-05-18 19:58:22 --> Call to undefined method App\Models\TimesheetModel::checkTimesheetExists
in SYSTEMPATH\Model.php on line 842.
 1 APPPATH\Controllers\Timesheet.php(111): CodeIgniter\Model->__call('checkTimesheetExists', [...])
 2 SYSTEMPATH\CodeIgniter.php(934): App\Controllers\Timesheet->my_timesheets()
 3 SYSTEMPATH\CodeIgniter.php(499): CodeIgniter\CodeIgniter->runController(Object(App\Controllers\Timesheet))
 4 SYSTEMPATH\CodeIgniter.php(368): CodeIgniter\CodeIgniter->handleRequest(null, Object(Config\Cache), false)
 5 FCPATH\index.php(76): CodeIgniter\CodeIgniter->run()
CRITICAL - 2023-05-18 14:48:07 --> syntax error, unexpected token "public", expecting end of file
in APPPATH\Controllers\Timesheet.php on line 323.
 1 SYSTEMPATH\Autoloader\Autoloader.php(289): CodeIgniter\Autoloader\Autoloader->includeFile('APPPATH\\Controllers\\Timesheet.php')
 2 SYSTEMPATH\Autoloader\Autoloader.php(267): CodeIgniter\Autoloader\Autoloader->loadInNamespace('App\\Controllers\\Timesheet')
 3 [internal function]: CodeIgniter\Autoloader\Autoloader->loadClass('App\\Controllers\\Timesheet')
 4 SYSTEMPATH\CodeIgniter.php(892): class_exists('\\App\\Controllers\\Timesheet', true)
 5 SYSTEMPATH\CodeIgniter.php(486): CodeIgniter\CodeIgniter->startController()
 6 SYSTEMPATH\CodeIgniter.php(368): CodeIgniter\CodeIgniter->handleRequest(null, Object(Config\Cache), false)
 7 FCPATH\index.php(76): CodeIgniter\CodeIgniter->run()
CRITICAL - 2023-05-18 20:32:55 --> implode(): Argument #2 ($array) must be of type ?array, string given
in APPPATH\Controllers\Timesheet.php on line 172.
 1 APPPATH\Controllers\Timesheet.php(172): implode(',', '360')
 2 SYSTEMPATH\CodeIgniter.php(934): App\Controllers\Timesheet->update()
 3 SYSTEMPATH\CodeIgniter.php(499): CodeIgniter\CodeIgniter->runController(Object(App\Controllers\Timesheet))
 4 SYSTEMPATH\CodeIgniter.php(368): CodeIgniter\CodeIgniter->handleRequest(null, Object(Config\Cache), false)
 5 FCPATH\index.php(76): CodeIgniter\CodeIgniter->run()
ERROR - 2023-05-18 22:02:38 --> mysqli_sql_exception: Column 'project_id' cannot be null in C:\xampp\htdocs\timesheet\vendor\codeigniter4\framework\system\Database\MySQLi\Connection.php:295
Stack trace:
#0 C:\xampp\htdocs\timesheet\vendor\codeigniter4\framework\system\Database\MySQLi\Connection.php(295): mysqli->query('INSERT INTO `ti...', 0)
#1 C:\xampp\htdocs\timesheet\vendor\codeigniter4\framework\system\Database\BaseConnection.php(691): CodeIgniter\Database\MySQLi\Connection->execute('INSERT INTO `ti...')
#2 C:\xampp\htdocs\timesheet\vendor\codeigniter4\framework\system\Database\BaseConnection.php(605): CodeIgniter\Database\BaseConnection->simpleQuery('INSERT INTO `ti...')
#3 C:\xampp\htdocs\timesheet\vendor\codeigniter4\framework\system\Database\BaseBuilder.php(2309): CodeIgniter\Database\BaseConnection->query('INSERT INTO `ti...', Array, false)
#4 C:\xampp\htdocs\timesheet\vendor\codeigniter4\framework\system\Model.php(330): CodeIgniter\Database\BaseBuilder->insert()
#5 C:\xampp\htdocs\timesheet\vendor\codeigniter4\framework\system\BaseModel.php(782): CodeIgniter\Model->doInsert(Array)
#6 C:\xampp\htdocs\timesheet\vendor\codeigniter4\framework\system\Model.php(730): CodeIgniter\BaseModel->insert(Array, true)
#7 C:\xampp\htdocs\timesheet\app\Controllers\Timesheet.php(82): CodeIgniter\Model->insert(Array)
#8 C:\xampp\htdocs\timesheet\vendor\codeigniter4\framework\system\CodeIgniter.php(934): App\Controllers\Timesheet->saveTimesheet()
#9 C:\xampp\htdocs\timesheet\vendor\codeigniter4\framework\system\CodeIgniter.php(499): CodeIgniter\CodeIgniter->runController(Object(App\Controllers\Timesheet))
#10 C:\xampp\htdocs\timesheet\vendor\codeigniter4\framework\system\CodeIgniter.php(368): CodeIgniter\CodeIgniter->handleRequest(NULL, Object(Config\Cache), false)
#11 C:\xampp\htdocs\timesheet\index.php(76): CodeIgniter\CodeIgniter->run()
#12 {main}
CRITICAL - 2023-05-18 22:02:38 --> Column 'project_id' cannot be null
in SYSTEMPATH\Database\BaseConnection.php on line 645.
 1 SYSTEMPATH\Database\BaseBuilder.php(2309): CodeIgniter\Database\BaseConnection->query('INSERT INTO `timesheet_master` (`date`, `emp_id`, `project_id`, `module`, `status`, `task`, `hours`, `report_time`) VALUES (:date:, :emp_id:, :project_id:, :module:, :status:, :task:, :hours:, :report_time:)', [...], false)
 2 SYSTEMPATH\Model.php(330): CodeIgniter\Database\BaseBuilder->insert()
 3 SYSTEMPATH\BaseModel.php(782): CodeIgniter\Model->doInsert([...])
 4 SYSTEMPATH\Model.php(730): CodeIgniter\BaseModel->insert([...], true)
 5 APPPATH\Controllers\Timesheet.php(82): CodeIgniter\Model->insert([...])
 6 SYSTEMPATH\CodeIgniter.php(934): App\Controllers\Timesheet->saveTimesheet()
 7 SYSTEMPATH\CodeIgniter.php(499): CodeIgniter\CodeIgniter->runController(Object(App\Controllers\Timesheet))
 8 SYSTEMPATH\CodeIgniter.php(368): CodeIgniter\CodeIgniter->handleRequest(null, Object(Config\Cache), false)
 9 FCPATH\index.php(76): CodeIgniter\CodeIgniter->run()
ERROR - 2023-05-18 22:02:57 --> mysqli_sql_exception: Column 'project_id' cannot be null in C:\xampp\htdocs\timesheet\vendor\codeigniter4\framework\system\Database\MySQLi\Connection.php:295
Stack trace:
#0 C:\xampp\htdocs\timesheet\vendor\codeigniter4\framework\system\Database\MySQLi\Connection.php(295): mysqli->query('INSERT INTO `ti...', 0)
#1 C:\xampp\htdocs\timesheet\vendor\codeigniter4\framework\system\Database\BaseConnection.php(691): CodeIgniter\Database\MySQLi\Connection->execute('INSERT INTO `ti...')
#2 C:\xampp\htdocs\timesheet\vendor\codeigniter4\framework\system\Database\BaseConnection.php(605): CodeIgniter\Database\BaseConnection->simpleQuery('INSERT INTO `ti...')
#3 C:\xampp\htdocs\timesheet\vendor\codeigniter4\framework\system\Database\BaseBuilder.php(2309): CodeIgniter\Database\BaseConnection->query('INSERT INTO `ti...', Array, false)
#4 C:\xampp\htdocs\timesheet\vendor\codeigniter4\framework\system\Model.php(330): CodeIgniter\Database\BaseBuilder->insert()
#5 C:\xampp\htdocs\timesheet\vendor\codeigniter4\framework\system\BaseModel.php(782): CodeIgniter\Model->doInsert(Array)
#6 C:\xampp\htdocs\timesheet\vendor\codeigniter4\framework\system\Model.php(730): CodeIgniter\BaseModel->insert(Array, true)
#7 C:\xampp\htdocs\timesheet\app\Controllers\Timesheet.php(82): CodeIgniter\Model->insert(Array)
#8 C:\xampp\htdocs\timesheet\vendor\codeigniter4\framework\system\CodeIgniter.php(934): App\Controllers\Timesheet->saveTimesheet()
#9 C:\xampp\htdocs\timesheet\vendor\codeigniter4\framework\system\CodeIgniter.php(499): CodeIgniter\CodeIgniter->runController(Object(App\Controllers\Timesheet))
#10 C:\xampp\htdocs\timesheet\vendor\codeigniter4\framework\system\CodeIgniter.php(368): CodeIgniter\CodeIgniter->handleRequest(NULL, Object(Config\Cache), false)
#11 C:\xampp\htdocs\timesheet\index.php(76): CodeIgniter\CodeIgniter->run()
#12 {main}
CRITICAL - 2023-05-18 22:02:57 --> Column 'project_id' cannot be null
in SYSTEMPATH\Database\BaseConnection.php on line 645.
 1 SYSTEMPATH\Database\BaseBuilder.php(2309): CodeIgniter\Database\BaseConnection->query('INSERT INTO `timesheet_master` (`date`, `emp_id`, `project_id`, `module`, `status`, `task`, `hours`, `report_time`) VALUES (:date:, :emp_id:, :project_id:, :module:, :status:, :task:, :hours:, :report_time:)', [...], false)
 2 SYSTEMPATH\Model.php(330): CodeIgniter\Database\BaseBuilder->insert()
 3 SYSTEMPATH\BaseModel.php(782): CodeIgniter\Model->doInsert([...])
 4 SYSTEMPATH\Model.php(730): CodeIgniter\BaseModel->insert([...], true)
 5 APPPATH\Controllers\Timesheet.php(82): CodeIgniter\Model->insert([...])
 6 SYSTEMPATH\CodeIgniter.php(934): App\Controllers\Timesheet->saveTimesheet()
 7 SYSTEMPATH\CodeIgniter.php(499): CodeIgniter\CodeIgniter->runController(Object(App\Controllers\Timesheet))
 8 SYSTEMPATH\CodeIgniter.php(368): CodeIgniter\CodeIgniter->handleRequest(null, Object(Config\Cache), false)
 9 FCPATH\index.php(76): CodeIgniter\CodeIgniter->run()
ERROR - 2023-05-18 22:04:18 --> mysqli_sql_exception: Column 'project_id' cannot be null in C:\xampp\htdocs\timesheet\vendor\codeigniter4\framework\system\Database\MySQLi\Connection.php:295
Stack trace:
#0 C:\xampp\htdocs\timesheet\vendor\codeigniter4\framework\system\Database\MySQLi\Connection.php(295): mysqli->query('INSERT INTO `ti...', 0)
#1 C:\xampp\htdocs\timesheet\vendor\codeigniter4\framework\system\Database\BaseConnection.php(691): CodeIgniter\Database\MySQLi\Connection->execute('INSERT INTO `ti...')
#2 C:\xampp\htdocs\timesheet\vendor\codeigniter4\framework\system\Database\BaseConnection.php(605): CodeIgniter\Database\BaseConnection->simpleQuery('INSERT INTO `ti...')
#3 C:\xampp\htdocs\timesheet\vendor\codeigniter4\framework\system\Database\BaseBuilder.php(2309): CodeIgniter\Database\BaseConnection->query('INSERT INTO `ti...', Array, false)
#4 C:\xampp\htdocs\timesheet\vendor\codeigniter4\framework\system\Model.php(330): CodeIgniter\Database\BaseBuilder->insert()
#5 C:\xampp\htdocs\timesheet\vendor\codeigniter4\framework\system\BaseModel.php(782): CodeIgniter\Model->doInsert(Array)
#6 C:\xampp\htdocs\timesheet\vendor\codeigniter4\framework\system\Model.php(730): CodeIgniter\BaseModel->insert(Array, true)
#7 C:\xampp\htdocs\timesheet\app\Controllers\Timesheet.php(82): CodeIgniter\Model->insert(Array)
#8 C:\xampp\htdocs\timesheet\vendor\codeigniter4\framework\system\CodeIgniter.php(934): App\Controllers\Timesheet->saveTimesheet()
#9 C:\xampp\htdocs\timesheet\vendor\codeigniter4\framework\system\CodeIgniter.php(499): CodeIgniter\CodeIgniter->runController(Object(App\Controllers\Timesheet))
#10 C:\xampp\htdocs\timesheet\vendor\codeigniter4\framework\system\CodeIgniter.php(368): CodeIgniter\CodeIgniter->handleRequest(NULL, Object(Config\Cache), false)
#11 C:\xampp\htdocs\timesheet\index.php(76): CodeIgniter\CodeIgniter->run()
#12 {main}
CRITICAL - 2023-05-18 22:04:18 --> Column 'project_id' cannot be null
in SYSTEMPATH\Database\BaseConnection.php on line 645.
 1 SYSTEMPATH\Database\BaseBuilder.php(2309): CodeIgniter\Database\BaseConnection->query('INSERT INTO `timesheet_master` (`date`, `emp_id`, `project_id`, `module`, `status`, `task`, `hours`, `report_time`) VALUES (:date:, :emp_id:, :project_id:, :module:, :status:, :task:, :hours:, :report_time:)', [...], false)
 2 SYSTEMPATH\Model.php(330): CodeIgniter\Database\BaseBuilder->insert()
 3 SYSTEMPATH\BaseModel.php(782): CodeIgniter\Model->doInsert([...])
 4 SYSTEMPATH\Model.php(730): CodeIgniter\BaseModel->insert([...], true)
 5 APPPATH\Controllers\Timesheet.php(82): CodeIgniter\Model->insert([...])
 6 SYSTEMPATH\CodeIgniter.php(934): App\Controllers\Timesheet->saveTimesheet()
 7 SYSTEMPATH\CodeIgniter.php(499): CodeIgniter\CodeIgniter->runController(Object(App\Controllers\Timesheet))
 8 SYSTEMPATH\CodeIgniter.php(368): CodeIgniter\CodeIgniter->handleRequest(null, Object(Config\Cache), false)
 9 FCPATH\index.php(76): CodeIgniter\CodeIgniter->run()
ERROR - 2023-05-18 22:05:11 --> mysqli_sql_exception: Column 'project_id' cannot be null in C:\xampp\htdocs\timesheet\vendor\codeigniter4\framework\system\Database\MySQLi\Connection.php:295
Stack trace:
#0 C:\xampp\htdocs\timesheet\vendor\codeigniter4\framework\system\Database\MySQLi\Connection.php(295): mysqli->query('INSERT INTO `ti...', 0)
#1 C:\xampp\htdocs\timesheet\vendor\codeigniter4\framework\system\Database\BaseConnection.php(691): CodeIgniter\Database\MySQLi\Connection->execute('INSERT INTO `ti...')
#2 C:\xampp\htdocs\timesheet\vendor\codeigniter4\framework\system\Database\BaseConnection.php(605): CodeIgniter\Database\BaseConnection->simpleQuery('INSERT INTO `ti...')
#3 C:\xampp\htdocs\timesheet\vendor\codeigniter4\framework\system\Database\BaseBuilder.php(2309): CodeIgniter\Database\BaseConnection->query('INSERT INTO `ti...', Array, false)
#4 C:\xampp\htdocs\timesheet\vendor\codeigniter4\framework\system\Model.php(330): CodeIgniter\Database\BaseBuilder->insert()
#5 C:\xampp\htdocs\timesheet\vendor\codeigniter4\framework\system\BaseModel.php(782): CodeIgniter\Model->doInsert(Array)
#6 C:\xampp\htdocs\timesheet\vendor\codeigniter4\framework\system\Model.php(730): CodeIgniter\BaseModel->insert(Array, true)
#7 C:\xampp\htdocs\timesheet\app\Controllers\Timesheet.php(82): CodeIgniter\Model->insert(Array)
#8 C:\xampp\htdocs\timesheet\vendor\codeigniter4\framework\system\CodeIgniter.php(934): App\Controllers\Timesheet->saveTimesheet()
#9 C:\xampp\htdocs\timesheet\vendor\codeigniter4\framework\system\CodeIgniter.php(499): CodeIgniter\CodeIgniter->runController(Object(App\Controllers\Timesheet))
#10 C:\xampp\htdocs\timesheet\vendor\codeigniter4\framework\system\CodeIgniter.php(368): CodeIgniter\CodeIgniter->handleRequest(NULL, Object(Config\Cache), false)
#11 C:\xampp\htdocs\timesheet\index.php(76): CodeIgniter\CodeIgniter->run()
#12 {main}
CRITICAL - 2023-05-18 22:05:11 --> Column 'project_id' cannot be null
in SYSTEMPATH\Database\BaseConnection.php on line 645.
 1 SYSTEMPATH\Database\BaseBuilder.php(2309): CodeIgniter\Database\BaseConnection->query('INSERT INTO `timesheet_master` (`date`, `emp_id`, `project_id`, `module`, `status`, `task`, `hours`, `report_time`) VALUES (:date:, :emp_id:, :project_id:, :module:, :status:, :task:, :hours:, :report_time:)', [...], false)
 2 SYSTEMPATH\Model.php(330): CodeIgniter\Database\BaseBuilder->insert()
 3 SYSTEMPATH\BaseModel.php(782): CodeIgniter\Model->doInsert([...])
 4 SYSTEMPATH\Model.php(730): CodeIgniter\BaseModel->insert([...], true)
 5 APPPATH\Controllers\Timesheet.php(82): CodeIgniter\Model->insert([...])
 6 SYSTEMPATH\CodeIgniter.php(934): App\Controllers\Timesheet->saveTimesheet()
 7 SYSTEMPATH\CodeIgniter.php(499): CodeIgniter\CodeIgniter->runController(Object(App\Controllers\Timesheet))
 8 SYSTEMPATH\CodeIgniter.php(368): CodeIgniter\CodeIgniter->handleRequest(null, Object(Config\Cache), false)
 9 FCPATH\index.php(76): CodeIgniter\CodeIgniter->run()
CRITICAL - 2023-05-18 22:05:21 --> syntax error, unexpected token "exit"
in APPPATH\Views\timesheet.php on line 93.
 1 SYSTEMPATH\View\View.php(216): CodeIgniter\View\View->CodeIgniter\View\{closure}()
 2 SYSTEMPATH\Common.php(1184): CodeIgniter\View\View->render('timesheet', [], true)
 3 APPPATH\Controllers\Timesheet.php(34): view('timesheet', [...])
 4 SYSTEMPATH\CodeIgniter.php(934): App\Controllers\Timesheet->index()
 5 SYSTEMPATH\CodeIgniter.php(499): CodeIgniter\CodeIgniter->runController(Object(App\Controllers\Timesheet))
 6 SYSTEMPATH\CodeIgniter.php(368): CodeIgniter\CodeIgniter->handleRequest(null, Object(Config\Cache), false)
 7 FCPATH\index.php(76): CodeIgniter\CodeIgniter->run()
CRITICAL - 2023-05-18 23:28:55 --> Undefined array key "id"
in APPPATH\Views\data_view.php on line 133.
 1 APPPATH\Views\data_view.php(133): CodeIgniter\Debug\Exceptions->errorHandler(2, 'Undefined array key "id"', 'APPPATH\\Views\\data_view.php', 133)
 2 SYSTEMPATH\View\View.php(213): include('APPPATH\\Views\\data_view.php')
 3 SYSTEMPATH\View\View.php(216): CodeIgniter\View\View->CodeIgniter\View\{closure}()
 4 SYSTEMPATH\Common.php(1184): CodeIgniter\View\View->render('data_view', [], true)
 5 APPPATH\Controllers\Timesheet.php(345): view('data_view', [...])
 6 SYSTEMPATH\CodeIgniter.php(934): App\Controllers\Timesheet->data()
 7 SYSTEMPATH\CodeIgniter.php(499): CodeIgniter\CodeIgniter->runController(Object(App\Controllers\Timesheet))
 8 SYSTEMPATH\CodeIgniter.php(368): CodeIgniter\CodeIgniter->handleRequest(null, Object(Config\Cache), false)
 9 FCPATH\index.php(76): CodeIgniter\CodeIgniter->run()
CRITICAL - 2023-05-18 23:33:28 --> Undefined array key "id"
in APPPATH\Views\data_view.php on line 106.
 1 APPPATH\Views\data_view.php(106): CodeIgniter\Debug\Exceptions->errorHandler(2, 'Undefined array key "id"', 'APPPATH\\Views\\data_view.php', 106)
 2 SYSTEMPATH\View\View.php(213): include('APPPATH\\Views\\data_view.php')
 3 SYSTEMPATH\View\View.php(216): CodeIgniter\View\View->CodeIgniter\View\{closure}()
 4 SYSTEMPATH\Common.php(1184): CodeIgniter\View\View->render('data_view', [], true)
 5 APPPATH\Controllers\Timesheet.php(345): view('data_view', [...])
 6 SYSTEMPATH\CodeIgniter.php(934): App\Controllers\Timesheet->data()
 7 SYSTEMPATH\CodeIgniter.php(499): CodeIgniter\CodeIgniter->runController(Object(App\Controllers\Timesheet))
 8 SYSTEMPATH\CodeIgniter.php(368): CodeIgniter\CodeIgniter->handleRequest(null, Object(Config\Cache), false)
 9 FCPATH\index.php(76): CodeIgniter\CodeIgniter->run()
CRITICAL - 2023-05-18 23:33:52 --> Undefined array key "id"
in APPPATH\Views\data_view.php on line 106.
 1 APPPATH\Views\data_view.php(106): CodeIgniter\Debug\Exceptions->errorHandler(2, 'Undefined array key "id"', 'APPPATH\\Views\\data_view.php', 106)
 2 SYSTEMPATH\View\View.php(213): include('APPPATH\\Views\\data_view.php')
 3 SYSTEMPATH\View\View.php(216): CodeIgniter\View\View->CodeIgniter\View\{closure}()
 4 SYSTEMPATH\Common.php(1184): CodeIgniter\View\View->render('data_view', [], true)
 5 APPPATH\Controllers\Timesheet.php(345): view('data_view', [...])
 6 SYSTEMPATH\CodeIgniter.php(934): App\Controllers\Timesheet->data()
 7 SYSTEMPATH\CodeIgniter.php(499): CodeIgniter\CodeIgniter->runController(Object(App\Controllers\Timesheet))
 8 SYSTEMPATH\CodeIgniter.php(368): CodeIgniter\CodeIgniter->handleRequest(null, Object(Config\Cache), false)
 9 FCPATH\index.php(76): CodeIgniter\CodeIgniter->run()
ERROR - 2023-05-18 22:27:19 --> Error connecting to the database: mysqli_sql_exception: No connection could be made because the target machine actively refused it in C:\xampp\htdocs\timesheet\vendor\codeigniter4\framework\system\Database\MySQLi\Connection.php:173
Stack trace:
#0 C:\xampp\htdocs\timesheet\vendor\codeigniter4\framework\system\Database\MySQLi\Connection.php(173): mysqli->real_connect('localhost', 'root', Object(SensitiveParameterValue), 'company', 3306, '', 0)
#1 C:\xampp\htdocs\timesheet\vendor\codeigniter4\framework\system\Database\BaseConnection.php(391): CodeIgniter\Database\MySQLi\Connection->connect(false)
#2 C:\xampp\htdocs\timesheet\vendor\codeigniter4\framework\system\Database\BaseConnection.php(573): CodeIgniter\Database\BaseConnection->initialize()
#3 C:\xampp\htdocs\timesheet\vendor\codeigniter4\framework\system\Database\BaseBuilder.php(1616): CodeIgniter\Database\BaseConnection->query('SELECT *\nFROM `...', Array, false)
#4 C:\xampp\htdocs\timesheet\vendor\codeigniter4\framework\system\Model.php(268): CodeIgniter\Database\BaseBuilder->get()
#5 C:\xampp\htdocs\timesheet\vendor\codeigniter4\framework\system\BaseModel.php(656): CodeIgniter\Model->doFirst()
#6 C:\xampp\htdocs\timesheet\app\Controllers\FormController.php(38): CodeIgniter\BaseModel->first()
#7 C:\xampp\htdocs\timesheet\vendor\codeigniter4\framework\system\CodeIgniter.php(934): App\Controllers\FormController->loginAuth()
#8 C:\xampp\htdocs\timesheet\vendor\codeigniter4\framework\system\CodeIgniter.php(499): CodeIgniter\CodeIgniter->runController(Object(App\Controllers\FormController))
#9 C:\xampp\htdocs\timesheet\vendor\codeigniter4\framework\system\CodeIgniter.php(368): CodeIgniter\CodeIgniter->handleRequest(NULL, Object(Config\Cache), false)
#10 C:\xampp\htdocs\timesheet\index.php(76): CodeIgniter\CodeIgniter->run()
#11 {main}

Next CodeIgniter\Database\Exceptions\DatabaseException: No connection could be made because the target machine actively refused it in C:\xampp\htdocs\timesheet\vendor\codeigniter4\framework\system\Database\MySQLi\Connection.php:218
Stack trace:
#0 C:\xampp\htdocs\timesheet\vendor\codeigniter4\framework\system\Database\BaseConnection.php(391): CodeIgniter\Database\MySQLi\Connection->connect(false)
#1 C:\xampp\htdocs\timesheet\vendor\codeigniter4\framework\system\Database\BaseConnection.php(573): CodeIgniter\Database\BaseConnection->initialize()
#2 C:\xampp\htdocs\timesheet\vendor\codeigniter4\framework\system\Database\BaseBuilder.php(1616): CodeIgniter\Database\BaseConnection->query('SELECT *\nFROM `...', Array, false)
#3 C:\xampp\htdocs\timesheet\vendor\codeigniter4\framework\system\Model.php(268): CodeIgniter\Database\BaseBuilder->get()
#4 C:\xampp\htdocs\timesheet\vendor\codeigniter4\framework\system\BaseModel.php(656): CodeIgniter\Model->doFirst()
#5 C:\xampp\htdocs\timesheet\app\Controllers\FormController.php(38): CodeIgniter\BaseModel->first()
#6 C:\xampp\htdocs\timesheet\vendor\codeigniter4\framework\system\CodeIgniter.php(934): App\Controllers\FormController->loginAuth()
#7 C:\xampp\htdocs\timesheet\vendor\codeigniter4\framework\system\CodeIgniter.php(499): CodeIgniter\CodeIgniter->runController(Object(App\Controllers\FormController))
#8 C:\xampp\htdocs\timesheet\vendor\codeigniter4\framework\system\CodeIgniter.php(368): CodeIgniter\CodeIgniter->handleRequest(NULL, Object(Config\Cache), false)
#9 C:\xampp\htdocs\timesheet\index.php(76): CodeIgniter\CodeIgniter->run()
#10 {main}
CRITICAL - 2023-05-18 22:27:19 --> Unable to connect to the database.
Main connection [MySQLi]: No connection could be made because the target machine actively refused it
in SYSTEMPATH\Database\BaseConnection.php on line 427.
 1 SYSTEMPATH\Database\BaseConnection.php(573): CodeIgniter\Database\BaseConnection->initialize()
 2 SYSTEMPATH\Database\BaseBuilder.php(1616): CodeIgniter\Database\BaseConnection->query('SELECT *
FROM `employee`
WHERE `email` = :email:
 LIMIT 1', [...], false)
 3 SYSTEMPATH\Model.php(268): CodeIgniter\Database\BaseBuilder->get()
 4 SYSTEMPATH\BaseModel.php(656): CodeIgniter\Model->doFirst()
 5 APPPATH\Controllers\FormController.php(38): CodeIgniter\BaseModel->first()
 6 SYSTEMPATH\CodeIgniter.php(934): App\Controllers\FormController->loginAuth()
 7 SYSTEMPATH\CodeIgniter.php(499): CodeIgniter\CodeIgniter->runController(Object(App\Controllers\FormController))
 8 SYSTEMPATH\CodeIgniter.php(368): CodeIgniter\CodeIgniter->handleRequest(null, Object(Config\Cache), false)
 9 FCPATH\index.php(76): CodeIgniter\CodeIgniter->run()
