CRITICAL - 2023-05-15 12:10:47 --> Undefined variable $navbar
in APPPATH\Views\timesheet.php on line 51.
 1 APPPATH\Views\timesheet.php(51): CodeIgniter\Debug\Exceptions->errorHandler(2, 'Undefined variable $navbar', 'APPPATH\\Views\\timesheet.php', 51)
 2 SYSTEMPATH\View\View.php(213): include('APPPATH\\Views\\timesheet.php')
 3 SYSTEMPATH\View\View.php(216): CodeIgniter\View\View->CodeIgniter\View\{closure}()
 4 SYSTEMPATH\Common.php(1184): CodeIgniter\View\View->render('timesheet', [], true)
 5 APPPATH\Controllers\Timesheet.php(85): view('timesheet')
 6 SYSTEMPATH\CodeIgniter.php(934): App\Controllers\Timesheet->saveTimesheet()
 7 SYSTEMPATH\CodeIgniter.php(499): CodeIgniter\CodeIgniter->runController(Object(App\Controllers\Timesheet))
 8 SYSTEMPATH\CodeIgniter.php(368): CodeIgniter\CodeIgniter->handleRequest(null, Object(Config\Cache), false)
 9 FCPATH\index.php(76): CodeIgniter\CodeIgniter->run()
CRITICAL - 2023-05-15 12:12:34 --> Undefined variable $projects_name
in APPPATH\Views\timesheet.php on line 84.
 1 APPPATH\Views\timesheet.php(84): CodeIgniter\Debug\Exceptions->errorHandler(2, 'Undefined variable $projects_name', 'APPPATH\\Views\\timesheet.php', 84)
 2 SYSTEMPATH\View\View.php(213): include('APPPATH\\Views\\timesheet.php')
 3 SYSTEMPATH\View\View.php(216): CodeIgniter\View\View->CodeIgniter\View\{closure}()
 4 SYSTEMPATH\Common.php(1184): CodeIgniter\View\View->render('timesheet', [], true)
 5 APPPATH\Controllers\Timesheet.php(85): view('timesheet', [...])
 6 SYSTEMPATH\CodeIgniter.php(934): App\Controllers\Timesheet->saveTimesheet()
 7 SYSTEMPATH\CodeIgniter.php(499): CodeIgniter\CodeIgniter->runController(Object(App\Controllers\Timesheet))
 8 SYSTEMPATH\CodeIgniter.php(368): CodeIgniter\CodeIgniter->handleRequest(null, Object(Config\Cache), false)
 9 FCPATH\index.php(76): CodeIgniter\CodeIgniter->run()
CRITICAL - 2023-05-15 12:13:15 --> Undefined variable $projectModel
in APPPATH\Controllers\Timesheet.php on line 84.
 1 APPPATH\Controllers\Timesheet.php(84): CodeIgniter\Debug\Exceptions->errorHandler(2, 'Undefined variable $projectModel', 'APPPATH\\Controllers\\Timesheet.php', 84)
 2 SYSTEMPATH\CodeIgniter.php(934): App\Controllers\Timesheet->saveTimesheet()
 3 SYSTEMPATH\CodeIgniter.php(499): CodeIgniter\CodeIgniter->runController(Object(App\Controllers\Timesheet))
 4 SYSTEMPATH\CodeIgniter.php(368): CodeIgniter\CodeIgniter->handleRequest(null, Object(Config\Cache), false)
 5 FCPATH\index.php(76): CodeIgniter\CodeIgniter->run()
CRITICAL - 2023-05-15 06:54:52 --> Undefined variable $123456
in APPPATH\Controllers\FormController.php on line 113.
 1 APPPATH\Controllers\FormController.php(113): CodeIgniter\Debug\Exceptions->errorHandler(2, 'Undefined variable $123456', 'APPPATH\\Controllers\\FormController.php', 113)
 2 SYSTEMPATH\CodeIgniter.php(934): App\Controllers\FormController->change()
 3 SYSTEMPATH\CodeIgniter.php(499): CodeIgniter\CodeIgniter->runController(Object(App\Controllers\FormController))
 4 SYSTEMPATH\CodeIgniter.php(368): CodeIgniter\CodeIgniter->handleRequest(null, Object(Config\Cache), false)
 5 FCPATH\index.php(76): CodeIgniter\CodeIgniter->run()
CRITICAL - 2023-05-15 12:29:04 --> There is no data to update.
in SYSTEMPATH\BaseModel.php on line 1680.
 1 SYSTEMPATH\BaseModel.php(1680): CodeIgniter\Database\Exceptions\DataException::forEmptyDataset('update')
 2 SYSTEMPATH\BaseModel.php(910): CodeIgniter\BaseModel->transformDataToArray(null, 'update')
 3 SYSTEMPATH\Model.php(756): CodeIgniter\BaseModel->update([...], null)
 4 APPPATH\Helpers\custom_helper.php(22): CodeIgniter\Model->update([...])
 5 APPPATH\Controllers\FormController.php(199): delete_expired_otps(Object(CodeIgniter\Email\Email))
 6 SYSTEMPATH\CodeIgniter.php(934): App\Controllers\FormController->recoverpassword()
 7 SYSTEMPATH\CodeIgniter.php(499): CodeIgniter\CodeIgniter->runController(Object(App\Controllers\FormController))
 8 SYSTEMPATH\CodeIgniter.php(368): CodeIgniter\CodeIgniter->handleRequest(null, Object(Config\Cache), false)
 9 FCPATH\index.php(76): CodeIgniter\CodeIgniter->run()
CRITICAL - 2023-05-15 07:00:34 --> password_verify() expects exactly 2 arguments, 1 given
in APPPATH\Controllers\FormController.php on line 44.
 1 APPPATH\Controllers\FormController.php(44): password_verify(Object(SensitiveParameterValue))
 2 SYSTEMPATH\CodeIgniter.php(934): App\Controllers\FormController->loginAuth()
 3 SYSTEMPATH\CodeIgniter.php(499): CodeIgniter\CodeIgniter->runController(Object(App\Controllers\FormController))
 4 SYSTEMPATH\CodeIgniter.php(368): CodeIgniter\CodeIgniter->handleRequest(null, Object(Config\Cache), false)
 5 FCPATH\index.php(76): CodeIgniter\CodeIgniter->run()
CRITICAL - 2023-05-15 12:54:38 --> There is no data to update.
in SYSTEMPATH\BaseModel.php on line 1680.
 1 SYSTEMPATH\BaseModel.php(1680): CodeIgniter\Database\Exceptions\DataException::forEmptyDataset('update')
 2 SYSTEMPATH\BaseModel.php(910): CodeIgniter\BaseModel->transformDataToArray(null, 'update')
 3 SYSTEMPATH\Model.php(756): CodeIgniter\BaseModel->update([...], null)
 4 APPPATH\Helpers\custom_helper.php(22): CodeIgniter\Model->update([...])
 5 APPPATH\Controllers\FormController.php(199): delete_expired_otps(Object(CodeIgniter\Email\Email))
 6 SYSTEMPATH\CodeIgniter.php(934): App\Controllers\FormController->recoverpassword()
 7 SYSTEMPATH\CodeIgniter.php(499): CodeIgniter\CodeIgniter->runController(Object(App\Controllers\FormController))
 8 SYSTEMPATH\CodeIgniter.php(368): CodeIgniter\CodeIgniter->handleRequest(null, Object(Config\Cache), false)
 9 FCPATH\index.php(76): CodeIgniter\CodeIgniter->run()
CRITICAL - 2023-05-15 14:04:57 --> Undefined variable $timesheets
in APPPATH\Controllers\Timesheet.php on line 101.
 1 APPPATH\Controllers\Timesheet.php(101): CodeIgniter\Debug\Exceptions->errorHandler(2, 'Undefined variable $timesheets', 'APPPATH\\Controllers\\Timesheet.php', 101)
 2 SYSTEMPATH\CodeIgniter.php(934): App\Controllers\Timesheet->my_timesheets()
 3 SYSTEMPATH\CodeIgniter.php(499): CodeIgniter\CodeIgniter->runController(Object(App\Controllers\Timesheet))
 4 SYSTEMPATH\CodeIgniter.php(368): CodeIgniter\CodeIgniter->handleRequest(null, Object(Config\Cache), false)
 5 FCPATH\index.php(76): CodeIgniter\CodeIgniter->run()
ERROR - 2023-05-15 14:06:31 --> mysqli_sql_exception: Unknown column 'timesheet_master.created_at' in 'where clause' in C:\xampp\htdocs\timesheet\vendor\codeigniter4\framework\system\Database\MySQLi\Connection.php:295
Stack trace:
#0 C:\xampp\htdocs\timesheet\vendor\codeigniter4\framework\system\Database\MySQLi\Connection.php(295): mysqli->query('SELECT `timeshe...', 0)
#1 C:\xampp\htdocs\timesheet\vendor\codeigniter4\framework\system\Database\BaseConnection.php(691): CodeIgniter\Database\MySQLi\Connection->execute('SELECT `timeshe...')
#2 C:\xampp\htdocs\timesheet\vendor\codeigniter4\framework\system\Database\BaseConnection.php(605): CodeIgniter\Database\BaseConnection->simpleQuery('SELECT `timeshe...')
#3 C:\xampp\htdocs\timesheet\vendor\codeigniter4\framework\system\Database\BaseBuilder.php(1616): CodeIgniter\Database\BaseConnection->query('SELECT `timeshe...', Array, false)
#4 C:\xampp\htdocs\timesheet\vendor\codeigniter4\framework\system\Model.php(241): CodeIgniter\Database\BaseBuilder->get()
#5 C:\xampp\htdocs\timesheet\vendor\codeigniter4\framework\system\BaseModel.php(618): CodeIgniter\Model->doFindAll(0, 0)
#6 C:\xampp\htdocs\timesheet\app\Models\TimesheetModel.php(19): CodeIgniter\BaseModel->findAll()
#7 C:\xampp\htdocs\timesheet\app\Controllers\Timesheet.php(105): App\Models\TimesheetModel->getTimesheetsWithProjectNames('1', '2023-05-15')
#8 C:\xampp\htdocs\timesheet\vendor\codeigniter4\framework\system\CodeIgniter.php(934): App\Controllers\Timesheet->my_timesheets()
#9 C:\xampp\htdocs\timesheet\vendor\codeigniter4\framework\system\CodeIgniter.php(499): CodeIgniter\CodeIgniter->runController(Object(App\Controllers\Timesheet))
#10 C:\xampp\htdocs\timesheet\vendor\codeigniter4\framework\system\CodeIgniter.php(368): CodeIgniter\CodeIgniter->handleRequest(NULL, Object(Config\Cache), false)
#11 C:\xampp\htdocs\timesheet\index.php(76): CodeIgniter\CodeIgniter->run()
#12 {main}
CRITICAL - 2023-05-15 14:06:31 --> Unknown column 'timesheet_master.created_at' in 'where clause'
in SYSTEMPATH\Database\BaseConnection.php on line 645.
 1 SYSTEMPATH\Database\BaseBuilder.php(1616): CodeIgniter\Database\BaseConnection->query('SELECT `timesheet_master`.*, `project_list`.`project_name`
FROM `timesheet_master`
JOIN `project_list` ON `project_list`.`project_id` = `timesheet_master`.`project_id`
WHERE `timesheet_master`.`emp_id` = :timesheet_master.emp_id:
AND DATE(timesheet_master.created_at) = :DATE(timesheet_master.created_at):', [...], false)
 2 SYSTEMPATH\Model.php(241): CodeIgniter\Database\BaseBuilder->get()
 3 SYSTEMPATH\BaseModel.php(618): CodeIgniter\Model->doFindAll(0, 0)
 4 APPPATH\Models\TimesheetModel.php(19): CodeIgniter\BaseModel->findAll()
 5 APPPATH\Controllers\Timesheet.php(105): App\Models\TimesheetModel->getTimesheetsWithProjectNames('1', '2023-05-15')
 6 SYSTEMPATH\CodeIgniter.php(934): App\Controllers\Timesheet->my_timesheets()
 7 SYSTEMPATH\CodeIgniter.php(499): CodeIgniter\CodeIgniter->runController(Object(App\Controllers\Timesheet))
 8 SYSTEMPATH\CodeIgniter.php(368): CodeIgniter\CodeIgniter->handleRequest(null, Object(Config\Cache), false)
 9 FCPATH\index.php(76): CodeIgniter\CodeIgniter->run()
CRITICAL - 2023-05-15 14:08:03 --> Undefined variable $timesheets
in APPPATH\Views\emptimesheet.php on line 134.
 1 APPPATH\Views\emptimesheet.php(134): CodeIgniter\Debug\Exceptions->errorHandler(2, 'Undefined variable $timesheets', 'APPPATH\\Views\\emptimesheet.php', 134)
 2 SYSTEMPATH\View\View.php(213): include('APPPATH\\Views\\emptimesheet.php')
 3 SYSTEMPATH\View\View.php(216): CodeIgniter\View\View->CodeIgniter\View\{closure}()
 4 SYSTEMPATH\Common.php(1184): CodeIgniter\View\View->render('emptimesheet', [], true)
 5 APPPATH\Controllers\Timesheet.php(111): view('emptimesheet', [...])
 6 SYSTEMPATH\CodeIgniter.php(934): App\Controllers\Timesheet->my_timesheets()
 7 SYSTEMPATH\CodeIgniter.php(499): CodeIgniter\CodeIgniter->runController(Object(App\Controllers\Timesheet))
 8 SYSTEMPATH\CodeIgniter.php(368): CodeIgniter\CodeIgniter->handleRequest(null, Object(Config\Cache), false)
 9 FCPATH\index.php(76): CodeIgniter\CodeIgniter->run()
CRITICAL - 2023-05-15 08:43:58 --> syntax error, unexpected single-quoted string ")", expecting ")"
in APPPATH\Models\TimesheetModel.php on line 27.
 1 SYSTEMPATH\Autoloader\Autoloader.php(289): CodeIgniter\Autoloader\Autoloader->includeFile('APPPATH\\Models\\TimesheetModel.php')
 2 SYSTEMPATH\Autoloader\Autoloader.php(267): CodeIgniter\Autoloader\Autoloader->loadInNamespace('App\\Models\\TimesheetModel')
 3 APPPATH\Controllers\Timesheet.php(22): CodeIgniter\Autoloader\Autoloader->loadClass('App\\Models\\TimesheetModel')
 4 SYSTEMPATH\CodeIgniter.php(906): App\Controllers\Timesheet->__construct()
 5 SYSTEMPATH\CodeIgniter.php(490): CodeIgniter\CodeIgniter->createController()
 6 SYSTEMPATH\CodeIgniter.php(368): CodeIgniter\CodeIgniter->handleRequest(null, Object(Config\Cache), false)
 7 FCPATH\index.php(76): CodeIgniter\CodeIgniter->run()
