CRITICAL - 2023-06-07 09:20:14 --> syntax error, unexpected token ")"
in APPPATH\Controllers\Timesheet.php on line 276.
 1 SYSTEMPATH\Autoloader\Autoloader.php(289): CodeIgniter\Autoloader\Autoloader->includeFile('APPPATH\\Controllers\\Timesheet.php')
 2 SYSTEMPATH\Autoloader\Autoloader.php(267): CodeIgniter\Autoloader\Autoloader->loadInNamespace('App\\Controllers\\Timesheet')
 3 [internal function]: CodeIgniter\Autoloader\Autoloader->loadClass('App\\Controllers\\Timesheet')
 4 SYSTEMPATH\CodeIgniter.php(892): class_exists('\\App\\Controllers\\Timesheet', true)
 5 SYSTEMPATH\CodeIgniter.php(486): CodeIgniter\CodeIgniter->startController()
 6 SYSTEMPATH\CodeIgniter.php(368): CodeIgniter\CodeIgniter->handleRequest(null, Object(Config\Cache), false)
 7 FCPATH\index.php(75): CodeIgniter\CodeIgniter->run()
CRITICAL - 2023-06-07 09:20:41 --> syntax error, unexpected token ")"
in APPPATH\Controllers\Timesheet.php on line 276.
 1 SYSTEMPATH\Autoloader\Autoloader.php(289): CodeIgniter\Autoloader\Autoloader->includeFile('APPPATH\\Controllers\\Timesheet.php')
 2 SYSTEMPATH\Autoloader\Autoloader.php(267): CodeIgniter\Autoloader\Autoloader->loadInNamespace('App\\Controllers\\Timesheet')
 3 [internal function]: CodeIgniter\Autoloader\Autoloader->loadClass('App\\Controllers\\Timesheet')
 4 SYSTEMPATH\CodeIgniter.php(892): class_exists('\\App\\Controllers\\Timesheet', true)
 5 SYSTEMPATH\CodeIgniter.php(486): CodeIgniter\CodeIgniter->startController()
 6 SYSTEMPATH\CodeIgniter.php(368): CodeIgniter\CodeIgniter->handleRequest(null, Object(Config\Cache), false)
 7 FCPATH\index.php(75): CodeIgniter\CodeIgniter->run()
CRITICAL - 2023-06-07 09:20:54 --> syntax error, unexpected token ")"
in APPPATH\Controllers\Timesheet.php on line 276.
 1 SYSTEMPATH\Autoloader\Autoloader.php(289): CodeIgniter\Autoloader\Autoloader->includeFile('APPPATH\\Controllers\\Timesheet.php')
 2 SYSTEMPATH\Autoloader\Autoloader.php(267): CodeIgniter\Autoloader\Autoloader->loadInNamespace('App\\Controllers\\Timesheet')
 3 [internal function]: CodeIgniter\Autoloader\Autoloader->loadClass('App\\Controllers\\Timesheet')
 4 SYSTEMPATH\CodeIgniter.php(892): class_exists('\\App\\Controllers\\Timesheet', true)
 5 SYSTEMPATH\CodeIgniter.php(486): CodeIgniter\CodeIgniter->startController()
 6 SYSTEMPATH\CodeIgniter.php(368): CodeIgniter\CodeIgniter->handleRequest(null, Object(Config\Cache), false)
 7 FCPATH\index.php(75): CodeIgniter\CodeIgniter->run()
CRITICAL - 2023-06-07 09:20:55 --> syntax error, unexpected token ")"
in APPPATH\Controllers\Timesheet.php on line 276.
 1 SYSTEMPATH\Autoloader\Autoloader.php(289): CodeIgniter\Autoloader\Autoloader->includeFile('APPPATH\\Controllers\\Timesheet.php')
 2 SYSTEMPATH\Autoloader\Autoloader.php(267): CodeIgniter\Autoloader\Autoloader->loadInNamespace('App\\Controllers\\Timesheet')
 3 [internal function]: CodeIgniter\Autoloader\Autoloader->loadClass('App\\Controllers\\Timesheet')
 4 SYSTEMPATH\CodeIgniter.php(892): class_exists('\\App\\Controllers\\Timesheet', true)
 5 SYSTEMPATH\CodeIgniter.php(486): CodeIgniter\CodeIgniter->startController()
 6 SYSTEMPATH\CodeIgniter.php(368): CodeIgniter\CodeIgniter->handleRequest(null, Object(Config\Cache), false)
 7 FCPATH\index.php(75): CodeIgniter\CodeIgniter->run()
CRITICAL - 2023-06-07 09:20:55 --> syntax error, unexpected token ")"
in APPPATH\Controllers\Timesheet.php on line 276.
 1 SYSTEMPATH\Autoloader\Autoloader.php(289): CodeIgniter\Autoloader\Autoloader->includeFile('APPPATH\\Controllers\\Timesheet.php')
 2 SYSTEMPATH\Autoloader\Autoloader.php(267): CodeIgniter\Autoloader\Autoloader->loadInNamespace('App\\Controllers\\Timesheet')
 3 [internal function]: CodeIgniter\Autoloader\Autoloader->loadClass('App\\Controllers\\Timesheet')
 4 SYSTEMPATH\CodeIgniter.php(892): class_exists('\\App\\Controllers\\Timesheet', true)
 5 SYSTEMPATH\CodeIgniter.php(486): CodeIgniter\CodeIgniter->startController()
 6 SYSTEMPATH\CodeIgniter.php(368): CodeIgniter\CodeIgniter->handleRequest(null, Object(Config\Cache), false)
 7 FCPATH\index.php(75): CodeIgniter\CodeIgniter->run()
CRITICAL - 2023-06-07 09:24:14 --> syntax error, unexpected token "{", expecting "function" or "const"
in APPPATH\Controllers\Timesheet.php on line 258.
 1 SYSTEMPATH\Autoloader\Autoloader.php(289): CodeIgniter\Autoloader\Autoloader->includeFile('APPPATH\\Controllers\\Timesheet.php')
 2 SYSTEMPATH\Autoloader\Autoloader.php(267): CodeIgniter\Autoloader\Autoloader->loadInNamespace('App\\Controllers\\Timesheet')
 3 [internal function]: CodeIgniter\Autoloader\Autoloader->loadClass('App\\Controllers\\Timesheet')
 4 SYSTEMPATH\CodeIgniter.php(892): class_exists('\\App\\Controllers\\Timesheet', true)
 5 SYSTEMPATH\CodeIgniter.php(486): CodeIgniter\CodeIgniter->startController()
 6 SYSTEMPATH\CodeIgniter.php(368): CodeIgniter\CodeIgniter->handleRequest(null, Object(Config\Cache), false)
 7 FCPATH\index.php(75): CodeIgniter\CodeIgniter->run()
CRITICAL - 2023-06-07 15:11:19 --> Cannot use [] for reading
in APPPATH\Controllers\Timesheet.php on line 262.
 1 SYSTEMPATH\CodeIgniter.php(934): App\Controllers\Timesheet->ajaxValidation()
 2 SYSTEMPATH\CodeIgniter.php(499): CodeIgniter\CodeIgniter->runController(Object(App\Controllers\Timesheet))
 3 SYSTEMPATH\CodeIgniter.php(368): CodeIgniter\CodeIgniter->handleRequest(null, Object(Config\Cache), false)
 4 FCPATH\index.php(75): CodeIgniter\CodeIgniter->run()
CRITICAL - 2023-06-07 15:31:02 --> Undefined variable $validationSuccessful
in APPPATH\Controllers\Timesheet.php on line 277.
 1 APPPATH\Controllers\Timesheet.php(277): CodeIgniter\Debug\Exceptions->errorHandler(2, 'Undefined variable $validationSuccessful', 'APPPATH\\Controllers\\Timesheet.php', 277)
 2 APPPATH\Controllers\Timesheet.php(264): App\Controllers\Timesheet->validateFormData([...])
 3 SYSTEMPATH\CodeIgniter.php(934): App\Controllers\Timesheet->ajaxValidation()
 4 SYSTEMPATH\CodeIgniter.php(499): CodeIgniter\CodeIgniter->runController(Object(App\Controllers\Timesheet))
 5 SYSTEMPATH\CodeIgniter.php(368): CodeIgniter\CodeIgniter->handleRequest(null, Object(Config\Cache), false)
 6 FCPATH\index.php(75): CodeIgniter\CodeIgniter->run()
CRITICAL - 2023-06-07 15:42:00 --> unserialize(): Argument #1 ($data) must be of type string, array given
in APPPATH\Controllers\Timesheet.php on line 274.
 1 APPPATH\Controllers\Timesheet.php(274): unserialize([...])
 2 APPPATH\Controllers\Timesheet.php(263): App\Controllers\Timesheet->validateFormData([...])
 3 SYSTEMPATH\CodeIgniter.php(934): App\Controllers\Timesheet->ajaxValidation()
 4 SYSTEMPATH\CodeIgniter.php(499): CodeIgniter\CodeIgniter->runController(Object(App\Controllers\Timesheet))
 5 SYSTEMPATH\CodeIgniter.php(368): CodeIgniter\CodeIgniter->handleRequest(null, Object(Config\Cache), false)
 6 FCPATH\index.php(75): CodeIgniter\CodeIgniter->run()
CRITICAL - 2023-06-07 15:43:37 --> unserialize(): Argument #1 ($data) must be of type string, array given
in APPPATH\Controllers\Timesheet.php on line 274.
 1 APPPATH\Controllers\Timesheet.php(274): unserialize([...])
 2 APPPATH\Controllers\Timesheet.php(263): App\Controllers\Timesheet->validateFormData([...])
 3 SYSTEMPATH\CodeIgniter.php(934): App\Controllers\Timesheet->ajaxValidation()
 4 SYSTEMPATH\CodeIgniter.php(499): CodeIgniter\CodeIgniter->runController(Object(App\Controllers\Timesheet))
 5 SYSTEMPATH\CodeIgniter.php(368): CodeIgniter\CodeIgniter->handleRequest(null, Object(Config\Cache), false)
 6 FCPATH\index.php(75): CodeIgniter\CodeIgniter->run()
CRITICAL - 2023-06-07 15:45:03 --> unserialize(): Argument #1 ($data) must be of type string, array given
in APPPATH\Controllers\Timesheet.php on line 274.
 1 APPPATH\Controllers\Timesheet.php(274): unserialize([...])
 2 APPPATH\Controllers\Timesheet.php(263): App\Controllers\Timesheet->validateFormData([...])
 3 SYSTEMPATH\CodeIgniter.php(934): App\Controllers\Timesheet->ajaxValidation()
 4 SYSTEMPATH\CodeIgniter.php(499): CodeIgniter\CodeIgniter->runController(Object(App\Controllers\Timesheet))
 5 SYSTEMPATH\CodeIgniter.php(368): CodeIgniter\CodeIgniter->handleRequest(null, Object(Config\Cache), false)
 6 FCPATH\index.php(75): CodeIgniter\CodeIgniter->run()
CRITICAL - 2023-06-07 15:46:44 --> unserialize(): Argument #1 ($data) must be of type string, array given
in APPPATH\Controllers\Timesheet.php on line 273.
 1 APPPATH\Controllers\Timesheet.php(273): unserialize([...])
 2 APPPATH\Controllers\Timesheet.php(261): App\Controllers\Timesheet->validateFormData([...])
 3 SYSTEMPATH\CodeIgniter.php(934): App\Controllers\Timesheet->ajaxValidation()
 4 SYSTEMPATH\CodeIgniter.php(499): CodeIgniter\CodeIgniter->runController(Object(App\Controllers\Timesheet))
 5 SYSTEMPATH\CodeIgniter.php(368): CodeIgniter\CodeIgniter->handleRequest(null, Object(Config\Cache), false)
 6 FCPATH\index.php(75): CodeIgniter\CodeIgniter->run()
CRITICAL - 2023-06-07 15:46:59 --> unserialize(): Argument #1 ($data) must be of type string, array given
in APPPATH\Controllers\Timesheet.php on line 274.
 1 APPPATH\Controllers\Timesheet.php(274): unserialize([...])
 2 APPPATH\Controllers\Timesheet.php(262): App\Controllers\Timesheet->validateFormData([...])
 3 SYSTEMPATH\CodeIgniter.php(934): App\Controllers\Timesheet->ajaxValidation()
 4 SYSTEMPATH\CodeIgniter.php(499): CodeIgniter\CodeIgniter->runController(Object(App\Controllers\Timesheet))
 5 SYSTEMPATH\CodeIgniter.php(368): CodeIgniter\CodeIgniter->handleRequest(null, Object(Config\Cache), false)
 6 FCPATH\index.php(75): CodeIgniter\CodeIgniter->run()
CRITICAL - 2023-06-07 15:50:06 --> Undefined array key "project_name"
in APPPATH\Controllers\Timesheet.php on line 279.
 1 APPPATH\Controllers\Timesheet.php(279): CodeIgniter\Debug\Exceptions->errorHandler(2, 'Undefined array key "project_name"', 'APPPATH\\Controllers\\Timesheet.php', 279)
 2 APPPATH\Controllers\Timesheet.php(264): App\Controllers\Timesheet->validateFormData([...])
 3 SYSTEMPATH\CodeIgniter.php(934): App\Controllers\Timesheet->ajaxValidation()
 4 SYSTEMPATH\CodeIgniter.php(499): CodeIgniter\CodeIgniter->runController(Object(App\Controllers\Timesheet))
 5 SYSTEMPATH\CodeIgniter.php(368): CodeIgniter\CodeIgniter->handleRequest(null, Object(Config\Cache), false)
 6 FCPATH\index.php(75): CodeIgniter\CodeIgniter->run()
CRITICAL - 2023-06-07 15:53:03 --> Undefined array key "project_name"
in APPPATH\Controllers\Timesheet.php on line 289.
 1 APPPATH\Controllers\Timesheet.php(289): CodeIgniter\Debug\Exceptions->errorHandler(2, 'Undefined array key "project_name"', 'APPPATH\\Controllers\\Timesheet.php', 289)
 2 APPPATH\Controllers\Timesheet.php(267): App\Controllers\Timesheet->validateFormData([...])
 3 SYSTEMPATH\CodeIgniter.php(934): App\Controllers\Timesheet->ajaxValidation()
 4 SYSTEMPATH\CodeIgniter.php(499): CodeIgniter\CodeIgniter->runController(Object(App\Controllers\Timesheet))
 5 SYSTEMPATH\CodeIgniter.php(368): CodeIgniter\CodeIgniter->handleRequest(null, Object(Config\Cache), false)
 6 FCPATH\index.php(75): CodeIgniter\CodeIgniter->run()
CRITICAL - 2023-06-07 15:54:07 --> Undefined array key "project_name"
in APPPATH\Controllers\Timesheet.php on line 279.
 1 APPPATH\Controllers\Timesheet.php(279): CodeIgniter\Debug\Exceptions->errorHandler(2, 'Undefined array key "project_name"', 'APPPATH\\Controllers\\Timesheet.php', 279)
 2 APPPATH\Controllers\Timesheet.php(264): App\Controllers\Timesheet->validateFormData([...])
 3 SYSTEMPATH\CodeIgniter.php(934): App\Controllers\Timesheet->ajaxValidation()
 4 SYSTEMPATH\CodeIgniter.php(499): CodeIgniter\CodeIgniter->runController(Object(App\Controllers\Timesheet))
 5 SYSTEMPATH\CodeIgniter.php(368): CodeIgniter\CodeIgniter->handleRequest(null, Object(Config\Cache), false)
 6 FCPATH\index.php(75): CodeIgniter\CodeIgniter->run()
CRITICAL - 2023-06-07 15:54:14 --> Undefined array key "project_name"
in APPPATH\Controllers\Timesheet.php on line 279.
 1 APPPATH\Controllers\Timesheet.php(279): CodeIgniter\Debug\Exceptions->errorHandler(2, 'Undefined array key "project_name"', 'APPPATH\\Controllers\\Timesheet.php', 279)
 2 APPPATH\Controllers\Timesheet.php(264): App\Controllers\Timesheet->validateFormData([...])
 3 SYSTEMPATH\CodeIgniter.php(934): App\Controllers\Timesheet->ajaxValidation()
 4 SYSTEMPATH\CodeIgniter.php(499): CodeIgniter\CodeIgniter->runController(Object(App\Controllers\Timesheet))
 5 SYSTEMPATH\CodeIgniter.php(368): CodeIgniter\CodeIgniter->handleRequest(null, Object(Config\Cache), false)
 6 FCPATH\index.php(75): CodeIgniter\CodeIgniter->run()
CRITICAL - 2023-06-07 15:54:32 --> Undefined array key "project_name"
in APPPATH\Controllers\Timesheet.php on line 279.
 1 APPPATH\Controllers\Timesheet.php(279): CodeIgniter\Debug\Exceptions->errorHandler(2, 'Undefined array key "project_name"', 'APPPATH\\Controllers\\Timesheet.php', 279)
 2 APPPATH\Controllers\Timesheet.php(264): App\Controllers\Timesheet->validateFormData([...])
 3 SYSTEMPATH\CodeIgniter.php(934): App\Controllers\Timesheet->ajaxValidation()
 4 SYSTEMPATH\CodeIgniter.php(499): CodeIgniter\CodeIgniter->runController(Object(App\Controllers\Timesheet))
 5 SYSTEMPATH\CodeIgniter.php(368): CodeIgniter\CodeIgniter->handleRequest(null, Object(Config\Cache), false)
 6 FCPATH\index.php(75): CodeIgniter\CodeIgniter->run()
CRITICAL - 2023-06-07 15:54:39 --> Undefined array key "project_name"
in APPPATH\Controllers\Timesheet.php on line 279.
 1 APPPATH\Controllers\Timesheet.php(279): CodeIgniter\Debug\Exceptions->errorHandler(2, 'Undefined array key "project_name"', 'APPPATH\\Controllers\\Timesheet.php', 279)
 2 APPPATH\Controllers\Timesheet.php(264): App\Controllers\Timesheet->validateFormData([...])
 3 SYSTEMPATH\CodeIgniter.php(934): App\Controllers\Timesheet->ajaxValidation()
 4 SYSTEMPATH\CodeIgniter.php(499): CodeIgniter\CodeIgniter->runController(Object(App\Controllers\Timesheet))
 5 SYSTEMPATH\CodeIgniter.php(368): CodeIgniter\CodeIgniter->handleRequest(null, Object(Config\Cache), false)
 6 FCPATH\index.php(75): CodeIgniter\CodeIgniter->run()
CRITICAL - 2023-06-07 15:56:01 --> Cannot access offset of type string on string
in APPPATH\Controllers\Timesheet.php on line 282.
 1 APPPATH\Controllers\Timesheet.php(267): App\Controllers\Timesheet->validateFormData('date=2023-06-07&counter=1&row_id_1=142&project_id_1=102&module_1=login&task_1=%3Cp%3Esddddddddd%3Cstrong%3Edddddddddddddddddddddddddddddd%3C%2Fstrong%3E%3C%2Fp%3E&status_1=In+progress&hours_1=2&deleted_row=&honeypot=')
 2 SYSTEMPATH\CodeIgniter.php(934): App\Controllers\Timesheet->ajaxValidation()
 3 SYSTEMPATH\CodeIgniter.php(499): CodeIgniter\CodeIgniter->runController(Object(App\Controllers\Timesheet))
 4 SYSTEMPATH\CodeIgniter.php(368): CodeIgniter\CodeIgniter->handleRequest(null, Object(Config\Cache), false)
 5 FCPATH\index.php(75): CodeIgniter\CodeIgniter->run()
CRITICAL - 2023-06-07 15:56:08 --> Cannot access offset of type string on string
in APPPATH\Controllers\Timesheet.php on line 282.
 1 APPPATH\Controllers\Timesheet.php(267): App\Controllers\Timesheet->validateFormData('date=2023-06-07&counter=1&row_id_1=142&project_id_1=102&module_1=login&task_1=%3Cp%3Esddddddddd%3Cstrong%3Edddddddddddddddddddddddddddddd%3C%2Fstrong%3E%3C%2Fp%3E&status_1=In+progress&hours_1=2&deleted_row=&honeypot=')
 2 SYSTEMPATH\CodeIgniter.php(934): App\Controllers\Timesheet->ajaxValidation()
 3 SYSTEMPATH\CodeIgniter.php(499): CodeIgniter\CodeIgniter->runController(Object(App\Controllers\Timesheet))
 4 SYSTEMPATH\CodeIgniter.php(368): CodeIgniter\CodeIgniter->handleRequest(null, Object(Config\Cache), false)
 5 FCPATH\index.php(75): CodeIgniter\CodeIgniter->run()
CRITICAL - 2023-06-07 15:56:31 --> unserialize(): Argument #1 ($data) must be of type string, array given
in APPPATH\Controllers\Timesheet.php on line 275.
 1 APPPATH\Controllers\Timesheet.php(275): unserialize([...])
 2 APPPATH\Controllers\Timesheet.php(262): App\Controllers\Timesheet->validateFormData([...])
 3 SYSTEMPATH\CodeIgniter.php(934): App\Controllers\Timesheet->ajaxValidation()
 4 SYSTEMPATH\CodeIgniter.php(499): CodeIgniter\CodeIgniter->runController(Object(App\Controllers\Timesheet))
 5 SYSTEMPATH\CodeIgniter.php(368): CodeIgniter\CodeIgniter->handleRequest(null, Object(Config\Cache), false)
 6 FCPATH\index.php(75): CodeIgniter\CodeIgniter->run()
CRITICAL - 2023-06-07 15:56:45 --> unserialize(): Argument #1 ($data) must be of type string, array given
in APPPATH\Controllers\Timesheet.php on line 275.
 1 APPPATH\Controllers\Timesheet.php(275): unserialize([...])
 2 APPPATH\Controllers\Timesheet.php(262): App\Controllers\Timesheet->validateFormData([...])
 3 SYSTEMPATH\CodeIgniter.php(934): App\Controllers\Timesheet->ajaxValidation()
 4 SYSTEMPATH\CodeIgniter.php(499): CodeIgniter\CodeIgniter->runController(Object(App\Controllers\Timesheet))
 5 SYSTEMPATH\CodeIgniter.php(368): CodeIgniter\CodeIgniter->handleRequest(null, Object(Config\Cache), false)
 6 FCPATH\index.php(75): CodeIgniter\CodeIgniter->run()
CRITICAL - 2023-06-07 15:57:12 --> unserialize(): Argument #1 ($data) must be of type string, array given
in APPPATH\Controllers\Timesheet.php on line 277.
 1 APPPATH\Controllers\Timesheet.php(277): unserialize([...])
 2 APPPATH\Controllers\Timesheet.php(265): App\Controllers\Timesheet->validateFormData([...])
 3 SYSTEMPATH\CodeIgniter.php(934): App\Controllers\Timesheet->ajaxValidation()
 4 SYSTEMPATH\CodeIgniter.php(499): CodeIgniter\CodeIgniter->runController(Object(App\Controllers\Timesheet))
 5 SYSTEMPATH\CodeIgniter.php(368): CodeIgniter\CodeIgniter->handleRequest(null, Object(Config\Cache), false)
 6 FCPATH\index.php(75): CodeIgniter\CodeIgniter->run()
CRITICAL - 2023-06-07 15:58:12 --> Cannot access offset of type string on string
in APPPATH\Controllers\Timesheet.php on line 280.
 1 APPPATH\Controllers\Timesheet.php(265): App\Controllers\Timesheet->validateFormData([...])
 2 SYSTEMPATH\CodeIgniter.php(934): App\Controllers\Timesheet->ajaxValidation()
 3 SYSTEMPATH\CodeIgniter.php(499): CodeIgniter\CodeIgniter->runController(Object(App\Controllers\Timesheet))
 4 SYSTEMPATH\CodeIgniter.php(368): CodeIgniter\CodeIgniter->handleRequest(null, Object(Config\Cache), false)
 5 FCPATH\index.php(75): CodeIgniter\CodeIgniter->run()
CRITICAL - 2023-06-07 16:01:09 --> Undefined array key "project_name"
in APPPATH\Controllers\Timesheet.php on line 277.
 1 APPPATH\Controllers\Timesheet.php(277): CodeIgniter\Debug\Exceptions->errorHandler(2, 'Undefined array key "project_name"', 'APPPATH\\Controllers\\Timesheet.php', 277)
 2 APPPATH\Controllers\Timesheet.php(266): App\Controllers\Timesheet->validateFormData([...])
 3 SYSTEMPATH\CodeIgniter.php(934): App\Controllers\Timesheet->ajaxValidation()
 4 SYSTEMPATH\CodeIgniter.php(499): CodeIgniter\CodeIgniter->runController(Object(App\Controllers\Timesheet))
 5 SYSTEMPATH\CodeIgniter.php(368): CodeIgniter\CodeIgniter->handleRequest(null, Object(Config\Cache), false)
 6 FCPATH\index.php(75): CodeIgniter\CodeIgniter->run()
CRITICAL - 2023-06-07 16:01:51 --> Undefined array key "project_name"
in APPPATH\Controllers\Timesheet.php on line 278.
 1 APPPATH\Controllers\Timesheet.php(278): CodeIgniter\Debug\Exceptions->errorHandler(2, 'Undefined array key "project_name"', 'APPPATH\\Controllers\\Timesheet.php', 278)
 2 APPPATH\Controllers\Timesheet.php(267): App\Controllers\Timesheet->validateFormData([...])
 3 SYSTEMPATH\CodeIgniter.php(934): App\Controllers\Timesheet->ajaxValidation()
 4 SYSTEMPATH\CodeIgniter.php(499): CodeIgniter\CodeIgniter->runController(Object(App\Controllers\Timesheet))
 5 SYSTEMPATH\CodeIgniter.php(368): CodeIgniter\CodeIgniter->handleRequest(null, Object(Config\Cache), false)
 6 FCPATH\index.php(75): CodeIgniter\CodeIgniter->run()
CRITICAL - 2023-06-07 16:02:41 --> Undefined array key "project_name"
in APPPATH\Controllers\Timesheet.php on line 278.
 1 APPPATH\Controllers\Timesheet.php(278): CodeIgniter\Debug\Exceptions->errorHandler(2, 'Undefined array key "project_name"', 'APPPATH\\Controllers\\Timesheet.php', 278)
 2 APPPATH\Controllers\Timesheet.php(267): App\Controllers\Timesheet->validateFormData([...])
 3 SYSTEMPATH\CodeIgniter.php(934): App\Controllers\Timesheet->ajaxValidation()
 4 SYSTEMPATH\CodeIgniter.php(499): CodeIgniter\CodeIgniter->runController(Object(App\Controllers\Timesheet))
 5 SYSTEMPATH\CodeIgniter.php(368): CodeIgniter\CodeIgniter->handleRequest(null, Object(Config\Cache), false)
 6 FCPATH\index.php(75): CodeIgniter\CodeIgniter->run()
CRITICAL - 2023-06-07 16:03:05 --> Undefined array key "project_name"
in APPPATH\Controllers\Timesheet.php on line 278.
 1 APPPATH\Controllers\Timesheet.php(278): CodeIgniter\Debug\Exceptions->errorHandler(2, 'Undefined array key "project_name"', 'APPPATH\\Controllers\\Timesheet.php', 278)
 2 APPPATH\Controllers\Timesheet.php(267): App\Controllers\Timesheet->validateFormData([...])
 3 SYSTEMPATH\CodeIgniter.php(934): App\Controllers\Timesheet->ajaxValidation()
 4 SYSTEMPATH\CodeIgniter.php(499): CodeIgniter\CodeIgniter->runController(Object(App\Controllers\Timesheet))
 5 SYSTEMPATH\CodeIgniter.php(368): CodeIgniter\CodeIgniter->handleRequest(null, Object(Config\Cache), false)
 6 FCPATH\index.php(75): CodeIgniter\CodeIgniter->run()
CRITICAL - 2023-06-07 16:03:29 --> Undefined array key "project_name"
in APPPATH\Controllers\Timesheet.php on line 278.
 1 APPPATH\Controllers\Timesheet.php(278): CodeIgniter\Debug\Exceptions->errorHandler(2, 'Undefined array key "project_name"', 'APPPATH\\Controllers\\Timesheet.php', 278)
 2 APPPATH\Controllers\Timesheet.php(267): App\Controllers\Timesheet->validateFormData([...])
 3 SYSTEMPATH\CodeIgniter.php(934): App\Controllers\Timesheet->ajaxValidation()
 4 SYSTEMPATH\CodeIgniter.php(499): CodeIgniter\CodeIgniter->runController(Object(App\Controllers\Timesheet))
 5 SYSTEMPATH\CodeIgniter.php(368): CodeIgniter\CodeIgniter->handleRequest(null, Object(Config\Cache), false)
 6 FCPATH\index.php(75): CodeIgniter\CodeIgniter->run()
CRITICAL - 2023-06-07 16:30:04 --> Undefined array key "project_name"
in APPPATH\Controllers\Timesheet.php on line 278.
 1 APPPATH\Controllers\Timesheet.php(278): CodeIgniter\Debug\Exceptions->errorHandler(2, 'Undefined array key "project_name"', 'APPPATH\\Controllers\\Timesheet.php', 278)
 2 APPPATH\Controllers\Timesheet.php(267): App\Controllers\Timesheet->validateFormData([...])
 3 SYSTEMPATH\CodeIgniter.php(934): App\Controllers\Timesheet->ajaxValidation()
 4 SYSTEMPATH\CodeIgniter.php(499): CodeIgniter\CodeIgniter->runController(Object(App\Controllers\Timesheet))
 5 SYSTEMPATH\CodeIgniter.php(368): CodeIgniter\CodeIgniter->handleRequest(null, Object(Config\Cache), false)
 6 FCPATH\index.php(75): CodeIgniter\CodeIgniter->run()
CRITICAL - 2023-06-07 16:30:17 --> Undefined array key "project_name"
in APPPATH\Controllers\Timesheet.php on line 278.
 1 APPPATH\Controllers\Timesheet.php(278): CodeIgniter\Debug\Exceptions->errorHandler(2, 'Undefined array key "project_name"', 'APPPATH\\Controllers\\Timesheet.php', 278)
 2 APPPATH\Controllers\Timesheet.php(267): App\Controllers\Timesheet->validateFormData([...])
 3 SYSTEMPATH\CodeIgniter.php(934): App\Controllers\Timesheet->ajaxValidation()
 4 SYSTEMPATH\CodeIgniter.php(499): CodeIgniter\CodeIgniter->runController(Object(App\Controllers\Timesheet))
 5 SYSTEMPATH\CodeIgniter.php(368): CodeIgniter\CodeIgniter->handleRequest(null, Object(Config\Cache), false)
 6 FCPATH\index.php(75): CodeIgniter\CodeIgniter->run()
CRITICAL - 2023-06-07 16:32:58 --> Undefined array key "project_name"
in APPPATH\Controllers\Timesheet.php on line 278.
 1 APPPATH\Controllers\Timesheet.php(278): CodeIgniter\Debug\Exceptions->errorHandler(2, 'Undefined array key "project_name"', 'APPPATH\\Controllers\\Timesheet.php', 278)
 2 APPPATH\Controllers\Timesheet.php(267): App\Controllers\Timesheet->validateFormData([...])
 3 SYSTEMPATH\CodeIgniter.php(934): App\Controllers\Timesheet->ajaxValidation()
 4 SYSTEMPATH\CodeIgniter.php(499): CodeIgniter\CodeIgniter->runController(Object(App\Controllers\Timesheet))
 5 SYSTEMPATH\CodeIgniter.php(368): CodeIgniter\CodeIgniter->handleRequest(null, Object(Config\Cache), false)
 6 FCPATH\index.php(75): CodeIgniter\CodeIgniter->run()
CRITICAL - 2023-06-07 16:38:25 --> Undefined array key "project_name"
in APPPATH\Controllers\Timesheet.php on line 278.
 1 APPPATH\Controllers\Timesheet.php(278): CodeIgniter\Debug\Exceptions->errorHandler(2, 'Undefined array key "project_name"', 'APPPATH\\Controllers\\Timesheet.php', 278)
 2 APPPATH\Controllers\Timesheet.php(267): App\Controllers\Timesheet->validateFormData([])
 3 SYSTEMPATH\CodeIgniter.php(934): App\Controllers\Timesheet->ajaxValidation()
 4 SYSTEMPATH\CodeIgniter.php(499): CodeIgniter\CodeIgniter->runController(Object(App\Controllers\Timesheet))
 5 SYSTEMPATH\CodeIgniter.php(368): CodeIgniter\CodeIgniter->handleRequest(null, Object(Config\Cache), false)
 6 FCPATH\index.php(75): CodeIgniter\CodeIgniter->run()
CRITICAL - 2023-06-07 16:38:46 --> Undefined array key "project_name"
in APPPATH\Controllers\Timesheet.php on line 278.
 1 APPPATH\Controllers\Timesheet.php(278): CodeIgniter\Debug\Exceptions->errorHandler(2, 'Undefined array key "project_name"', 'APPPATH\\Controllers\\Timesheet.php', 278)
 2 APPPATH\Controllers\Timesheet.php(267): App\Controllers\Timesheet->validateFormData([])
 3 SYSTEMPATH\CodeIgniter.php(934): App\Controllers\Timesheet->ajaxValidation()
 4 SYSTEMPATH\CodeIgniter.php(499): CodeIgniter\CodeIgniter->runController(Object(App\Controllers\Timesheet))
 5 SYSTEMPATH\CodeIgniter.php(368): CodeIgniter\CodeIgniter->handleRequest(null, Object(Config\Cache), false)
 6 FCPATH\index.php(75): CodeIgniter\CodeIgniter->run()
CRITICAL - 2023-06-07 16:40:22 --> Undefined array key "project_name"
in APPPATH\Controllers\Timesheet.php on line 278.
 1 APPPATH\Controllers\Timesheet.php(278): CodeIgniter\Debug\Exceptions->errorHandler(2, 'Undefined array key "project_name"', 'APPPATH\\Controllers\\Timesheet.php', 278)
 2 APPPATH\Controllers\Timesheet.php(267): App\Controllers\Timesheet->validateFormData([...])
 3 SYSTEMPATH\CodeIgniter.php(934): App\Controllers\Timesheet->ajaxValidation()
 4 SYSTEMPATH\CodeIgniter.php(499): CodeIgniter\CodeIgniter->runController(Object(App\Controllers\Timesheet))
 5 SYSTEMPATH\CodeIgniter.php(368): CodeIgniter\CodeIgniter->handleRequest(null, Object(Config\Cache), false)
 6 FCPATH\index.php(75): CodeIgniter\CodeIgniter->run()
CRITICAL - 2023-06-07 16:40:31 --> Undefined array key "project_name"
in APPPATH\Controllers\Timesheet.php on line 278.
 1 APPPATH\Controllers\Timesheet.php(278): CodeIgniter\Debug\Exceptions->errorHandler(2, 'Undefined array key "project_name"', 'APPPATH\\Controllers\\Timesheet.php', 278)
 2 APPPATH\Controllers\Timesheet.php(267): App\Controllers\Timesheet->validateFormData([...])
 3 SYSTEMPATH\CodeIgniter.php(934): App\Controllers\Timesheet->ajaxValidation()
 4 SYSTEMPATH\CodeIgniter.php(499): CodeIgniter\CodeIgniter->runController(Object(App\Controllers\Timesheet))
 5 SYSTEMPATH\CodeIgniter.php(368): CodeIgniter\CodeIgniter->handleRequest(null, Object(Config\Cache), false)
 6 FCPATH\index.php(75): CodeIgniter\CodeIgniter->run()
CRITICAL - 2023-06-07 16:50:31 --> Undefined array key "project_name"
in APPPATH\Controllers\Timesheet.php on line 278.
 1 APPPATH\Controllers\Timesheet.php(278): CodeIgniter\Debug\Exceptions->errorHandler(2, 'Undefined array key "project_name"', 'APPPATH\\Controllers\\Timesheet.php', 278)
 2 APPPATH\Controllers\Timesheet.php(267): App\Controllers\Timesheet->validateFormData([...])
 3 SYSTEMPATH\CodeIgniter.php(934): App\Controllers\Timesheet->ajaxValidation()
 4 SYSTEMPATH\CodeIgniter.php(499): CodeIgniter\CodeIgniter->runController(Object(App\Controllers\Timesheet))
 5 SYSTEMPATH\CodeIgniter.php(368): CodeIgniter\CodeIgniter->handleRequest(null, Object(Config\Cache), false)
 6 FCPATH\index.php(75): CodeIgniter\CodeIgniter->run()
CRITICAL - 2023-06-07 16:51:40 --> Undefined array key "project_name"
in APPPATH\Controllers\Timesheet.php on line 278.
 1 APPPATH\Controllers\Timesheet.php(278): CodeIgniter\Debug\Exceptions->errorHandler(2, 'Undefined array key "project_name"', 'APPPATH\\Controllers\\Timesheet.php', 278)
 2 APPPATH\Controllers\Timesheet.php(267): App\Controllers\Timesheet->validateFormData([...])
 3 SYSTEMPATH\CodeIgniter.php(934): App\Controllers\Timesheet->ajaxValidation()
 4 SYSTEMPATH\CodeIgniter.php(499): CodeIgniter\CodeIgniter->runController(Object(App\Controllers\Timesheet))
 5 SYSTEMPATH\CodeIgniter.php(368): CodeIgniter\CodeIgniter->handleRequest(null, Object(Config\Cache), false)
 6 FCPATH\index.php(75): CodeIgniter\CodeIgniter->run()
CRITICAL - 2023-06-07 16:51:59 --> Undefined array key "project_name"
in APPPATH\Controllers\Timesheet.php on line 278.
 1 APPPATH\Controllers\Timesheet.php(278): CodeIgniter\Debug\Exceptions->errorHandler(2, 'Undefined array key "project_name"', 'APPPATH\\Controllers\\Timesheet.php', 278)
 2 APPPATH\Controllers\Timesheet.php(267): App\Controllers\Timesheet->validateFormData([...])
 3 SYSTEMPATH\CodeIgniter.php(934): App\Controllers\Timesheet->ajaxValidation()
 4 SYSTEMPATH\CodeIgniter.php(499): CodeIgniter\CodeIgniter->runController(Object(App\Controllers\Timesheet))
 5 SYSTEMPATH\CodeIgniter.php(368): CodeIgniter\CodeIgniter->handleRequest(null, Object(Config\Cache), false)
 6 FCPATH\index.php(75): CodeIgniter\CodeIgniter->run()
CRITICAL - 2023-06-07 16:52:03 --> Undefined array key "project_name"
in APPPATH\Controllers\Timesheet.php on line 278.
 1 APPPATH\Controllers\Timesheet.php(278): CodeIgniter\Debug\Exceptions->errorHandler(2, 'Undefined array key "project_name"', 'APPPATH\\Controllers\\Timesheet.php', 278)
 2 APPPATH\Controllers\Timesheet.php(267): App\Controllers\Timesheet->validateFormData([...])
 3 SYSTEMPATH\CodeIgniter.php(934): App\Controllers\Timesheet->ajaxValidation()
 4 SYSTEMPATH\CodeIgniter.php(499): CodeIgniter\CodeIgniter->runController(Object(App\Controllers\Timesheet))
 5 SYSTEMPATH\CodeIgniter.php(368): CodeIgniter\CodeIgniter->handleRequest(null, Object(Config\Cache), false)
 6 FCPATH\index.php(75): CodeIgniter\CodeIgniter->run()
CRITICAL - 2023-06-07 16:52:04 --> Undefined array key "project_name"
in APPPATH\Controllers\Timesheet.php on line 278.
 1 APPPATH\Controllers\Timesheet.php(278): CodeIgniter\Debug\Exceptions->errorHandler(2, 'Undefined array key "project_name"', 'APPPATH\\Controllers\\Timesheet.php', 278)
 2 APPPATH\Controllers\Timesheet.php(267): App\Controllers\Timesheet->validateFormData([...])
 3 SYSTEMPATH\CodeIgniter.php(934): App\Controllers\Timesheet->ajaxValidation()
 4 SYSTEMPATH\CodeIgniter.php(499): CodeIgniter\CodeIgniter->runController(Object(App\Controllers\Timesheet))
 5 SYSTEMPATH\CodeIgniter.php(368): CodeIgniter\CodeIgniter->handleRequest(null, Object(Config\Cache), false)
 6 FCPATH\index.php(75): CodeIgniter\CodeIgniter->run()
CRITICAL - 2023-06-07 16:54:24 --> Undefined array key "project_name"
in APPPATH\Controllers\Timesheet.php on line 278.
 1 APPPATH\Controllers\Timesheet.php(278): CodeIgniter\Debug\Exceptions->errorHandler(2, 'Undefined array key "project_name"', 'APPPATH\\Controllers\\Timesheet.php', 278)
 2 APPPATH\Controllers\Timesheet.php(267): App\Controllers\Timesheet->validateFormData([...])
 3 SYSTEMPATH\CodeIgniter.php(934): App\Controllers\Timesheet->ajaxValidation()
 4 SYSTEMPATH\CodeIgniter.php(499): CodeIgniter\CodeIgniter->runController(Object(App\Controllers\Timesheet))
 5 SYSTEMPATH\CodeIgniter.php(368): CodeIgniter\CodeIgniter->handleRequest(null, Object(Config\Cache), false)
 6 FCPATH\index.php(75): CodeIgniter\CodeIgniter->run()
CRITICAL - 2023-06-07 17:03:35 --> Undefined array key "project_name"
in APPPATH\Controllers\Timesheet.php on line 278.
 1 APPPATH\Controllers\Timesheet.php(278): CodeIgniter\Debug\Exceptions->errorHandler(2, 'Undefined array key "project_name"', 'APPPATH\\Controllers\\Timesheet.php', 278)
 2 APPPATH\Controllers\Timesheet.php(267): App\Controllers\Timesheet->validateFormData([...])
 3 SYSTEMPATH\CodeIgniter.php(934): App\Controllers\Timesheet->ajaxValidation()
 4 SYSTEMPATH\CodeIgniter.php(499): CodeIgniter\CodeIgniter->runController(Object(App\Controllers\Timesheet))
 5 SYSTEMPATH\CodeIgniter.php(368): CodeIgniter\CodeIgniter->handleRequest(null, Object(Config\Cache), false)
 6 FCPATH\index.php(75): CodeIgniter\CodeIgniter->run()
CRITICAL - 2023-06-07 17:05:25 --> Undefined array key "project_name"
in APPPATH\Controllers\Timesheet.php on line 278.
 1 APPPATH\Controllers\Timesheet.php(278): CodeIgniter\Debug\Exceptions->errorHandler(2, 'Undefined array key "project_name"', 'APPPATH\\Controllers\\Timesheet.php', 278)
 2 APPPATH\Controllers\Timesheet.php(267): App\Controllers\Timesheet->validateFormData([...])
 3 SYSTEMPATH\CodeIgniter.php(934): App\Controllers\Timesheet->ajaxValidation()
 4 SYSTEMPATH\CodeIgniter.php(499): CodeIgniter\CodeIgniter->runController(Object(App\Controllers\Timesheet))
 5 SYSTEMPATH\CodeIgniter.php(368): CodeIgniter\CodeIgniter->handleRequest(null, Object(Config\Cache), false)
 6 FCPATH\index.php(75): CodeIgniter\CodeIgniter->run()
CRITICAL - 2023-06-07 17:10:40 --> Undefined array key "project_name"
in APPPATH\Controllers\Timesheet.php on line 278.
 1 APPPATH\Controllers\Timesheet.php(278): CodeIgniter\Debug\Exceptions->errorHandler(2, 'Undefined array key "project_name"', 'APPPATH\\Controllers\\Timesheet.php', 278)
 2 APPPATH\Controllers\Timesheet.php(267): App\Controllers\Timesheet->validateFormData([...])
 3 SYSTEMPATH\CodeIgniter.php(934): App\Controllers\Timesheet->ajaxValidation()
 4 SYSTEMPATH\CodeIgniter.php(499): CodeIgniter\CodeIgniter->runController(Object(App\Controllers\Timesheet))
 5 SYSTEMPATH\CodeIgniter.php(368): CodeIgniter\CodeIgniter->handleRequest(null, Object(Config\Cache), false)
 6 FCPATH\index.php(75): CodeIgniter\CodeIgniter->run()
CRITICAL - 2023-06-07 17:17:15 --> Undefined array key "project_name"
in APPPATH\Controllers\Timesheet.php on line 278.
 1 APPPATH\Controllers\Timesheet.php(278): CodeIgniter\Debug\Exceptions->errorHandler(2, 'Undefined array key "project_name"', 'APPPATH\\Controllers\\Timesheet.php', 278)
 2 APPPATH\Controllers\Timesheet.php(267): App\Controllers\Timesheet->validateFormData([...])
 3 SYSTEMPATH\CodeIgniter.php(934): App\Controllers\Timesheet->ajaxValidation()
 4 SYSTEMPATH\CodeIgniter.php(499): CodeIgniter\CodeIgniter->runController(Object(App\Controllers\Timesheet))
 5 SYSTEMPATH\CodeIgniter.php(368): CodeIgniter\CodeIgniter->handleRequest(null, Object(Config\Cache), false)
 6 FCPATH\index.php(75): CodeIgniter\CodeIgniter->run()
CRITICAL - 2023-06-07 18:10:18 --> Undefined variable $fullContent
in APPPATH\Views\emptimesheet.php on line 196.
 1 APPPATH\Views\emptimesheet.php(196): CodeIgniter\Debug\Exceptions->errorHandler(2, 'Undefined variable $fullContent', 'APPPATH\\Views\\emptimesheet.php', 196)
 2 SYSTEMPATH\View\View.php(213): include('APPPATH\\Views\\emptimesheet.php')
 3 SYSTEMPATH\View\View.php(216): CodeIgniter\View\View->CodeIgniter\View\{closure}()
 4 SYSTEMPATH\Common.php(1184): CodeIgniter\View\View->render('emptimesheet', [], true)
 5 APPPATH\Controllers\Timesheet.php(201): view('emptimesheet', [...])
 6 SYSTEMPATH\CodeIgniter.php(934): App\Controllers\Timesheet->my_timesheets()
 7 SYSTEMPATH\CodeIgniter.php(499): CodeIgniter\CodeIgniter->runController(Object(App\Controllers\Timesheet))
 8 SYSTEMPATH\CodeIgniter.php(368): CodeIgniter\CodeIgniter->handleRequest(null, Object(Config\Cache), false)
 9 FCPATH\index.php(75): CodeIgniter\CodeIgniter->run()
CRITICAL - 2023-06-07 18:10:27 --> Undefined variable $fullContent
in APPPATH\Views\emptimesheet.php on line 196.
 1 APPPATH\Views\emptimesheet.php(196): CodeIgniter\Debug\Exceptions->errorHandler(2, 'Undefined variable $fullContent', 'APPPATH\\Views\\emptimesheet.php', 196)
 2 SYSTEMPATH\View\View.php(213): include('APPPATH\\Views\\emptimesheet.php')
 3 SYSTEMPATH\View\View.php(216): CodeIgniter\View\View->CodeIgniter\View\{closure}()
 4 SYSTEMPATH\Common.php(1184): CodeIgniter\View\View->render('emptimesheet', [], true)
 5 APPPATH\Controllers\Timesheet.php(201): view('emptimesheet', [...])
 6 SYSTEMPATH\CodeIgniter.php(934): App\Controllers\Timesheet->my_timesheets()
 7 SYSTEMPATH\CodeIgniter.php(499): CodeIgniter\CodeIgniter->runController(Object(App\Controllers\Timesheet))
 8 SYSTEMPATH\CodeIgniter.php(368): CodeIgniter\CodeIgniter->handleRequest(null, Object(Config\Cache), false)
 9 FCPATH\index.php(75): CodeIgniter\CodeIgniter->run()
CRITICAL - 2023-06-07 18:10:27 --> Undefined variable $fullContent
in APPPATH\Views\emptimesheet.php on line 196.
 1 APPPATH\Views\emptimesheet.php(196): CodeIgniter\Debug\Exceptions->errorHandler(2, 'Undefined variable $fullContent', 'APPPATH\\Views\\emptimesheet.php', 196)
 2 SYSTEMPATH\View\View.php(213): include('APPPATH\\Views\\emptimesheet.php')
 3 SYSTEMPATH\View\View.php(216): CodeIgniter\View\View->CodeIgniter\View\{closure}()
 4 SYSTEMPATH\Common.php(1184): CodeIgniter\View\View->render('emptimesheet', [], true)
 5 APPPATH\Controllers\Timesheet.php(201): view('emptimesheet', [...])
 6 SYSTEMPATH\CodeIgniter.php(934): App\Controllers\Timesheet->my_timesheets()
 7 SYSTEMPATH\CodeIgniter.php(499): CodeIgniter\CodeIgniter->runController(Object(App\Controllers\Timesheet))
 8 SYSTEMPATH\CodeIgniter.php(368): CodeIgniter\CodeIgniter->handleRequest(null, Object(Config\Cache), false)
 9 FCPATH\index.php(75): CodeIgniter\CodeIgniter->run()
CRITICAL - 2023-06-07 18:31:25 --> Undefined array key "project_name"
in APPPATH\Controllers\Timesheet.php on line 278.
 1 APPPATH\Controllers\Timesheet.php(278): CodeIgniter\Debug\Exceptions->errorHandler(2, 'Undefined array key "project_name"', 'APPPATH\\Controllers\\Timesheet.php', 278)
 2 APPPATH\Controllers\Timesheet.php(267): App\Controllers\Timesheet->validateFormData([...])
 3 SYSTEMPATH\CodeIgniter.php(934): App\Controllers\Timesheet->ajaxValidation()
 4 SYSTEMPATH\CodeIgniter.php(499): CodeIgniter\CodeIgniter->runController(Object(App\Controllers\Timesheet))
 5 SYSTEMPATH\CodeIgniter.php(368): CodeIgniter\CodeIgniter->handleRequest(null, Object(Config\Cache), false)
 6 FCPATH\index.php(75): CodeIgniter\CodeIgniter->run()
